C51 COMPILER V9.59.0.0   MAIN                                                              05/03/2019 15:22:51 PAGE 1   


C51 COMPILER V9.59.0.0, COMPILATION OF MODULE MAIN
OBJECT MODULE PLACED IN ..\OBJ\main.obj
COMPILER INVOKED BY: C:\Keil_v5\C51\BIN\C51.EXE main.c LARGE OPTIMIZE(8,SPEED) BROWSE INCDIR(..\HARDWARE\INC) DEBUG OBJE
                    -CTEXTEND TABS(2) OBJECT(..\OBJ\main.obj)

line level    source

   1          #include<reg52.h>
   2          #include<ds1302.h>
   3          #include<ds18b20.h>                  //k4Ω¯»Îµ˜’˚…Ë÷√              k3µ˜’˚ ±º‰      
   4          #include<lcd1602.h>                  //k2ƒ÷÷””Î ±º‰ΩÁ√Ê«–ªª    k1ƒ÷÷”µƒ∆ÙÕ£
   5          #include<buling.h>
   6          #include<iic.h>
   7          #include<intrins.h>
   8          
   9          sbit k1=P3^1;//ø™
  10          sbit k2=P3^0;//πÿ
  11          sbit k3=P3^2;//∂®
  12          sbit k4=P3^3;//“Â
  13          
  14          sbit beep=P1^5;//∑‰√˘∆˜∂®“Â
  15          
  16          uchar code logo1[]=" MADE  BY ";//logo
  17          uchar code logo2[]="Li yaolong";//logo
  18          uchar alarm[]="00:00";//ƒ÷÷” ±º‰
  19          uchar temper[5];  //Œ¬∂»
  20          uchar time_lcd[]="00:00:00";// µ ± ±º‰      
  21          uchar date_lcd[]="2000-00-00"; // µ ±»’∆⁄
  22          
  23          uchar code readdate_ctrl[]={0x81,0x83,0x85,0x8b,0x87,0x89,0x8d};  //∂¡”√ ˝◊È 
  24          uchar code writedate_ctrl[]={0x80,0x82,0x84,0x8a,0x86,0x88,0x8c}; //–¥”√ ˝◊È 
  25          
  26          uchar code zi[3][8]={{0x10,0x06,0x09,0x08,0x08,0x09,0x06,0x00}, //…„ œ∂»Õº±Í
  27                  {0x0A,0x1F,0x15,0x17,0x11,0x0E,0x1B,0x00},  //ƒ÷÷”Õº±Í
  28                  {0x00,0x04,0x0E,0x1F,0x1F,0x1F,0x00,0x00}}; //—°÷–Õº±Í
  29          
  30          uchar code week_lcd[][6]={{"error"},{"Mon."},{"Tues."},{"Wed."},{"Thur."},{"Fri."},{"Sat."},{"Sun."}};  //–
             -«∆⁄œ‘ æ∂˛Œ¨ ˝◊È
  31          
  32          //#define count 50000
  33          //#define thx (65536-count)/256 //∂® ±∆˜ ≥ı÷µ  ‘› ±Œ¥”√
  34          //#define tlx (65536-count)%256
  35          
  36          uchar flag=0,flag1=0,flag2=0,flag3=0,ii=0;      // flag: ±º‰π‚±Íº∞ ±º‰µ˜’˚øÿ÷∆±‰¡ø
  37                                         //flag1:∆¡ƒª«–ªª±‰¡ø
  38          uint min=0,hour=0;                     //flag2:ƒ÷÷”π‚±Íº∞ ±º‰µ˜’˚±‰¡ø
  39                                          //ii:ƒ÷÷”∆ÙÕ£±‰¡ø
  40          void delay6s()//ø™ª˙logoŒ¨≥÷”√—” ±  6s  
  41          {
  42   1          unsigned char a,b,c;
  43   1          for(c=182;c>0;c--)
  44   1              for(b=164;b>0;b--)
  45   1                  for(a=99;a>0;a--);
  46   1          _nop_();  //if Keil,require use intrins.h
  47   1      }
  48          void logo()//ø™ª˙logoœ‘ æ 
  49          {
  50   1        uint k1,k2=3;
  51   1        for(k1=0;logo1[k1]!='\0';k1++)
  52   1        {
  53   2          lcd1602_X_Y(1,k2++,logo1[k1]);
C51 COMPILER V9.59.0.0   MAIN                                                              05/03/2019 15:22:51 PAGE 2   

  54   2        } 
  55   1        k2=3;
  56   1        for(k1=0;logo2[k1]!='\0';k1++)
  57   1        {
  58   2          lcd1602_X_Y(2,k2++,logo2[k1]);
  59   2        }delay6s();
  60   1        lcd1602_write_0(0x01);     //œ‘ æ ÕÍ «Â∆¡
  61   1        delay_lcd(2500);
  62   1      }                            
  63          void read_temper(int dat)//Œ¬∂»◊™ªª∫Ø ˝
  64          {
  65   1        float tp;
  66   1        if(dat<0)
  67   1        {
  68   2          temper[0]='-';
  69   2          dat=dat-1;
  70   2          dat=~dat;  //∏∫÷µ-1»°∑¥±‰’˝÷µ 
  71   2          tp=dat;
  72   2          dat=tp*0.0625*10+0.5; 
  73   2        }
  74   1        else
  75   1        {
  76   2          temper[0]=' ';    
  77   2          tp=dat;
  78   2          dat=tp*0.0625*10+0.5;
  79   2        }
  80   1      
  81   1        temper[1]=dat/100%10+'0';
  82   1        temper[2]=dat/10%10+'0';
  83   1        temper[3]='.';
  84   1        temper[4]=dat%10+'0';
  85   1      }
  86          void timer() // ±º‰◊™ªª∫Ø ˝
  87          {
  88   1        read_time();
  89   1      
  90   1        time_lcd[0]=time[3]/16+'0';
  91   1        time_lcd[1]=time[3]%16+'0';
  92   1        time_lcd[3]=time[4]/16+'0';
  93   1        time_lcd[4]=time[4]%16+'0';
  94   1        time_lcd[6]=time[5]/16+'0';
  95   1        time_lcd[7]=time[5]%16+'0';
  96   1      
  97   1        date_lcd[2]=time[0]/16+'0';
  98   1        date_lcd[3]=time[0]%16+'0';
  99   1        date_lcd[5]=time[1]/16+'0';
 100   1        date_lcd[6]=time[1]%16+'0';
 101   1        date_lcd[8]=time[2]/16+'0';
 102   1        date_lcd[9]=time[2]%16+'0';
 103   1      }
 104          
 105          void lcd_display()//LCD1602œ‘ æ∫Ø ˝
 106          { 
 107   1        uint i,j,k=0,g=10;
 108   1        if(flag1==0)
 109   1        { 
 110   2      //******************************************* 
 111   2          for(i=0;date_lcd[i]!='\0';i++)
 112   2          {         
 113   3            lcd1602_X_Y(1,j++,date_lcd[i]);//»’∆⁄œ‘ æ 
 114   3          }j++;
 115   2      //*******************************************
C51 COMPILER V9.59.0.0   MAIN                                                              05/03/2019 15:22:51 PAGE 3   

 116   2          for(i=0;week_lcd[6][i]!='\0';i++)
 117   2          {
 118   3            lcd1602_X_Y(1,j++,week_lcd[time[6]][i]);//–«∆⁄œ‘ æ 
 119   3          }
 120   2      //*******************************************    
 121   2          for(i=0;time_lcd[i]!='\0';i++)
 122   2          {
 123   3            lcd1602_X_Y(2,k++,time_lcd[i]); // ±º‰œ‘ æ
 124   3          }
 125   2      //*******************************************   
 126   2          for(i=0;i<5;i++)
 127   2          {
 128   3            lcd1602_X_Y(2,g++,temper[i]); //Œ¬∂»œ‘ æ
 129   3          }
 130   2        }
 131   1          
 132   1      //*******************************************
 133   1        if(flag==0&&flag1==1)       //µ⁄“ª¥Œ∞¥œ¬k2«Â∆¡ 
 134   1        {
 135   2          lcd1602_write_0(0x01);
 136   2          delay_lcd(2500);
 137   2          lcd1602_write_0(0x01);
 138   2          flag1=2;
 139   2        }
 140   1      
 141   1        if(flag==0&&flag1==2)  //ƒ÷÷”ΩÁ√Êœ‘ æ
 142   1        {
 143   2          lcd1602_write_0(0x48);
 144   2          for(i=0;i<8;i++)
 145   2          {
 146   3             lcd1602_write_1(zi[1][i]);
 147   3          } 
 148   2          lcd1602_write_0(0x80+5);     
 149   2          lcd1602_write_1(0x01);
 150   2          lcd1602_write_0(0x80+6);
 151   2          lcd1602_write_1(alarm[0]);
 152   2          lcd1602_write_0(0x80+7);
 153   2          lcd1602_write_1(alarm[1]);
 154   2          lcd1602_write_0(0x80+8);
 155   2          lcd1602_write_1(alarm[2]);
 156   2          lcd1602_write_0(0x80+9);
 157   2          lcd1602_write_1(alarm[3]);
 158   2          lcd1602_write_0(0x80+10); 
 159   2          lcd1602_write_1(alarm[4]);
 160   2          lcd1602_write_0(0x80);
 161   2          lcd1602_write_1(' ');
 162   2        }
 163   1        if(flag==0&&flag1==3)     //µ⁄∂˛¥Œ ∞¥œ¬k2«Â∆¡
 164   1        {
 165   2          lcd1602_write_0(0x01);
 166   2          delay_lcd(2500);
 167   2          lcd1602_write_0(0x01);
 168   2          flag1=4;
 169   2        }
 170   1        if(flag==0&&flag1==4)   //ªÿµΩ  ≥ı º   ±º‰  ΩÁ√Ê
 171   1        {
 172   2          flag1=0;
 173   2          lcd_zidingyi(zi,8,1);   
 174   2          lcd1602_X_Y(2,15,0x00);
 175   2        }
 176   1        alarm[4]=min%10+'0';   //ƒ÷
 177   1        alarm[3]=min/10+'0';   //÷”
C51 COMPILER V9.59.0.0   MAIN                                                              05/03/2019 15:22:51 PAGE 4   

 178   1        alarm[1]=hour%10+'0';  // ±
 179   1        alarm[0]=hour/10+'0';  //º‰
 180   1      
 181   1        if(flag3==1&&flag1!=2)     //ø™∆Ùƒ÷÷”    ±º‰≈‘ œ‘ æƒ÷÷”–°Õº±Í 
 182   1        {
 183   2          lcd1602_write_0(0x48);
 184   2          for(i=0;i<8;i++)
 185   2          {
 186   3             lcd1602_write_1(zi[1][i]);
 187   3          }
 188   2          lcd1602_write_0(0xc0+8);
 189   2          lcd1602_write_1(0x01);
 190   2        }
 191   1        if(flag3==2)       //πÿ±’ƒ÷÷”    ±º‰≈‘ ≤ªœ‘ æƒ÷÷”–°Õº±Í
 192   1        {
 193   2          lcd1602_write_0(0xc0+8);
 194   2          lcd1602_write_1(' ');
 195   2        }
 196   1        if(flag3==3)    //—≠ª∑∑µªÿ
 197   1        {
 198   2          flag3=1;
 199   2        }
 200   1      }
 201          
 202          void int0_init()//Õ‚≤ø÷–∂œ0∫Õ1 ≥ı ºªØ
 203          {
 204   1        EA=1;EX0=1;IT0=1;
 205   1        EX1=1;IT1=1;
 206   1      }
 207          
 208          void ctrltime()//π‚±Íøÿ÷∆∫Ø ˝
 209          {
 210   1        uchar temp;
 211   1        uint i;
 212   1        if(flag1==0)
 213   1        {
 214   2          if(flag==1)
 215   2          {
 216   3            lcd1602_write_0(0xc0+7);
 217   3            lcd1602_write_0(0x0f);      //π‚±ÍµΩ√ÎŒª÷√
 218   3        
 219   3            ds1302_write(0x8e,0x00);     // ±
 220   3            temp=ds1302_read(0x81);      //º‰
 221   3            ds1302_write(0x80,temp|0x80);  //‘›
 222   3            ds1302_write(0x8e,0x80);     //Õ£
 223   3          }
 224   2          if(flag==2)
 225   2          {
 226   3            lcd1602_write_0(0xc0+4);
 227   3            lcd1602_write_0(0x0f);      //π‚±ÍµΩ∑÷Œª÷√
 228   3          }
 229   2          if(flag==3)
 230   2          {
 231   3            lcd1602_write_0(0xc0+1);
 232   3            lcd1602_write_0(0x0f);       //π‚±ÍµΩ ±Œª÷√
 233   3          }
 234   2          if(flag==4)
 235   2          {
 236   3            lcd1602_write_0(0x80+11);
 237   3            lcd1602_write_0(0x0f);      //π‚±ÍµΩ–«∆⁄Œª÷√
 238   3          }
 239   2          if(flag==5)
C51 COMPILER V9.59.0.0   MAIN                                                              05/03/2019 15:22:51 PAGE 5   

 240   2          {
 241   3            lcd1602_write_0(0x80+9);
 242   3            lcd1602_write_0(0x0f);      //π‚±ÍµΩ»’Œª÷√
 243   3          }
 244   2          if(flag==6)
 245   2          {
 246   3            lcd1602_write_0(0x80+6);
 247   3            lcd1602_write_0(0x0f);      //π‚±ÍµΩ‘¬Œª÷√
 248   3          }
 249   2          if(flag==7)
 250   2          {
 251   3            lcd1602_write_0(0x80+3);
 252   3            lcd1602_write_0(0x0f);      //π‚±ÍµΩƒÍŒª÷√
 253   3          }
 254   2          if(flag>7)
 255   2          {
 256   3            ds1302_write(0x8e,0x00);     // ±
 257   3            temp=ds1302_read(0x81);        //º‰
 258   3            ds1302_write(0x80,temp|0x00);  //∆Ù
 259   3            ds1302_write(0x8e,0x80);     //∂Ø
 260   3            flag=0;
 261   3            lcd1602_write_0(0x0c);
 262   3          }
 263   2        }
 264   1        if(flag==0&&flag1==2&&flag2!=0)
 265   1        {
 266   2          switch(flag2)
 267   2          {
 268   3            case 1:       //π‚±Í  ∂®∏Ò  ‘⁄  ƒ÷÷”…Ë÷√   ∑÷÷”  Œª
 269   3              lcd1602_write_0(0x50);
 270   3              for(i=0;i<8;i++)
 271   3              {
 272   4                 lcd1602_write_1(zi[2][i]);
 273   4              }
 274   3              lcd1602_write_0(0xc0+6);     
 275   3              lcd1602_write_1(' ');
 276   3              lcd1602_write_0(0xc0+7);     
 277   3              lcd1602_write_1(' '); 
 278   3              lcd1602_write_0(0xc0+9);     
 279   3              lcd1602_write_1(0x02);
 280   3              lcd1602_write_0(0xc0+10);    
 281   3              lcd1602_write_1(0x02);   break;
 282   3            case 2:        //π‚±Í  ∂®∏Ò  ‘⁄  ƒ÷÷”…Ë÷√   –° ±  Œª
 283   3              lcd1602_write_0(0xc0+9);     
 284   3              lcd1602_write_1(' ');
 285   3              lcd1602_write_0(0xc0+10);    
 286   3              lcd1602_write_1(' '); 
 287   3              lcd1602_write_0(0xc0+6);     
 288   3              lcd1602_write_1(0x02);
 289   3              lcd1602_write_0(0xc0+7);     
 290   3              lcd1602_write_1(0x02);   break;
 291   3            case 3:       //π‚±Í  —≠ª∑  ∑µªÿ
 292   3              flag2=1;                 break;
 293   3          }   
 294   2        }      
 295   1      }
 296          void key_2()//k2∏¸ªª  ƒ÷÷” …Ë÷√ΩÁ√Ê
 297          {
 298   1        if(k2==0)
 299   1        {
 300   2          delay_lcd(2000);
 301   2          if(k2==0)
C51 COMPILER V9.59.0.0   MAIN                                                              05/03/2019 15:22:51 PAGE 6   

 302   2          {
 303   3            if(flag==0)     //»Áπ˚√ª”–‘⁄  µ˜’˚ ±º‰  ¥•∑¢  ∆¡ƒª«–ªª±‰¡ø
 304   3            {
 305   4              flag1++;
 306   4            }
 307   3          }
 308   2          while(k2==0);    
 309   2        } 
 310   1      }
 311          void key_1()//k1ƒ÷÷”µƒ∆ÙÕ£
 312          {
 313   1        if(k1==0)
 314   1        {
 315   2          delay_lcd(2000);
 316   2          if(k1==0)
 317   2          {
 318   3            if(flag==0&&flag1==0)     //»Áπ˚‘⁄≥ı ºΩÁ√Ê≤¢«“√ª”–‘⁄
 319   3            {               //ƒ÷÷”…Ë÷√ΩÁ√Ê   ¥•∑¢ƒ÷÷”∆ÙÕ£±‰¡ø
 320   4              flag3++;
 321   4            }
 322   3            
 323   3          }
 324   2          while(k1==0);
 325   2        }
 326   1      }
 327          
 328          
 329          void buling()   //ƒ÷÷”¥•∑¢
 330          {
 331   1        uint t1,t2,temp_min,temp_hour,i;
 332   1        uint i1=0;
 333   1        uchar k1,i2;
 334   1        if(flag3==1&&ii==0&&flag==0)
 335   1        {
 336   2          t1=ds1302_read(0x83);t2=ds1302_read(0x85);    //∂¡≥ˆ ∑÷÷”∫Õ–° ±
 337   2            temp_min =((t1&0xf0)>>4)*10+(t1&0x0f);  //BCD¬Î◊™
 338   2          temp_hour=((t2&0xf0)>>4)*10+(t2&0x0f);      // ÆΩ¯÷∆¬Î
 339   2          if(min==temp_min&&ii==0)    //∑÷÷”∂‘±»    
 340   2          {
 341   3            if(hour==temp_hour&&ii==0)    //»Áπ˚∑÷÷”œ‡Õ¨   –° ±∂‘±»
 342   3            {
 343   4              if(flag==0&&ii==0)    //÷ª”–‘⁄≥ı ºΩÁ√Ê≤≈ª·œÏ
 344   4              {
 345   5                lcd1602_write_0(0x01);  
 346   5                delay_lcd(2500);
 347   5                lcd1602_write_0(0x48);
 348   5                for(i=0;i<8;i++)
 349   5                {
 350   6                   lcd1602_write_1(zi[1][i]);
 351   6                }              
 352   5                lcd1602_write_0(0x80+5);     
 353   5                lcd1602_write_1(0x01);
 354   5                lcd1602_write_0(0x80+6);
 355   5                lcd1602_write_1(alarm[0]);
 356   5                lcd1602_write_0(0x80+7);
 357   5                lcd1602_write_1(alarm[1]);
 358   5                lcd1602_write_0(0x80+8);
 359   5                lcd1602_write_1(alarm[2]);
 360   5                lcd1602_write_0(0x80+9);
 361   5                lcd1602_write_1(alarm[3]);
 362   5                lcd1602_write_0(0x80+10); 
 363   5                lcd1602_write_1(alarm[4]);
C51 COMPILER V9.59.0.0   MAIN                                                              05/03/2019 15:22:51 PAGE 7   

 364   5                lcd1602_write_0(0x80);
 365   5                lcd1602_write_1(' ');
 366   5                
 367   5                TMOD = 1; ET0 = 1;EA = 1;     //∂® ±∆˜  ≥ı ºªØ
 368   5                i2 = 0;
 369   5                time02 = 1; 
 370   5                while(ii==0)  //ii=1 µƒ øÿ÷∆ ‘⁄∂® ±∆˜÷–∂œ¿Ô√Ê   ii=1 ±ÕÀ≥ˆ—≠ª∑ Õ£÷πœÏ¡Â 
 371   5                {
 372   6                  k1 = sszymmh[i2] + 7 * sszymmh[i2 + 1] - 1;
 373   6                  //µ⁄i2∏ˆ «“Ù∑˚, µ⁄i2+1∏ˆ «µ⁄º∏∏ˆ∞À∂»
 374   6                  timer0h = FREQH[k1]; //¥” ˝æ›±Ì÷–∂¡≥ˆ∆µ¬  ˝÷µ
 375   6                  timer0l = FREQL[k1]; // µº …œ,  «∂® ±µƒ ±º‰≥§∂»
 376   6                  time02 = sszymmh[i2 + 2]; //∂¡≥ˆ ±º‰≥§∂» ˝÷µ
 377   6                  i2 += 3;
 378   6                  song(); //∑¢≥ˆ“ª∏ˆ“Ù∑˚
 379   6                }
 380   5                ii=0;
 381   5                lcd_zidingyi(zi,8,1);   
 382   5                lcd1602_X_Y(2,15,0x00);
 383   5              }
 384   4            }
 385   3          } 
 386   2        }
 387   1      }
 388          
 389          void read_at24c02()//¥”AT24C02¿Ô∂¡∫Ø ˝
 390          {
 391   1        hour=read_addr(0x00);
 392   1        if(hour>23)hour=0;
 393   1        min=read_addr(0x01);
 394   1        if(min>59)min=0;
 395   1      }
 396          void main()//÷˜∫Ø ˝ 
 397          {   
 398   1        lcd1602_init();    //LCD1602≥ı ºªØ
 399   1        logo();      //ø™ª˙logo∂®∏Ò
 400   1        lcd_zidingyi(zi,8,1);   //◊‘∂®“Â   C   –¥»Î
 401   1        lcd1602_X_Y(2,15,0x00);   //   œ‘ æµΩ  2––  15¡–
 402   1        int0_init();  //÷–∂œ≥ı ºªØ
 403   1        ds1302_init();    //DS1302≥ı ºªØ
 404   1        init();    //IIC◊‹œﬂ≥ı ºªØ
 405   1        read_at24c02(); //¥”AT24C02∂¡≥ˆ ƒ÷÷” ˝æ› 
 406   1        while(1)
 407   1        {
 408   2          CE=1;       //∞Â◊”Œ Ã‚  P35¿≠∏ﬂ
 409   2      
 410   2          read_temper(ds18b20_read_temp());   //Œ¬∂»∂¡»°
 411   2      
 412   2          timer();// ±º‰∂¡»°
 413   2      
 414   2          key_2(); //k2∏¸ªª  ƒ÷÷” …Ë÷√ΩÁ√Ê
 415   2      
 416   2          key_1();//k1ƒ÷÷”µƒ∆ÙÕ£
 417   2      
 418   2          buling(); //ƒ÷÷”¥•∑¢
 419   2            
 420   2          lcd_display();       //LCDœ‘ æ
 421   2      
 422   2          ctrltime();       // ±º‰µ˜’˚
 423   2        }
 424   1      }
 425          
C51 COMPILER V9.59.0.0   MAIN                                                              05/03/2019 15:22:51 PAGE 8   

 426          void int1() interrupt 2//Õ‚≤ø ÷–∂œ 1   π‚±Íøÿ÷∆
 427          {
 428   1        delay_lcd(2000);
 429   1        if(k4==0)
 430   1        {
 431   2          if(flag1==0)  //»Áπ˚√ª”–‘⁄ƒ÷÷”…Ë÷√ΩÁ√Ê    ±º‰µ˜’˚π‚±Í øÿ÷∆  
 432   2          {
 433   3            flag++;
 434   3          }
 435   2          if(flag1==2)  //»Áπ˚‘⁄ƒ÷÷”…Ë÷√ΩÁ√Ê   ƒ÷÷”µ˜’˚π‚±Í øÿ÷∆ 
 436   2          {
 437   3            flag2++;
 438   3          }
 439   2        }
 440   1        while(k4==0);
 441   1      }
 442          void int0() interrupt 0//Õ‚≤ø ÷–∂œ 0      ±º‰∏¸∏ƒ
 443          {
 444   1        uchar temp_1=0;
 445   1        delay_lcd(2000);
 446   1        if(k3==0)
 447   1        {
 448   2          if((flag>0&&flag<8)&&flag1==0)    //»Áπ˚ ”– π‚±Í  «“  √ª‘⁄ƒ÷÷”…Ë÷√ΩÁ√Ê ¥•∑¢ ±º‰µ˜’˚
 449   2          {   
 450   3            ds1302_write(0x8e,0x00);
 451   3            temp_1=ds1302_read(readdate_ctrl[flag-1]);
 452   3            temp_1++;
 453   3            if((temp_1&0x0f)>9)
 454   3            {
 455   4              temp_1=temp_1+6;
 456   4            }  
 457   3            if(flag==1||flag==2)       
 458   3            {
 459   4              if(temp_1==0x60)     //√Î∫Õ∑÷◊Ó¥Û59
 460   4              {
 461   5                temp_1=0x00;
 462   5              }
 463   4            }
 464   3            if(flag==3)
 465   3            {
 466   4              if(temp_1==0x24)   //–° ±◊Ó¥Û23
 467   4              {
 468   5                temp_1=0x00;
 469   5              }
 470   4            }
 471   3            if(flag==4)
 472   3            {
 473   4              if(temp_1==0x08)  //–«∆⁄◊Ó¥Û  7
 474   4              {
 475   5                temp_1=0x01;
 476   5              }
 477   4            }
 478   3            if(flag==5)
 479   3            {
 480   4              if(temp_1==0x32)   //»’  ◊Ó¥Û31
 481   4              {
 482   5                temp_1=0x01;
 483   5              }
 484   4            }
 485   3            if(flag==6)
 486   3            {
 487   4              if(temp_1==0x13)    //‘¬◊Ó¥Û12
C51 COMPILER V9.59.0.0   MAIN                                                              05/03/2019 15:22:51 PAGE 9   

 488   4              {
 489   5                temp_1=0x01;
 490   5              }
 491   4            }
 492   3            if(flag==7)
 493   3            {
 494   4              if(temp_1==0x31)  //“‘±„ µ˜’˚  ƒÍ◊Ó¥Û‘› ±…ËŒ™  30
 495   4              {
 496   5                temp_1=0x00;
 497   5              }
 498   4            }
 499   3            ds1302_write(writedate_ctrl[flag-1],temp_1);
 500   3            ds1302_write(0x8e,0x80);
 501   3          
 502   3          } 
 503   2          if(flag==0&&flag1==2&&flag2==1)       //ƒ÷÷”ΩÁ√Ê∑÷÷”µ˜’˚
 504   2          {
 505   3            min++;
 506   3            if(min==60)min=0; 
 507   3          }
 508   2          if(flag==0&&flag1==2&&flag2==2)       //ƒ÷÷”ΩÁ√Ê–° ±µ˜’˚
 509   2          {
 510   3            hour++;
 511   3            if(hour==24)hour=0;
 512   3            write_add(0x00,hour);
 513   3            delay_lcd(1000);
 514   3            write_add(0x01,min);
 515   3            delay_lcd(1000);  
 516   3          }
 517   2          while(k3==0);
 518   2        }
 519   1        
 520   1      }
 521          void t0int() interrupt 1 //T0÷–∂œ≥Ã–Ú£¨øÿ÷∆∑¢“Ùµƒ“Ùµ˜
 522          {
 523   1        TR0 = 0; //œ»πÿ±’T0
 524   1        speaker = !speaker; // ‰≥ˆ∑Ω≤®, ∑¢“Ù
 525   1        TH0 = timer0h; //œ¬¥Œµƒ÷–∂œ ±º‰, ’‚∏ˆ ±º‰, øÿ÷∆“Ùµ˜∏ﬂµÕ
 526   1        TL0 = timer0l;
 527   1        TR0 = 1; //∆Ù∂ØT0
 528   1        if(k1==0)
 529   1        {
 530   2          delay_lcd(2000);
 531   2          if(k1==0)
 532   2          {
 533   3            ii=1;  //Õ£÷π œÏ¡Â 
 534   3            flag1=3;  //ªÿµΩ≥ı ºΩÁ√Ê
 535   3            flag3=2;  //πÿ±’ƒ÷÷”
 536   3          }
 537   2        }
 538   1      }


MODULE INFORMATION:   STATIC OVERLAYABLE
   CODE SIZE        =   3005    ----
   CONSTANT SIZE    =    108    ----
   XDATA SIZE       =     40      28
   PDATA SIZE       =   ----    ----
   DATA SIZE        =   ----    ----
   IDATA SIZE       =   ----    ----
   BIT SIZE         =   ----    ----
END OF MODULE INFORMATION.

C51 COMPILER V9.59.0.0   MAIN                                                              05/03/2019 15:22:51 PAGE 10  


C51 COMPILATION COMPLETE.  0 WARNING(S),  0 ERROR(S)
