C51 COMPILER V9.00   _部_卸INT0___2                                                      11/19/2018 19:37:47 PAGE 1   


C51 COMPILER V9.00, COMPILATION OF MODULE _部_卸INT0___2
OBJECT MODULE PLACED IN 外部中断INT0   2.OBJ
COMPILER INVOKED BY: C:\0000000\keil4\C51\BIN\C51.EXE 外部中断INT0   2.c BROWSE DEBUG OBJECTEXTEND

line level    source

   1          #include<reg52.h>
   2          #include<intrins.h>
   3          
   4          typedef unsigned char uchar;
   5          typedef unsigned int uint;
   6          
   7          sbit k3=P3^2;
   8          
   9          #define LED P2
  10          
  11          void delay(uint x)
  12          {
  13   1              uint i,j;
  14   1              for(i=0;i<x;i++)
  15   1                      for(j=0;j<60;j++);
  16   1      }
  17          
  18          void left(uint x)
  19          {
  20   1              uint i,j;
  21   1              for(i=0;i<x;i++)
  22   1              {
  23   2                      LED=0xfe;
  24   2                      for(j=0;j<8;j++)
  25   2                      {
  26   3                              delay(1000);
  27   3                              LED=_crol_(LED,1);
  28   3                      }
  29   2              }       
  30   1      }
  31          
  32          int main()
  33          {
  34   1              IE=0x81;
  35   1              TCON=0x01;
  36   1              while(1)
  37   1              {
  38   2                      LED=~LED;
  39   2                      delay(100);
  40   2              }
  41   1              return 0;
  42   1      }
  43          
  44          void zhongduan() interrupt 0
  45          {
  46   1              uchar led_before=LED;
  47   1              delay(40);
  48   1              TCON=0x00;
  49   1              left(3);
  50   1              TCON=0x01;
  51   1              LED=led_before; 
  52   1      }


MODULE INFORMATION:   STATIC OVERLAYABLE
C51 COMPILER V9.00   _部_卸INT0___2                                                      11/19/2018 19:37:47 PAGE 2   

   CODE SIZE        =    190    ----
   CONSTANT SIZE    =   ----    ----
   XDATA SIZE       =   ----    ----
   PDATA SIZE       =   ----    ----
   DATA SIZE        =   ----       4
   IDATA SIZE       =   ----    ----
   BIT SIZE         =   ----    ----
END OF MODULE INFORMATION.


C51 COMPILATION COMPLETE.  0 WARNING(S),  0 ERROR(S)
