C51 COMPILER V9.59.0.0   DHT11                                                             05/13/2019 11:38:24 PAGE 1   


C51 COMPILER V9.59.0.0, COMPILATION OF MODULE DHT11
OBJECT MODULE PLACED IN .\Objects\DHT11.obj
COMPILER INVOKED BY: C:\Keil_v5\C51\BIN\C51.EXE DHT11.c OPTIMIZE(8,SPEED) BROWSE DEBUG OBJECTEXTEND PRINT(.\Listings\DHT
                    -11.lst) TABS(2) OBJECT(.\Objects\DHT11.obj)

line level    source

   1          #include"intrins.h"
   2          #include"reg52.h"
   3          #include"DHT11.h"
   4          
   5          # define   delay_10us()     _nop_();_nop_();_nop_();_nop_();_nop_();_nop_();_nop_();_nop_();_nop_();_nop_(
             -)
   6          
   7          
   8          void delay_1ms(uint i) {
   9   1          unsigned int x;
  10   1          while(i--)
  11   1              for(x=0; x<123; x++);
  12   1      }
  13          
  14          //初始化
  15          void start()//开始信号
  16          {
  17   1          IO=1;
  18   1          delay_10us();
  19   1          IO=0;
  20   1          delay_1ms(20);  //拉低至少 18ms  保证能检测到起始信号
  21   1          IO=1;          //检测到开始信号后，将电平拉高20-40us
  22   1          delay_10us();        //延时20-40us
  23   1          delay_10us();
  24   1          delay_10us();
  25   1          delay_10us();
  26   1      }
  27          uchar receive_byte()//接收一个字节
  28          {
  29   1          uchar data_byte;
  30   1          uchar i,temp;
  31   1          for(i=0; i<8; i++)
  32   1          {
  33   2              while(!IO);//等待50us的低电平开始信号结束
  34   2              delay_10us();    //开始信号结束后，延时26us-28us
  35   2              delay_10us();
  36   2              delay_10us();
  37   2              temp=0;   //如果时间为26us-28us 则表示接收的数据为'0'
  38   2              if(IO==1)
  39   2                  temp=1;//如果时间超过26us-28us 则表示收到的数据为'1'
  40   2              while(IO);//等待数据信号高电平， '0'为26us-28us；'1'为70us
  41   2              data_byte<<=1;//将接收到的数据向高位左移
  42   2              data_byte|=temp;
  43   2          }
  44   1          return data_byte;
  45   1      }
  46          
  47          void receive(int *temp,int *hum) //接收数据
  48          {
  49   1        uchar RH,RL,TH,TL;              //设置存储温湿度的变量
  50   1        uchar R_H,R_L,T_H,T_L,check;          //设置准备校验存储温湿度的变量
  51   1        uchar i;
  52   1      
  53   1        start();//开始信号初始化
C51 COMPILER V9.59.0.0   DHT11                                                             05/13/2019 11:38:24 PAGE 2   

  54   1        IO=1;   //主机设为输入  判断从机DHT11的响应信号             
  55   1        if(IO == RESET) //判断是否有响应信号
  56   1        {
  57   2          i = 0;
  58   2          while((IO == 0)&&(i<100))//判断从机发出80us低电平信号是否结束
  59   2            i++;
  60   2          i = 0;
  61   2          while((IO == 1)&&(i<100))
  62   2            i++;
  63   2      
  64   2          R_H = receive_byte();//湿度整数
  65   2          R_L = receive_byte();//湿度小数
  66   2          T_H = receive_byte();//温度整数
  67   2          T_L = receive_byte();//温度小数
  68   2          check = receive_byte();//校验和
  69   2          
  70   2          IO=0;//当所有的数据接收完成后，将从机电平拉低50us
  71   2          delay_10us();        //拉低50us
  72   2          delay_10us();
  73   2          delay_10us();
  74   2          delay_10us();
  75   2          delay_10us();
  76   2          IO=1;//将从机电平拉高，进入空闲状态
  77   2      
  78   2          if(R_H+R_L+T_H+T_L == check)//判断读取的数据与校验位是否相同
  79   2          {
  80   3            RH=R_H;
  81   3            RL=R_L;
  82   3            TH=T_H;
  83   3            TL=T_L;
  84   3          }
  85   2          *temp   = TH;
  86   2          *temp <<= 8;
  87   2          *temp  |= TL;
  88   2      
  89   2          *hum   =  RH;
  90   2          *hum <<=  8;
  91   2          *hum  |=  RL;
  92   2        }
  93   1      }


MODULE INFORMATION:   STATIC OVERLAYABLE
   CODE SIZE        =    435    ----
   CONSTANT SIZE    =   ----    ----
   XDATA SIZE       =   ----    ----
   PDATA SIZE       =   ----    ----
   DATA SIZE        =   ----      12
   IDATA SIZE       =   ----    ----
   BIT SIZE         =   ----    ----
END OF MODULE INFORMATION.


C51 COMPILATION COMPLETE.  0 WARNING(S),  0 ERROR(S)
