C51 COMPILER V9.00   XPT2046                                                               12/15/2018 14:27:02 PAGE 1   


C51 COMPILER V9.00, COMPILATION OF MODULE XPT2046
OBJECT MODULE PLACED IN XPT2046.OBJ
COMPILER INVOKED BY: C:\0000000\keil4\C51\BIN\C51.EXE XPT2046.c BROWSE DEBUG OBJECTEXTEND

line level    source

   1          #include<xpt2046.h>
   2          #include<intrins.h>
   3          
   4          void delay(uint i)
   5          {
   6   1              while(i--);
   7   1      }
   8          
   9          void write_date(uchar dat)
  10          {
  11   1              uchar i;
  12   1              DCLK=0;                                  //在  开始  发送数据  前  应设置好  时钟线  的  初始状态
  13   1              for(i=0;i<8;i++)
  14   1              {
  15   2                      DIN=dat>>7;
  16   2                      dat=dat<<1;
  17   2                      DCLK=0;                    // 时钟线在   上升沿
  18   2                      DCLK=1;                    // 会发送   数据
  19   2              }
  20   1      }
  21          uint read_date()
  22          {
  23   1              uint i,dat=0;                   //dat要赋初值    每次循环都为  一开始  为   0
  24   1              DCLK=0;
  25   1              for(i=0;i<12;i++)
  26   1              {
  27   2                      dat=dat<<1;
  28   2                      DCLK=1;                  //             时钟线在  下降沿 
  29   2                      DCLK=0;                  //             会接收   数据 
  30   2                      dat=dat|DOUT;
  31   2              }
  32   1              return dat;     
  33   1      }
  34          
  35          uint xpt2046(uchar t)
  36          {
  37   1              uint AD;
  38   1              DCLK=0;
  39   1              CS=0;   
  40   1              write_date(t);
  41   1      //      delay(1);                //延时不要太大
  42   1      /*      DCLK=1;
  43   1              _nop_();
  44   1              _nop_();
  45   1              DCLK=0;
  46   1              _nop_();
  47   1              _nop_();          */    
  48   1              AD=read_date();
  49   1              CS=1;
  50   1              return AD;
  51   1      }


MODULE INFORMATION:   STATIC OVERLAYABLE
   CODE SIZE        =     90    ----
C51 COMPILER V9.00   XPT2046                                                               12/15/2018 14:27:02 PAGE 2   

   CONSTANT SIZE    =   ----    ----
   XDATA SIZE       =   ----    ----
   PDATA SIZE       =   ----    ----
   DATA SIZE        =   ----    ----
   IDATA SIZE       =   ----    ----
   BIT SIZE         =   ----    ----
END OF MODULE INFORMATION.


C51 COMPILATION COMPLETE.  0 WARNING(S),  0 ERROR(S)
