C51 COMPILER V9.01   MAIN                                                                  01/28/2019 18:27:41 PAGE 1   


C51 COMPILER V9.01, COMPILATION OF MODULE MAIN
OBJECT MODULE PLACED IN main.OBJ
COMPILER INVOKED BY: F:\00000000\000exe\keil\C51\BIN\C51.EXE main.c BROWSE DEBUG OBJECTEXTEND

line level    source

   1          #include <reg52.h>
   2          
   3          typedef unsigned char uchar;
   4          typedef unsigned int uint;
   5          
   6          sbit A38=P2^2;
   7          sbit B38=P2^3;
   8          sbit C38=P2^4;
   9          
  10          sbit k1=P3^1;
  11          
  12          uchar sec=0,sec2=0;
  13          
  14          void delay(uint i)
  15          {
  16   1              while(i--);
  17   1      }
  18          void display()
  19          {
  20   1              uchar code duanxuan[]={0x3f,0x06,0x5b,0x4f,0x66,0x6d,0x7d,0x07,0x7f,0x6f};
  21   1              uchar i=0;
  22   1              for(i=0;i<8;i++)
  23   1              {
  24   2                      switch(i)
  25   2                      {
  26   3                              case 0:C38=0;B38=0;A38=0;
  27   3                              P0=duanxuan[sec%10];
  28   3                              break;
  29   3                              case 1:C38=0;B38=0;A38=1;
  30   3                              P0=duanxuan[sec/10];
  31   3                              break;
  32   3                              case 2:C38=0;B38=1;A38=0;
  33   3                              P0=0x00;
  34   3                              break;
  35   3                              case 3:C38=0;B38=1;A38=1;
  36   3                              P0=0x00;
  37   3                              break;
  38   3                              case 4:C38=1;B38=0;A38=0;
  39   3                              P0=0x00;
  40   3                              break;
  41   3                              case 5:C38=1;B38=0;A38=1;
  42   3                              P0=0x00;
  43   3                              break;
  44   3                              case 6:C38=1;B38=1;A38=0;
  45   3                              P0=duanxuan[sec2%10];
  46   3                              break;
  47   3                              case 7:C38=1;B38=1;A38=1;
  48   3                              P0=duanxuan[sec2/10];
  49   3                              break;
  50   3                      }
  51   2                      delay(100);
  52   2                      P0=0x00;
  53   2              }
  54   1      }
  55          void key()
C51 COMPILER V9.01   MAIN                                                                  01/28/2019 18:27:41 PAGE 2   

  56          {
  57   1              static bit flag_s=0;
  58   1              if(k1==0&&flag_s==0)
  59   1              {
  60   2                      delay(1000);
  61   2                      if(k1==0)
  62   2                      {
  63   3                              flag_s=1;
  64   3                              sec++;
  65   3                              if(sec==100)sec=1;
  66   3                      }
  67   2              }
  68   1              if(k1==1)
  69   1              {
  70   2                      flag_s=0;
  71   2              }
  72   1      }
  73          void timer_init()
  74          {
  75   1              TMOD|=0x01;
  76   1              EA=1;ET0=1;TR0=1;
  77   1              TH0=(65536-5000)/256;
  78   1              TL0=(65536-5000)%256;
  79   1      }
  80          void main()
  81          {
  82   1              timer_init();
  83   1              while(1)
  84   1              {
  85   2                      key();
  86   2                      display();
  87   2              }
  88   1      }
  89          void time0() interrupt 1
  90          {
  91   1              static uchar i=0;
  92   1              TH0=(65536-5000)/256;
  93   1              TL0=(65536-5000)%256;
  94   1              if(++i==20)
  95   1              {
  96   2                      sec2++;
  97   2                      if(sec2==100)sec2=0;
  98   2              }
  99   1      }


MODULE INFORMATION:   STATIC OVERLAYABLE
   CODE SIZE        =    248    ----
   CONSTANT SIZE    =     10    ----
   XDATA SIZE       =   ----    ----
   PDATA SIZE       =   ----    ----
   DATA SIZE        =      3    ----
   IDATA SIZE       =   ----    ----
   BIT SIZE         =      1    ----
END OF MODULE INFORMATION.


C51 COMPILATION COMPLETE.  0 WARNING(S),  0 ERROR(S)
