C51 COMPILER V9.59.0.0   DS18B20                                                           05/29/2019 14:10:20 PAGE 1   


C51 COMPILER V9.59.0.0, COMPILATION OF MODULE DS18B20
OBJECT MODULE PLACED IN DS18B20.OBJ
COMPILER INVOKED BY: C:\Keil_v5\C51\BIN\C51.EXE DS18B20.c OPTIMIZE(8,SPEED) BROWSE DEBUG OBJECTEXTEND TABS(2)

line level    source

   1          #include<ds18b20.h>
   2          
   3          void delay(uint i)
   4          {
   5   1          while(i--);
   6   1      }
   7          
   8          void DS18B20_init()
   9          {
  10   1          uchar x=0;
  11   1          DQ=1;
  12   1          delay(8);
  13   1          DQ=0;
  14   1          delay(80);
  15   1          DQ=1;
  16   1          delay(10);
  17   1          x=DQ;
  18   1          delay(5);
  19   1      }
  20          
  21          uchar DS18B20_read()
  22          {
  23   1          uchar i,t=0;
  24   1          for(i=0; i<8; i++)
  25   1          {
  26   2              t=t>>1;
  27   2              DQ=0;
  28   2              DQ=1;
  29   2              if(DQ)
  30   2                  t=t|0x80;
  31   2              delay(5);
  32   2          }
  33   1          return t;
  34   1      }
  35          
  36          void DS18B20_write(uchar dat)
  37          {
  38   1          uchar i;
  39   1          for(i=0; i<8; i++)
  40   1          {
  41   2              DQ=0;
  42   2              DQ=dat&0x01;
  43   2              delay(5);
  44   2              DQ=1;
  45   2              dat=dat>>1;
  46   2          }
  47   1          delay(5);
  48   1      }
  49          
  50          
  51          int readc()
  52          {
  53   1          uchar a=0,b=0;
  54   1          int c=0;
  55   1          DS18B20_init();
C51 COMPILER V9.59.0.0   DS18B20                                                           05/29/2019 14:10:20 PAGE 2   

  56   1          delay(10);
  57   1          DS18B20_write(0xcc);
  58   1          DS18B20_write(0x44);
  59   1          delay(200);
  60   1          DS18B20_init();
  61   1          delay(10);
  62   1          DS18B20_write(0xcc);
  63   1          DS18B20_write(0xbe);
  64   1          b=DS18B20_read();
  65   1          a=DS18B20_read();
  66   1          c=a;
  67   1          c=c<<8;
  68   1          c=c|b;
  69   1          return c;
  70   1      }


MODULE INFORMATION:   STATIC OVERLAYABLE
   CODE SIZE        =    191    ----
   CONSTANT SIZE    =   ----    ----
   XDATA SIZE       =   ----    ----
   PDATA SIZE       =   ----    ----
   DATA SIZE        =   ----    ----
   IDATA SIZE       =   ----    ----
   BIT SIZE         =   ----    ----
END OF MODULE INFORMATION.


C51 COMPILATION COMPLETE.  0 WARNING(S),  0 ERROR(S)
