C51 COMPILER V9.57.0.0   MAIN                                                              03/23/2019 21:27:12 PAGE 1   


C51 COMPILER V9.57.0.0, COMPILATION OF MODULE MAIN
OBJECT MODULE PLACED IN .\Objects\main.obj
COMPILER INVOKED BY: C:\Keil_v5\C51\BIN\C51.EXE main.c OPTIMIZE(8,SPEED) BROWSE DEBUG OBJECTEXTEND PRINT(.\Listings\main
                    -.lst) TABS(2) OBJECT(.\Objects\main.obj)

line level    source

   1          #include<reg52.h>
   2          
   3          typedef unsigned char uchar;
   4          typedef unsigned int uint;
   5          
   6          #define count 50000
   7          
   8          #define TH_1 (65536-count)/256
   9          #define TL_1 (65536-count)%256
  10          
  11          bit write=0;     //??????
  12          
  13          sbit LA=P2^2;
  14          sbit LB=P2^3;
  15          sbit LC=P2^4;
  16          
  17          sbit k1=P3^1;
  18          sbit k2=P3^0;
  19          sbit k3=P3^2;
  20          sbit k4=P3^3;
  21          
  22          sbit scl=P2^1;
  23          sbit sda=P2^0;
  24          
  25          uchar duanxuan[]={0x3f,0x06,0x5b,0x4f,0x66,0x6d,0x7d,0x07,0x7f,0x6f};       //??  ?dp
  26          uchar duanxuandp[]={0xbf,0x86,0xdb,0xcf,0xe6,0xed,0xfd,0x87,0xff,0xef};        //??   ?dp
  27          
  28          uchar seconds=0,minute=0,iii=0,hour=0;
  29          uchar month=1,dat=1;
  30          uchar year=0,year_h=20;
  31          uint switch1=0;      //?????????
  32          
  33          void yanshi(uint i)
  34          {
  35   1        while(i--);
  36   1      }
  37          
  38          
  39          uint leapyear()
  40          {
  41   1         if((year%4==0&&year%100!=0)||(year%400==0))
  42   1          return 1;
  43   1         else
  44   1          return 0;
  45   1      }
  46          
  47          uint datnumber()
  48          {
  49   1        if(month==1||month==3||month==5||month==7||month==8||month==10||month==12)
  50   1          return 31;
  51   1        else if(month==4||month==6||month==9||month==11)
  52   1          return 30;
  53   1        else 
  54   1        {
C51 COMPILER V9.57.0.0   MAIN                                                              03/23/2019 21:27:12 PAGE 2   

  55   2          if(leapyear()==1)
  56   2            return 29;
  57   2          else
  58   2            return 28;
  59   2        }   
  60   1      }
  61          
  62          
  63          void datekongzhi()
  64          {
  65   1        static bit song=0;
  66   1        if(k3==0&&song==0)
  67   1        {
  68   2          yanshi(2000);
  69   2          if(k3==0)
  70   2          {
  71   3            song=1;
  72   3            dat++;
  73   3            if(dat==datnumber()+1)dat=1; 
  74   3          }
  75   2        }
  76   1        if(k2==0&&song==0)
  77   1        {
  78   2          yanshi(2000);
  79   2          if(k2==0)
  80   2          {
  81   3            song=1;
  82   3            month++;
  83   3            if(month==13)month=1; 
  84   3          }
  85   2        }
  86   1        if(k1==0&&song==0)
  87   1        {
  88   2          yanshi(2000);
  89   2          if(k1==0)
  90   2          {
  91   3            song=1;
  92   3            year++;
  93   3            if(year==100)
  94   3            {
  95   4              year=0;
  96   4              year_h++;
  97   4              if(year_h==100)
  98   4              year_h=20;
  99   4            } 
 100   3          }
 101   2        }
 102   1        if(k1==1&&k2==1&&k3==1){
 103   2          song=0;
 104   2        }
 105   1      }
 106           /*************????***************/  
 107          void timekongzhi()
 108          { 
 109   1        static bit song=0;
 110   1        if(k3==0&&song==0)
 111   1        {
 112   2          yanshi(2000);
 113   2          if(k3==0)
 114   2          {
 115   3            song=1;
 116   3            seconds++;
C51 COMPILER V9.57.0.0   MAIN                                                              03/23/2019 21:27:12 PAGE 3   

 117   3            if(seconds==60)seconds=0; 
 118   3          }
 119   2        }
 120   1        if(k2==0&&song==0)
 121   1        {
 122   2          yanshi(2000);
 123   2          if(k2==0)
 124   2          {
 125   3            song=1;
 126   3            minute++;
 127   3            if(minute==60)minute=0; 
 128   3          }
 129   2        }
 130   1        if(k1==0&&song==0)
 131   1        {
 132   2          yanshi(2000);
 133   2          if(k1==0)
 134   2          {
 135   3            song=1;
 136   3            hour++;
 137   3            if(hour==24)hour=0; 
 138   3          }
 139   2        }
 140   1        if(k1==1&&k2==1&&k3==1){
 141   2          song=0;
 142   2        }
 143   1      }
 144          
 145          /******************????************************/
 146          void dateweixuan()       //38  ???   ????
 147          {
 148   1        uint i;
 149   1        for(i=0;i<8;i++)
 150   1        {
 151   2          switch(i)
 152   2          {
 153   3            case 0:LC=0;LB=0;LA=0;
 154   3            P0=duanxuan[dat%10];break;            
 155   3            case 1:LC=0;LB=0;LA=1;
 156   3            P0=duanxuan[dat/10];break;             
 157   3            case 2:LC=0;LB=1;LA=0;
 158   3            P0=duanxuandp[month%10];break;        
 159   3            case 3:LC=0;LB=1;LA=1;
 160   3            P0=duanxuan[month/10];break;              
 161   3            case 4:LC=1;LB=0;LA=0;
 162   3            P0=duanxuandp[year%10];break;     
 163   3            case 5:LC=1;LB=0;LA=1;
 164   3            P0=duanxuan[year/10];break;
 165   3            case 6:LC=1;LB=1;LA=0;
 166   3            P0=duanxuan[year_h%10];break;
 167   3            case 7:LC=1;LB=1;LA=1;
 168   3            P0=duanxuan[year_h/10];break;     
 169   3          }
 170   2          yanshi(100);
 171   2          P0=0x00;
 172   2        }
 173   1      }
 174                 
 175          /******************????************************/
 176          void timeweixuan()       //38  ???   ????
 177          {
 178   1        uint i;
C51 COMPILER V9.57.0.0   MAIN                                                              03/23/2019 21:27:12 PAGE 4   

 179   1        for(i=0;i<6;i++)
 180   1        {
 181   2          switch(i)
 182   2          {
 183   3            case 0:LC=0;LB=0;LA=0;
 184   3            P0=duanxuan[seconds%10];break;            //????
 185   3            case 1:LC=0;LB=0;LA=1;
 186   3            P0=duanxuan[seconds/10];break;             //????
 187   3            case 2:LC=0;LB=1;LA=0;
 188   3            P0=duanxuandp[minute%10];break;           //????
 189   3            case 3:LC=0;LB=1;LA=1;
 190   3            P0=duanxuan[minute/10];break;                 //????
 191   3            case 4:LC=1;LB=0;LA=0;
 192   3            P0=duanxuandp[hour%10];break;        //?????
 193   3            case 5:LC=1;LB=0;LA=1;
 194   3            P0=duanxuan[hour/10];break;          //?????
 195   3          }
 196   2          yanshi(100);
 197   2          P0=0x00;
 198   2        }
 199   1      }
 200          
 201          /********************???**************/
 202          int main()
 203          { 
 204   1        IE=0x82;
 205   1        TR0=1;
 206   1        TMOD=0x01;
 207   1        TL0=TL_1;TH0=TH_1;
 208   1        while(1)
 209   1        {
 210   2          if(switch1==0&&k4==0)
 211   2          {
 212   3            yanshi(2000);
 213   3            if(k4==0)
 214   3            {
 215   4              switch1=1;
 216   4              while(!k4);
 217   4            }
 218   3          }
 219   2          if(switch1==1&&k4==0)
 220   2          {
 221   3            yanshi(2000);
 222   3            if(k4==0)
 223   3            {
 224   4              switch1=0;
 225   4              while(!k4);
 226   4            }
 227   3          }
 228   2          if(switch1==0)
 229   2          {
 230   3            timekongzhi();
 231   3            timeweixuan();
 232   3          }
 233   2          if(switch1==1)
 234   2          {
 235   3            datekongzhi();
 236   3            dateweixuan();
 237   3          }
 238   2        }
 239   1      }
 240          
C51 COMPILER V9.57.0.0   MAIN                                                              03/23/2019 21:27:12 PAGE 5   

 241          /****************?????*******************/
 242          void time0() interrupt 1         //?????  T0
 243          {
 244   1        TL0=TL_1;TH0=TH_1;
 245   1        if(++iii==20)
 246   1        {
 247   2          iii=0;
 248   2          if(seconds<59)           //???
 249   2            seconds++;
 250   2          else
 251   2          {
 252   3            seconds=0;
 253   3            if(minute<59)       //????
 254   3              minute++;
 255   3            else
 256   3            {
 257   4              minute=0;
 258   4              if(hour<23) 
 259   4              {      //????
 260   5                hour++;
 261   5                write=1;
 262   5              }
 263   4              else
 264   4              {
 265   5                hour=0;
 266   5                if(dat<datnumber())
 267   5                  dat++;
 268   5                else
 269   5                {
 270   6                  dat=1;
 271   6                  if(month<12)
 272   6                    month++;
 273   6                  else
 274   6                  {
 275   7                    month=1;
 276   7                    if(year<100)
 277   7                    year++;
 278   7                    else
 279   7                    {
 280   8                      year=0;
 281   8                      year_h++;
 282   8                    }
 283   7                  }
 284   6                }
 285   5              }
 286   4            }
 287   3          }       
 288   2        }   
 289   1      } 


MODULE INFORMATION:   STATIC OVERLAYABLE
   CODE SIZE        =    890    ----
   CONSTANT SIZE    =   ----    ----
   XDATA SIZE       =   ----    ----
   PDATA SIZE       =   ----    ----
   DATA SIZE        =     30    ----
   IDATA SIZE       =   ----    ----
   BIT SIZE         =      3    ----
END OF MODULE INFORMATION.


C51 COMPILATION COMPLETE.  0 WARNING(S),  0 ERROR(S)
