C51 COMPILER V9.57.0.0   ______T0                                                          04/08/2019 19:37:39 PAGE 1   


C51 COMPILER V9.57.0.0, COMPILATION OF MODULE ______T0
OBJECT MODULE PLACED IN 定时器T0.OBJ
COMPILER INVOKED BY: C:\Keil_v5\C51\BIN\C51.EXE 定时器T0.c OPTIMIZE(8,SPEED) BROWSE DEBUG OBJECTEXTEND TABS(2)

line level    source

   1          #include<reg52.h>
   2          
   3          typedef unsigned char uchar;
   4          typedef unsigned int uint;
   5          
   6          #define LED P2
   7          sbit led = P2^1;
   8          
   9          uint i=0;
  10          
  11          int main()
  12          {
  13   1        IE=0x82;
  14   1        TR0=1;
  15   1        TMOD=0x01;
  16   1        TH0=0xFC;
  17   1        TL0=0x18;
  18   1        while(1);
  19   1        return 0;
  20   1      }
  21          
  22          void time0() interrupt 1
  23          {
  24   1        TH0=0xFC;
  25   1        TL0=0x18;
  26   1        if(++i==1000)
  27   1        {
  28   2          i=0;  led = ~led;
  29   2          LED=~LED;
  30   2        }
  31   1      
  32   1      }
*** WARNING C294 IN LINE 19 OF 定时器T0.c: unreachable code


MODULE INFORMATION:   STATIC OVERLAYABLE
   CODE SIZE        =     70    ----
   CONSTANT SIZE    =   ----    ----
   XDATA SIZE       =   ----    ----
   PDATA SIZE       =   ----    ----
   DATA SIZE        =      2    ----
   IDATA SIZE       =   ----    ----
   BIT SIZE         =   ----    ----
END OF MODULE INFORMATION.


C51 COMPILATION COMPLETE.  1 WARNING(S),  0 ERROR(S)
