C51 COMPILER V9.60.0.0   INFRARED                                                          06/27/2019 22:27:20 PAGE 1   


C51 COMPILER V9.60.0.0, COMPILATION OF MODULE INFRARED
OBJECT MODULE PLACED IN .\Objects\infrared.obj
COMPILER INVOKED BY: C:\Keil_v5\C51\BIN\C51.EXE infrared.c OPTIMIZE(8,SPEED) BROWSE DEBUG OBJECTEXTEND PRINT(.\Listings\
                    -infrared.lst) TABS(2) OBJECT(.\Objects\infrared.obj)

line level    source

   1          #include "infrared.h"
   2          #include "timer.h"
   3          
   4          
   5          extern uint speed;
   6          
   7          
   8          uchar IrValue[6];
   9          uchar Time;
  10          
  11          bit FLAG = 0; // 手动自动切换标志位
  12          bit FLAG1 = 0; // 启停标志位
  13          
  14          void Intrared_SPEED_Ctrl(void)
  15          {
  16   1        
  17   1        if(IrValue[2] == 0x07)
  18   1        {
  19   2          speed = 2;
  20   2          IrValue[2] = 0;
  21   2        }
  22   1        else if(IrValue[2] == 0x16)
  23   1        {
  24   2          speed = 5;
  25   2          IrValue[2] = 0;
  26   2        }
  27   1        else if(IrValue[2] == 0x0C)
  28   1        {
  29   2          speed = 10;
  30   2          IrValue[2] = 0;
  31   2        }
  32   1        
  33   1      
  34   1        
  35   1      
  36   1      }
  37          
  38          void Intrared_MODE_Ctrl(void)
  39          {
  40   1        if(IrValue[2] == 0x47)  // 启
  41   1        {
  42   2          FLAG1 = 1;
  43   2          TR0 = 1;
  44   2          ET0 = 1;
  45   2          IrValue[2] = 0;
  46   2        }
  47   1        if(IrValue[2] == 0x40) // 停
  48   1        {
  49   2          FLAG1 = 0;
  50   2          TR0 = 0;
  51   2          ET0 = 0;
  52   2          motor = 1;    
  53   2          IrValue[2] = 0;
  54   2        }
C51 COMPILER V9.60.0.0   INFRARED                                                          06/27/2019 22:27:20 PAGE 2   

  55   1        
  56   1        if(IrValue[2] == 0x19) // 手动 
  57   1        {
  58   2          FLAG = 0;
  59   2          IrValue[2] = 0;
  60   2        }
  61   1        if(IrValue[2] == 0x18) // 自动
  62   1        {
  63   2          FLAG = 1;   
  64   2          IrValue[2] = 0;
  65   2        }
  66   1        
  67   1      }
  68          
  69          void IrInit(void)
  70          {
  71   1        IT0=1;//下降沿触发
  72   1        EX0=1;//打开中断0允许
  73   1        EA=1; //打开总中断
  74   1      
  75   1        IRIN=1;//初始化端口
  76   1      }
  77          
  78          void ReadIr() interrupt 0
  79          {
  80   1        uchar j,k;
  81   1        uint err;
  82   1        Time=0;          
  83   1        delay(700); //7ms
  84   1        if(IRIN==0)   //确认是否真的接收到正确的信号
  85   1        {  
  86   2          
  87   2          err=1000;       //1000*10us=10ms,超过说明接收到错误的信号
  88   2          /*当两个条件都为真是循环，如果有一个条件为假的时候跳出循环，免得程序出错的时
  89   2          侯，程序死在这里*/  
  90   2          while((IRIN==0)&&(err>0)) //等待前面9ms的低电平过去     
  91   2          {     
  92   3            delay(1);
  93   3            err--;
  94   3          } 
  95   2          if(IRIN==1)     //如果正确等到9ms低电平
  96   2          {
  97   3            err=500;
  98   3            while((IRIN==1)&&(err>0))    //等待4.5ms的起始高电平过去
  99   3            {
 100   4              delay(1);
 101   4              err--;
 102   4            }
 103   3            for(k=0;k<4;k++)    //共有4组数据
 104   3            {       
 105   4              for(j=0;j<8;j++)  //接收一组数据
 106   4              {
 107   5      
 108   5                err=60;   
 109   5                while((IRIN==0)&&(err>0))//等待信号前面的560us低电平过去
 110   5                {
 111   6                  delay(1);
 112   6                  err--;
 113   6                }
 114   5                err=500;
 115   5                while((IRIN==1)&&(err>0))  //计算高电平的时间长度。
 116   5                {
C51 COMPILER V9.60.0.0   INFRARED                                                          06/27/2019 22:27:20 PAGE 3   

 117   6                  delay(10);   //0.1ms
 118   6                  Time++;
 119   6                  err--;
 120   6                  if(Time>30)
 121   6                  {
 122   7                    return;
 123   7                  }
 124   6                }
 125   5                IrValue[k]>>=1;  //k表示第几组数据
 126   5                if(Time>=8)     //如果高电平出现大于565us，那么是1
 127   5                {
 128   6                  IrValue[k]|=0x80;
 129   6                }
 130   5                Time=0;   //用完时间要重新赋值              
 131   5              }
 132   4            }
 133   3          }
 134   2          if(IrValue[2]!=~IrValue[3])
 135   2          {
 136   3            return;
 137   3          }
 138   2        }     
 139   1      }


MODULE INFORMATION:   STATIC OVERLAYABLE
   CODE SIZE        =    424    ----
   CONSTANT SIZE    =   ----    ----
   XDATA SIZE       =   ----    ----
   PDATA SIZE       =   ----    ----
   DATA SIZE        =      7       4
   IDATA SIZE       =   ----    ----
   BIT SIZE         =      2    ----
END OF MODULE INFORMATION.


C51 COMPILATION COMPLETE.  0 WARNING(S),  0 ERROR(S)
