C51 COMPILER V9.60.0.0   KEY                                                               06/27/2019 21:25:09 PAGE 1   


C51 COMPILER V9.60.0.0, COMPILATION OF MODULE KEY
OBJECT MODULE PLACED IN .\Objects\key.obj
COMPILER INVOKED BY: C:\Keil_v5\C51\BIN\C51.EXE key.c OPTIMIZE(8,SPEED) BROWSE DEBUG OBJECTEXTEND PRINT(.\Listings\key.l
                    -st) TABS(2) OBJECT(.\Objects\key.obj)

line level    source

   1          #include "key.h"
   2          #include "timer.h"
   3          
   4          
   5          extern uint speed;
   6          
   7          void KEY_Ctrl(void)
   8          {
   9   1        static bit KEY_LETGO = 0;
  10   1        if( (k1 == 0)&&(KEY_LETGO == 0) )
  11   1        {
  12   2          delay(2000);
  13   2          if(k1 == 0)
  14   2          {
  15   3            KEY_LETGO = 1;
  16   3            
  17   3            speed = 2;
  18   3          }
  19   2        }
  20   1        if( (k2 == 0)&&(KEY_LETGO == 0) )
  21   1        {
  22   2          delay(2000);
  23   2          if(k2 == 0)
  24   2          {
  25   3            KEY_LETGO = 1;
  26   3            
  27   3            speed = 5;
  28   3          }
  29   2        }
  30   1        if( (k3 == 0)&&(KEY_LETGO == 0) )
  31   1        {
  32   2          delay(2000);
  33   2          if(k3 == 0)
  34   2          {
  35   3            KEY_LETGO = 1;
  36   3            
  37   3            speed = 10;
  38   3            
  39   3          }
  40   2        }
  41   1        if( (k1 == 1)&&(k2 == 1)&&(k3 == 1) )
  42   1          KEY_LETGO = 0;  
  43   1      }


MODULE INFORMATION:   STATIC OVERLAYABLE
   CODE SIZE        =     84    ----
   CONSTANT SIZE    =   ----    ----
   XDATA SIZE       =   ----    ----
   PDATA SIZE       =   ----    ----
   DATA SIZE        =   ----    ----
   IDATA SIZE       =   ----    ----
   BIT SIZE         =      1    ----
END OF MODULE INFORMATION.

C51 COMPILER V9.60.0.0   KEY                                                               06/27/2019 21:25:09 PAGE 2   


C51 COMPILATION COMPLETE.  0 WARNING(S),  0 ERROR(S)
