C51 COMPILER V9.60.0.0   SYS                                                               06/27/2019 20:03:02 PAGE 1   


C51 COMPILER V9.60.0.0, COMPILATION OF MODULE SYS
OBJECT MODULE PLACED IN .\Objects\sys.obj
COMPILER INVOKED BY: C:\Keil_v5\C51\BIN\C51.EXE sys.c OPTIMIZE(8,SPEED) BROWSE DEBUG OBJECTEXTEND PRINT(.\Listings\sys.l
                    -st) TABS(2) OBJECT(.\Objects\sys.obj)

line level    source

   1          #include "sys.h"
   2          
   3          
   4          void delay(uint i)
   5          {
   6   1        while(i--);
   7   1      }


MODULE INFORMATION:   STATIC OVERLAYABLE
   CODE SIZE        =     11    ----
   CONSTANT SIZE    =   ----    ----
   XDATA SIZE       =   ----    ----
   PDATA SIZE       =   ----    ----
   DATA SIZE        =   ----    ----
   IDATA SIZE       =   ----    ----
   BIT SIZE         =   ----    ----
END OF MODULE INFORMATION.


C51 COMPILATION COMPLETE.  0 WARNING(S),  0 ERROR(S)
