C51 COMPILER V9.60.0.0   TIMER                                                             06/27/2019 22:24:06 PAGE 1   


C51 COMPILER V9.60.0.0, COMPILATION OF MODULE TIMER
OBJECT MODULE PLACED IN .\Objects\timer.obj
COMPILER INVOKED BY: C:\Keil_v5\C51\BIN\C51.EXE timer.c OPTIMIZE(8,SPEED) BROWSE DEBUG OBJECTEXTEND PRINT(.\Listings\tim
                    -er.lst) TABS(2) OBJECT(.\Objects\timer.obj)

line level    source

   1          #include "timer.h"
   2          
   3          
   4          uint speed = 0;
   5          bit TEMP_CAP = 0;
   6          
   7          void TIM_Init(void) 
   8          {
   9   1        TMOD = 0x11;
  10   1        
  11   1        TL0 = TLx;
  12   1        TH0 = THx;
  13   1        TL1 = (65536-50000)/256;
  14   1        TH1 = (65536-50000)%256;
  15   1        
  16   1        TR0 = 0; // 关闭定时器，电机默认停止状态
  17   1        ET0 = 0; // 关闭定时器中断，电机默认停止状态
  18   1        motor = 1;
  19   1        
  20   1        TR1 = 1;
  21   1        ET1 = 1;
  22   1        
  23   1        EA  = 1;
  24   1      } 
  25          
  26          void PWM_SPEED() interrupt 1
  27          {
  28   1        static uint i = 0;
  29   1        TL0 = TLx;TH0 = THx;
  30   1        i++;
  31   1        if(i>10)
  32   1          i = 0;
  33   1        if(i<=speed)
  34   1          motor = 0;
  35   1        else
  36   1          motor = 1;
  37   1      }
  38          void TEMP_CAPTURE() interrupt 3
  39          {
  40   1        static uchar i = 0;
  41   1        i++;
  42   1        if(i>19)
  43   1        {
  44   2          i = 0;
  45   2          TEMP_CAP = 1;
  46   2        }
  47   1      }
  48          
  49          
  50          
  51          


MODULE INFORMATION:   STATIC OVERLAYABLE
C51 COMPILER V9.60.0.0   TIMER                                                             06/27/2019 22:24:06 PAGE 2   

   CODE SIZE        =    110    ----
   CONSTANT SIZE    =   ----    ----
   XDATA SIZE       =   ----    ----
   PDATA SIZE       =   ----    ----
   DATA SIZE        =      5    ----
   IDATA SIZE       =   ----    ----
   BIT SIZE         =      1    ----
END OF MODULE INFORMATION.


C51 COMPILATION COMPLETE.  0 WARNING(S),  0 ERROR(S)
