C51 COMPILER V9.57.0.0   DS1302                                                            04/26/2019 21:43:01 PAGE 1   


C51 COMPILER V9.57.0.0, COMPILATION OF MODULE DS1302
OBJECT MODULE PLACED IN ds1302.OBJ
COMPILER INVOKED BY: C:\Keil_v5\C51\BIN\C51.EXE ds1302.c OPTIMIZE(8,SPEED) BROWSE DEBUG OBJECTEXTEND TABS(2)

line level    source

   1          #include<ds1302.h>
   2          #include<intrins.h>
   3          
   4          uchar code writedate[]={0x8c,0x88,0x86,0x84,0x82,0x80,0x8a};
   5          uchar code readdate[]={0x8d,0x89,0x87,0x85,0x83,0x81,0x8b};
   6          //             年   月   日   时   分   秒  星期
   7          uchar time[]={0x18,0x12,0x15,0x20,0x44,0x00,0x06};
   8          
   9          
  10          void ds1302write(uchar add,uchar dat)
  11          {  
  12   1        uchar i;
  13   1        CE=0;
  14   1        _nop_();
  15   1        SCLK=0;
  16   1        _nop_();
  17   1        CE=1;
  18   1        _nop_();
  19   1        for(i=0;i<8;i++)
  20   1        {
  21   2          IO=add & 0x01;
  22   2          add=add>>1;
  23   2          SCLK=1;
  24   2          _nop_();
  25   2          SCLK=0;
  26   2          _nop_();
  27   2        }
  28   1        for(i=0;i<8;i++)
  29   1        {
  30   2          IO=dat & 0x01;
  31   2          dat=dat>>1;
  32   2          SCLK=1;
  33   2          _nop_();
  34   2          SCLK=0;
  35   2          _nop_();
  36   2        }
  37   1        CE=0;
  38   1        _nop_();
  39   1      }
  40          
  41          uchar ds1302read(uchar add)
  42          { 
  43   1        uchar i,dat;
  44   1        CE=0;
  45   1        _nop_();
  46   1        SCLK=0;
  47   1        _nop_();
  48   1        CE=1;
  49   1        _nop_();
  50   1        for(i=0;i<8;i++)
  51   1        {
  52   2          IO=add & 0x01;
  53   2          add=add>>1;
  54   2          SCLK=1;
  55   2          _nop_();
C51 COMPILER V9.57.0.0   DS1302                                                            04/26/2019 21:43:01 PAGE 2   

  56   2          SCLK=0;
  57   2          _nop_();
  58   2        }
  59   1        for(i=0;i<8;i++)
  60   1        {
  61   2          if(IO)
  62   2          dat=dat | 0x80;
  63   2          dat=dat>>1;        
  64   2          SCLK=0;
  65   2          _nop_();
  66   2          SCLK=1;
  67   2          _nop_();
  68   2        }
  69   1        CE=0;
  70   1        _nop_();
  71   1        SCLK=1;
  72   1        _nop_();
  73   1        IO=0;
  74   1        _nop_();
  75   1        IO=1;
  76   1        _nop_();
  77   1        return dat;    
  78   1      }
  79          
  80          void ds1302_init()
  81          {
  82   1        uchar i;
  83   1        ds1302write(0x8e,0x00);
  84   1        for(i=0;i<7;i++)
  85   1        {
  86   2          ds1302write(writedate[i],time[i]);
  87   2        } 
  88   1        ds1302write(0x8e,0x80);
  89   1      }
  90          
  91          void ds1302_read_time()
  92          {
  93   1        uchar i;
  94   1        for(i=0;i<7;i++)
  95   1        {
  96   2          time[i]=ds1302read(readdate[i]);
  97   2        }
  98   1      }


MODULE INFORMATION:   STATIC OVERLAYABLE
   CODE SIZE        =    176    ----
   CONSTANT SIZE    =     14    ----
   XDATA SIZE       =   ----    ----
   PDATA SIZE       =   ----    ----
   DATA SIZE        =      7    ----
   IDATA SIZE       =   ----    ----
   BIT SIZE         =   ----    ----
END OF MODULE INFORMATION.


C51 COMPILATION COMPLETE.  0 WARNING(S),  0 ERROR(S)
