C51 COMPILER V9.57.0.0   LCD1602                                                           04/26/2019 21:42:41 PAGE 1   


C51 COMPILER V9.57.0.0, COMPILATION OF MODULE LCD1602
OBJECT MODULE PLACED IN lcd1602.OBJ
COMPILER INVOKED BY: C:\Keil_v5\C51\BIN\C51.EXE lcd1602.c OPTIMIZE(8,SPEED) BROWSE DEBUG OBJECTEXTEND TABS(2)

line level    source

   1          #include<lcd1602.h>
   2          
   3          void delay(uint i_1)
   4          {
   5   1        while(i_1--);
   6   1      }
   7          
   8          void lcd1602write_0(uchar dat)
   9          {
  10   1        LCD_DB=dat;
  11   1        LCD_RS=0;          
  12   1        LCD_RW=0;
  13   1        LCD_E=1;
  14   1        LCD_E=0;
  15   1        delay(8);
  16   1      }
  17          
  18          void lcd1602write_1(uchar dat)
  19          {
  20   1        LCD_DB=dat;
  21   1        LCD_RS=1;          
  22   1        LCD_RW=0;
  23   1        LCD_E=1;
  24   1        LCD_E=0;
  25   1        delay(8);
  26   1      }
  27          
  28          void lcd1602_X_Y(uchar x,uchar y,uchar dat)
  29          {
  30   1        uchar addr;
  31   1        if(x==1)
  32   1          addr=0x80+y;
  33   1        else
  34   1          addr=0xc0+y;
  35   1        lcd1602write_0(addr);
  36   1        lcd1602write_1(dat);
  37   1      }
  38          
  39          void lcd1602init()
  40          {
  41   1         lcd1602write_0(0x38);
  42   1         delay(1500);
  43   1         lcd1602write_0(0x38);
  44   1         lcd1602write_0(0x0c);
  45   1         lcd1602write_0(0x06);
  46   1         lcd1602write_0(0x01);
  47   1         delay(2000);
  48   1      }


MODULE INFORMATION:   STATIC OVERLAYABLE
   CODE SIZE        =    106    ----
   CONSTANT SIZE    =   ----    ----
   XDATA SIZE       =   ----    ----
   PDATA SIZE       =   ----    ----
C51 COMPILER V9.57.0.0   LCD1602                                                           04/26/2019 21:42:41 PAGE 2   

   DATA SIZE        =   ----    ----
   IDATA SIZE       =   ----    ----
   BIT SIZE         =   ----    ----
END OF MODULE INFORMATION.


C51 COMPILATION COMPLETE.  0 WARNING(S),  0 ERROR(S)
