C51 COMPILER V9.59.0.0   MAIN                                                              01/13/2019 20:46:07 PAGE 1   


C51 COMPILER V9.59.0.0, COMPILATION OF MODULE MAIN
OBJECT MODULE PLACED IN .\Objects\main.obj
COMPILER INVOKED BY: F:\00000000\000exe\keil5\C51\BIN\C51.EXE main.c OPTIMIZE(8,SPEED) BROWSE DEBUG OBJECTEXTEND PRINT(.
                    -\Listings\main.lst) TABS(2) OBJECT(.\Objects\main.obj)

line level    source

   1          #include<reg52.h>
   2          #include<intrins.h>
   3          typedef unsigned char uchar;
   4          typedef unsigned int uint;
   5          
   6          #define date P0
   7          #define count 50000
   8          #define TH_0 (65536-count)/256
   9          #define TL_0 (65536-count)%256
  10          
  11          sbit dula=P0^0;
  12          sbit wela=P0^1;
  13          
  14          sbit sh_cp_dula=P0^2;
  15          sbit st_cp_dula=P0^3;
  16          
  17          sbit sh_cp_wela=P0^4;
  18          sbit st_cp_wela=P0^5;
  19          
  20          uchar diss[8];
  21          uchar code distab[17] = {0x3f,0x06,0x5b,0x4f,0x66,0x6d,0x7d, 
  22                                          0x07,0x7f,0x6f,0x77,0x7c,0x39,0x5e,0x79,0x71,0x40};
  23          uint sec=0,min=0,hour=0;
  24          
  25          void delay(uint iii)
  26          {
  27   1        while(iii--);
  28   1      }
  29          void _74hc595_dula(uchar dat)
  30          {
  31   1        uchar i=0;
  32   1        sh_cp_dula=0;
  33   1        st_cp_dula=0;
  34   1        for(i=0;i<8;i++)
  35   1        {
  36   2          dula=dat>>7;
  37   2          dat=dat<<1;
  38   2          sh_cp_dula=1;
  39   2          _nop_();
  40   2          _nop_();
  41   2          sh_cp_dula=0;
  42   2        }
  43   1        st_cp_dula=1;
  44   1        _nop_();
  45   1        _nop_();
  46   1        st_cp_dula=0;
  47   1      }
  48          
  49          void _74hc595_wela(uchar dat)
  50          {
  51   1        uchar i=0;
  52   1        sh_cp_wela=0;
  53   1        st_cp_wela=0;
  54   1        for(i=0;i<8;i++)
C51 COMPILER V9.59.0.0   MAIN                                                              01/13/2019 20:46:07 PAGE 2   

  55   1        {
  56   2          wela=dat>>7;
  57   2          dat=dat<<1;
  58   2          sh_cp_wela=1;
  59   2          _nop_();
  60   2          _nop_();
  61   2          sh_cp_wela=0;
  62   2        }
  63   1        st_cp_wela=1;
  64   1        _nop_();
  65   1        _nop_();
  66   1        st_cp_wela=0;
  67   1      }
  68          
  69          void display()
  70          {
  71   1        uchar dat,i=0;
  72   1        for(dat=0xfe;dat!=0xff;dat=(dat<<1)|0x01)        //1011 1111   
  73   1        {
  74   2          _74hc595_dula(distab[diss[i++]]);
  75   2          
  76   2          _74hc595_wela(dat);
  77   2          
  78   2          if(i==8)i=0;
  79   2          
  80   2          delay(100);
  81   2          _74hc595_dula(0x00);
  82   2          delay(100);
  83   2          
  84   2        }
  85   1      }
  86          void disss()
  87          {
  88   1        diss[0]=hour/10;
  89   1        diss[1]=hour%10;
  90   1        diss[2]=16;
  91   1        diss[3]=min/10;
  92   1        diss[4]=min%10;
  93   1        diss[5]=16;
  94   1        diss[6]=sec/10;
  95   1        diss[7]=sec%10;
  96   1      }
  97          void timer0_init()
  98          {
  99   1        TMOD=0x01;
 100   1        EA=1;ET0=1;TR0=1;
 101   1        TH0=TH_0;TL0=TL_0;
 102   1      }
 103          void main()
 104          {
 105   1        timer0_init();
 106   1        while(1)
 107   1        { 
 108   2          display();
 109   2          disss();
 110   2        }
 111   1      }
 112          void timer0() interrupt 1
 113          {
 114   1        static uchar j;
 115   1        TH0=TH_0;TL0=TL_0;
 116   1        if(++j==20)
C51 COMPILER V9.59.0.0   MAIN                                                              01/13/2019 20:46:07 PAGE 3   

 117   1        {
 118   2          j=0;
 119   2          sec++;
 120   2          if(sec==60)
 121   2          {
 122   3            sec=0;
 123   3            min++;
 124   3            if(min==60)
 125   3            {
 126   4              min=0;
 127   4              hour++;
 128   4              if(hour==24)
 129   4              {
 130   5                hour=0;
 131   5              }
 132   4            }
 133   3          }
 134   2        }
 135   1      }


MODULE INFORMATION:   STATIC OVERLAYABLE
   CODE SIZE        =    355    ----
   CONSTANT SIZE    =     17    ----
   XDATA SIZE       =   ----    ----
   PDATA SIZE       =   ----    ----
   DATA SIZE        =     15    ----
   IDATA SIZE       =   ----    ----
   BIT SIZE         =   ----    ----
END OF MODULE INFORMATION.


C51 COMPILATION COMPLETE.  0 WARNING(S),  0 ERROR(S)
