C51 COMPILER V9.00   LCD1602                                                               12/10/2018 11:41:00 PAGE 1   


C51 COMPILER V9.00, COMPILATION OF MODULE LCD1602
OBJECT MODULE PLACED IN lcd1602.OBJ
COMPILER INVOKED BY: C:\0000000\keil4\C51\BIN\C51.EXE lcd1602.c BROWSE DEBUG OBJECTEXTEND

line level    source

   1          #include<reg52.h>
   2          
   3          typedef unsigned char uchar;
   4          typedef unsigned int uint;
   5          
   6          sbit LCD_RS=P2^6;
   7          sbit LCD_RW=P2^5;
   8          sbit LCD_E=P2^7;
   9          
  10          #define count 50000
  11          #define THx (65536-count)/256
  12          #define TLx (65536-count)%256
  13          
  14          #define LCD_DB P0
  15          
  16          uint j;
  17          uchar str[]="00:00:00";
  18          uchar TIME[]="      TIME";
  19          
  20          void delay(uint x)
  21          {
  22   1              uint i,j;
  23   1              for(i=0;i<x;i++)
  24   1              for(j=0;j<10;j++);
  25   1      }
  26          
  27          void LCD_write_0(uchar dat)
  28          {
  29   1              LCD_DB=dat;
  30   1              LCD_RS=0;
  31   1              LCD_RW=0;
  32   1              LCD_E=1;
  33   1              LCD_E=0;
  34   1              delay(1);
  35   1      }
  36          
  37          void LCD_write_1(uchar dat)
  38          {
  39   1              LCD_DB=dat;
  40   1              LCD_RS=1;
  41   1              LCD_RW=0;
  42   1              LCD_E=1;
  43   1              LCD_E=0;
  44   1              delay(1);
  45   1      }
  46          
  47          void row(uint i)
  48          {
  49   1              uint k;
  50   1              if(i==1)
  51   1              k=0x00;
  52   1              else
  53   1              k=0x40;
  54   1              LCD_write_0(0x80|k);
  55   1      }
C51 COMPILER V9.00   LCD1602                                                               12/10/2018 11:41:00 PAGE 2   

  56          
  57          void LCD_init()
  58          {
  59   1              LCD_write_0(0x38);
  60   1              delay(150);
  61   1              LCD_write_0(0x38);
  62   1              LCD_write_0(0x0c);
  63   1              LCD_write_0(0x06);
  64   1              LCD_write_0(0x01);
  65   1              delay(200);
  66   1      }
  67          
  68          int main()
  69          {
  70   1              uchar i=0,i1=0,i2;
  71   1          TH0=THx;TL0=TLx;
  72   1          ET0=1;EA=1;TR0=1; TMOD=0x01; 
  73   1              LCD_init();
  74   1          while(1)
  75   1          {
  76   2                      row(1);
  77   2                      for(i1=0;TIME[i1]!='\0';i1++)
  78   2                      {
  79   3                              LCD_write_1(TIME[i1]);
  80   3                  delay(10);
  81   3                      }
  82   2              row(2);
  83   2                      for(i2=0;i2<4;i2++)
  84   2                                LCD_write_1(' ');
  85   2              for(i=0;str[i]!='\0';i++)
  86   2              {
  87   3                  LCD_write_1(str[i]);
  88   3                  delay(10);  
  89   3              }
  90   2              delay(5);
  91   2              }
  92   1              return 0;
  93   1      }
  94          
  95          void time0() interrupt 1
  96          {
  97   1          TH0=THx;TL0=TLx;
  98   1          if(++j==20)
  99   1          {
 100   2              j=0;
 101   2              str[7]++;
 102   2              if(str[7]==':')
 103   2              {
 104   3                  str[7]='0';
 105   3                  str[6]++;
 106   3                  if(str[6]=='6')
 107   3                  {
 108   4                      str[6]='0';
 109   4                      str[4]++;
 110   4                      if(str[4]==':')
 111   4                      {
 112   5                          str[4]='0';
 113   5                          str[3]++;
 114   5                          if(str[3]=='6')
 115   5                          {                    
 116   6                              str[3]='0';
 117   6                              str[1]++;        
C51 COMPILER V9.00   LCD1602                                                               12/10/2018 11:41:00 PAGE 3   

 118   6                              if(str[0]=='2')
 119   6                              {
 120   7                                  if(str[1]=='4')
 121   7                                  {
 122   8                                      str[1]='0';
 123   8                                      str[0]='0';
 124   8                                  }
 125   7                              }
 126   6                              else
 127   6                              {
 128   7                                  if(str[1]==10)
 129   7                                  {
 130   8                                  str[1]='0';
 131   8                                  str[0]++;
 132   8                                  }
 133   7                              }
 134   6                          }
 135   5                      }
 136   4                  }
 137   3              }
 138   2          }
 139   1      }


MODULE INFORMATION:   STATIC OVERLAYABLE
   CODE SIZE        =    339    ----
   CONSTANT SIZE    =   ----    ----
   XDATA SIZE       =   ----    ----
   PDATA SIZE       =   ----    ----
   DATA SIZE        =     22       2
   IDATA SIZE       =   ----    ----
   BIT SIZE         =   ----    ----
END OF MODULE INFORMATION.


C51 COMPILATION COMPLETE.  0 WARNING(S),  0 ERROR(S)
