C51 COMPILER V9.01   MAIN                                                                  01/22/2019 20:28:32 PAGE 1   


C51 COMPILER V9.01, COMPILATION OF MODULE MAIN
OBJECT MODULE PLACED IN main.OBJ
COMPILER INVOKED BY: F:\00000000\000exe\keil\C51\BIN\C51.EXE main.c BROWSE DEBUG OBJECTEXTEND

line level    source

   1          #include<reg52.h>
   2          
   3          typedef unsigned char uchar;
   4          typedef unsigned int uint;
   5          
   6          sbit buzzer=P1^5;
   7          //sbit off=P3^2;
   8          
   9          void delay(uint iii)
  10          {
  11   1              while(iii--);
  12   1      }
  13          
  14          void int0_init()
  15          {
  16   1              EA=1;EX0=1;IT0=0;
  17   1      }
  18          
  19          int main()
  20          {
  21   1              int0_init();
  22   1              while(1)
  23   1              {
  24   2                      
  25   2              }
  26   1              return 0;
  27   1      }
  28          
  29          void int0() interrupt 0
  30          {
  31   1              buzzer=~buzzer;
  32   1              delay(75);
  33   1      }


MODULE INFORMATION:   STATIC OVERLAYABLE
   CODE SIZE        =     56    ----
   CONSTANT SIZE    =   ----    ----
   XDATA SIZE       =   ----    ----
   PDATA SIZE       =   ----    ----
   DATA SIZE        =   ----    ----
   IDATA SIZE       =   ----    ----
   BIT SIZE         =   ----    ----
END OF MODULE INFORMATION.


C51 COMPILATION COMPLETE.  0 WARNING(S),  0 ERROR(S)
