C51 COMPILER V9.01   MAIN                                                                  02/19/2019 12:22:18 PAGE 1   


C51 COMPILER V9.01, COMPILATION OF MODULE MAIN
OBJECT MODULE PLACED IN ..\OBJ\main.obj
COMPILER INVOKED BY: F:\00000000\000exe\keil\C51\BIN\C51.EXE main.c BROWSE DEBUG OBJECTEXTEND OBJECT(..\OBJ\main.obj)

line level    source

   1          #include <STC89C5xRC.H>
   2          typedef unsigned char uchar;
   3          typedef unsigned int uint;
   4          sbit led=P0^0;
   5          void init()
   6          {
   7   1              TMOD=0X06;
   8   1              TR0=1;EA=1;ET0=1;
   9   1              TH0=255;
  10   1              TL0=255;
  11   1      }
  12          int main()
  13          {
  14   1              init();
  15   1              while(1);
  16   1      }
  17          void timer0() interrupt 1
  18          {
  19   1              led=~led;
  20   1      }


MODULE INFORMATION:   STATIC OVERLAYABLE
   CODE SIZE        =     24    ----
   CONSTANT SIZE    =   ----    ----
   XDATA SIZE       =   ----    ----
   PDATA SIZE       =   ----    ----
   DATA SIZE        =   ----    ----
   IDATA SIZE       =   ----    ----
   BIT SIZE         =   ----    ----
END OF MODULE INFORMATION.


C51 COMPILATION COMPLETE.  0 WARNING(S),  0 ERROR(S)
