C51 COMPILER V9.01   MAIN                                                                  01/22/2019 20:29:15 PAGE 1   


C51 COMPILER V9.01, COMPILATION OF MODULE MAIN
OBJECT MODULE PLACED IN .\Objects\main.obj
COMPILER INVOKED BY: F:\00000000\000exe\keil\C51\BIN\C51.EXE main.c BROWSE DEBUG OBJECTEXTEND PRINT(.\Listings\main.lst)
                    - OBJECT(.\Objects\main.obj)

line level    source

   1          #include<reg52.h>
   2          #include<intrins.h>
   3          typedef unsigned char uchar;
   4          typedef unsigned int uint;
   5          
   6          #define date P0
   7          #define count 50000
   8          #define TH_0 (65536-count)/256
   9          #define TL_0 (65536-count)%256
  10          
  11          sbit ds=P0^1;
  12          sbit sh_cp=P0^0;
  13          sbit st_cp=P0^2;
  14          
  15          uchar diss[8];
  16          uchar code distab[17] = {0x3f,0x06,0x5b,0x4f,0x66,0x6d,0x7d, 
  17                                                                                                                                          0x07,0x7f,0x6f,0x77,0x7c,0x39,0x5e,0x79,0x71,0x40};
  18          uint sec=0,min=0,hour=0;
  19          
  20          void delay(uint iii)
  21          {
  22   1              while(iii--);
  23   1      }
  24          void hc595(uchar dat)
  25          {
  26   1              uchar i;
  27   1              for(i=0;i<8;i++)
  28   1              {
  29   2                      sh_cp=0;
  30   2                      _nop_();
  31   2                      _nop_();
  32   2                      
  33   2                      ds=dat>>7;
  34   2                      dat=dat<<1;
  35   2                      
  36   2                      sh_cp=1;
  37   2                      _nop_();
  38   2                      _nop_();
  39   2              }
  40   1      }
  41          
  42          void ds_dat_txd()//锁存发送
  43          {
  44   1              st_cp=0;
  45   1              _nop_();
  46   1              _nop_();
  47   1              st_cp=1;
  48   1              _nop_();
  49   1              _nop_();
  50   1      }
  51          
  52          void display()
  53          {
  54   1              uchar i=0,dat=0;
C51 COMPILER V9.01   MAIN                                                                  01/22/2019 20:29:15 PAGE 2   

  55   1              for(dat=0xfe;dat!=0xff;dat=dat<<1|0x01)
  56   1              {
  57   2                      hc595(dat);//先发送位码
  58   2                      hc595(distab[diss[i++]]);//段码，
  59   2                      ds_dat_txd();  //发送
  60   2                      if(i==8)i=0;
  61   2                      delay(100);
  62   2                      hc595(0x00);  //消隐
  63   2                      ds_dat_txd();
  64   2              }
  65   1      }
  66          void disss()
  67          {
  68   1              diss[0]=hour/10;
  69   1              diss[1]=hour%10;
  70   1              diss[2]=16;
  71   1              diss[3]=min/10;
  72   1              diss[4]=min%10;
  73   1              diss[5]=16;
  74   1              diss[6]=sec/10;
  75   1              diss[7]=sec%10;
  76   1      }
  77          void timer0_init()
  78          {
  79   1              TMOD=0x01;
  80   1              EA=1;ET0=1;TR0=1;
  81   1              TH0=TH_0;TL0=TL_0;
  82   1      }
  83          void main()
  84          {
  85   1              timer0_init();
  86   1              while(1)
  87   1              {       
  88   2                      display();
  89   2                      disss();
  90   2              }
  91   1      }
  92          void timer0() interrupt 1
  93          {
  94   1              static uchar j;
  95   1              TH0=TH_0;TL0=TL_0;
  96   1              if(++j==20)
  97   1              {
  98   2                      j=0;
  99   2                      sec++;
 100   2                      if(sec==60)
 101   2                      {
 102   3                              sec=0;
 103   3                              min++;
 104   3                              if(min==60)
 105   3                              {
 106   4                                      min=0;
 107   4                                      hour++;
 108   4                                      if(hour==24)
 109   4                                      {
 110   5                                              hour=0;
 111   5                                      }
 112   4                              }
 113   3                      }
 114   2              }
 115   1      }

C51 COMPILER V9.01   MAIN                                                                  01/22/2019 20:29:15 PAGE 3   


MODULE INFORMATION:   STATIC OVERLAYABLE
   CODE SIZE        =    302    ----
   CONSTANT SIZE    =     17    ----
   XDATA SIZE       =   ----    ----
   PDATA SIZE       =   ----    ----
   DATA SIZE        =     15    ----
   IDATA SIZE       =   ----    ----
   BIT SIZE         =   ----    ----
END OF MODULE INFORMATION.


C51 COMPILATION COMPLETE.  0 WARNING(S),  0 ERROR(S)
