C51 COMPILER V9.59.0.0   MAIN                                                              05/02/2021 18:47:25 PAGE 1   


C51 COMPILER V9.59.0.0, COMPILATION OF MODULE MAIN
OBJECT MODULE PLACED IN main.OBJ
COMPILER INVOKED BY: D:\ProgramFiles\Keil_v5\C51\BIN\C51.EXE main.c OPTIMIZE(8,SPEED) BROWSE DEBUG OBJECTEXTEND TABS(2)

line level    source

   1          #include"reg52.h"
   2          
   3          #define uchar unsigned char
   4          #define uint  unsigned int
   5          
   6          sbit weixuan=P1^0; // 位选 
   7          
   8          uchar code duanxuan[]={0x3f,0x06,0x5b,0x4f,0x66,0x6d,0x7d,
   9                     0x07,0x7f,0x6f,0x77,0x7c,0x39,0x5e,0x79,0x71};   //共阴数码管 段选  码表
  10          
  11                     
  12          void delay1ms(uint i)   //误差 0us
  13          {
  14   1          unsigned char a,b,c;
  15   1        while(i--)
  16   1        {
  17   2            for(c=1;c>0;c--)
  18   2                for(b=142;b>0;b--)
  19   2                    for(a=2;a>0;a--);
  20   2        }
  21   1      }
  22                     
  23                     
  24          
  25          void main()
  26          {
  27   1        uchar i;
  28   1        weixuan = 0;//共阴数码管  位选给 低
  29   1        while(1)
  30   1        {
  31   2          for(i=0;i<10;i++)//循环 0-9
  32   2          {
  33   3            P0=duanxuan[i];
  34   3            delay1ms(1000);// 1000ms = 1s
  35   3          }
  36   2        }
  37   1        
  38   1      }
  39          
  40          
  41          
  42          
  43          
  44          
  45          
  46          


MODULE INFORMATION:   STATIC OVERLAYABLE
   CODE SIZE        =     87    ----
   CONSTANT SIZE    =     16    ----
   XDATA SIZE       =   ----    ----
   PDATA SIZE       =   ----    ----
   DATA SIZE        =   ----    ----
   IDATA SIZE       =   ----    ----
C51 COMPILER V9.59.0.0   MAIN                                                              05/02/2021 18:47:25 PAGE 2   

   BIT SIZE         =   ----    ----
END OF MODULE INFORMATION.


C51 COMPILATION COMPLETE.  0 WARNING(S),  0 ERROR(S)
