C51 COMPILER V9.01   MAIN                                                                  11/14/2020 17:17:44 PAGE 1   


C51 COMPILER V9.01, COMPILATION OF MODULE MAIN
OBJECT MODULE PLACED IN .\Output\main.obj
COMPILER INVOKED BY: F:\00000000\000exe\keil\C51\BIN\C51.EXE main.c BROWSE DEBUG OBJECTEXTEND OBJECT(.\Output\main.obj)

line level    source

   1          /*************************
   2          s1:南北   红     东西   绿
   3          s2:南北   红     东西   黄
   4          s3:南北   绿     东西   红
   5          s4:南北   黄     东西   红
   6          *************************/
   7          #include<reg52.h>
   8          typedef unsigned char uchar;
   9          typedef unsigned int uint;
  10          
  11          #define count 50000
  12          #define TH_0 (65536-count)/256
  13          #define TL_0 (65536-count)%256
  14          
  15          sbit ew_led_r=P3^0;
  16          sbit ew_led_y=P3^1;
  17          sbit ew_led_g=P3^2;
  18          
  19          sbit ns_led_r=P3^3;
  20          sbit ns_led_y=P3^4;
  21          sbit ns_led_g=P3^5;
  22          
  23          sbit bit_0=P2^0;
  24          sbit bit_1=P2^1;
  25          
  26          
  27          uchar code duanxuan[]={0x3f,0x06,0x5b,0x4f,0x66,0x6d,0x7d,0x07,0x7f,0x6f};
  28          
  29          uchar sec=30;
  30          uchar flag=1;
  31          
  32          void delay(uint iii)
  33          {
  34   1              while(iii--);
  35   1      }
  36          void display()
  37          {
  38   1              if(flag==1||flag==2)//状态1和状态2，东西比南北少2秒
  39   1              {
  40   2                      bit_0=0;bit_1=1;
  41   2              
  42   2                      P0=duanxuan[sec%10];
  43   2                      delay(100);P0=0x00;
  44   2                      if(sec>2)
  45   2                      {
  46   3                              P1=duanxuan[(sec-2)%10];
  47   3                              delay(200);P1=0x00;
  48   3                      }
  49   2                      else
  50   2                      {
  51   3                              P1=duanxuan[sec%10];
  52   3                              delay(200);P1=0x00;
  53   3                      }
  54   2              
  55   2                      bit_0=1;bit_1=0;
C51 COMPILER V9.01   MAIN                                                                  11/14/2020 17:17:44 PAGE 2   

  56   2                      
  57   2                      P0=duanxuan[sec/10];
  58   2                      delay(100);P0=0x00;
  59   2                      if(sec>2)
  60   2                      {
  61   3                              P1=duanxuan[(sec-2)/10];
  62   3                          delay(200);P1=0x00;
  63   3                      }
  64   2                      else
  65   2                      {
  66   3                              P1=duanxuan[sec/10];
  67   3                              delay(200);P1=0x00;
  68   3                      } 
  69   2              }
  70   1              else                                     //状态3和状态4，南北比东西少2秒
  71   1              {
  72   2                      bit_0=0;bit_1=1;
  73   2              
  74   2                      P1=duanxuan[sec%10];
  75   2                      delay(100);P1=0x00;
  76   2                      if(sec>2)
  77   2                      {
  78   3                              P0=duanxuan[(sec-2)%10];
  79   3                              delay(200);P0=0x00;
  80   3                      }
  81   2                      else
  82   2                      {
  83   3                              P0=duanxuan[sec%10];
  84   3                              delay(200);P0=0x00;
  85   3                      }
  86   2              
  87   2                      bit_0=1;bit_1=0;
  88   2                      
  89   2                      P1=duanxuan[sec/10];
  90   2                      delay(100);P1=0x00;
  91   2                      if(sec>2)
  92   2                      {
  93   3                              P0=duanxuan[(sec-2)/10];
  94   3                          delay(200);P0=0x00;
  95   3                      }
  96   2                      else
  97   2                      {
  98   3                              P0=duanxuan[sec/10];
  99   3                              delay(200);P0=0x00;
 100   3                      }       
 101   2              }       
 102   1      }
 103          
 104          void timer_init()
 105          {
 106   1              TMOD=0x01;
 107   1              EA=1;ET0=1;TR0=1;
 108   1              TH0=TH_0;TL0=TL_0;
 109   1      }
 110          void led_display()
 111          {
 112   1              if(flag==1)     //s1
 113   1              {
 114   2                      ew_led_r=0;     
 115   2                      ew_led_g=1;
 116   2                      ew_led_y=1;
 117   2      
C51 COMPILER V9.01   MAIN                                                                  11/14/2020 17:17:44 PAGE 3   

 118   2                      ns_led_r=1;
 119   2                      ns_led_g=0;
 120   2                      ns_led_y=1;
 121   2              }
 122   1              else if(flag==2) //s2
 123   1              {
 124   2                      ew_led_r=0;     
 125   2                      ew_led_g=1;
 126   2                      ew_led_y=1;
 127   2      
 128   2                      ns_led_r=1;
 129   2                      ns_led_g=1;
 130   2                      ns_led_y=0;
 131   2              }
 132   1              else if(flag==3) //s3
 133   1              {
 134   2                      ew_led_r=1;     
 135   2                      ew_led_g=0;
 136   2                      ew_led_y=1;
 137   2      
 138   2                      ns_led_r=0;
 139   2                      ns_led_g=1;
 140   2                      ns_led_y=1;
 141   2              }
 142   1              else if(flag==4)        //s4
 143   1              {
 144   2                      ew_led_r=1;     
 145   2                      ew_led_g=1;
 146   2                      ew_led_y=0;
 147   2      
 148   2                      ns_led_r=0;
 149   2                      ns_led_g=1;
 150   2                      ns_led_y=1;
 151   2              }
 152   1              else
 153   1              {
 154   2                      flag=1;//一共四个状态
 155   2              }
 156   1      }
 157          
 158          void main()
 159          {
 160   1              timer_init();
 161   1              while(1)
 162   1              {
 163   2                      display();
 164   2                      led_display();
 165   2              }
 166   1      }
 167          
 168          void timer0() interrupt 1
 169          {
 170   1              static uchar jjj=0;
 171   1              TH0=TH_0;TL0=TL_0;
 172   1              if(++jjj==20)
 173   1              {
 174   2                      jjj=0;
 175   2                      sec--;
 176   2                      if(sec==0)
 177   2                      {
 178   3                              sec=30;
 179   3                              flag++;//s3
C51 COMPILER V9.01   MAIN                                                                  11/14/2020 17:17:44 PAGE 4   

 180   3                      
 181   3                      }               
 182   2                      if(sec-2==0)
 183   2                      {
 184   3                              flag++;//s2        s4
 185   3                      }
 186   2              }
 187   1      }


MODULE INFORMATION:   STATIC OVERLAYABLE
   CODE SIZE        =    485    ----
   CONSTANT SIZE    =     10    ----
   XDATA SIZE       =   ----    ----
   PDATA SIZE       =   ----    ----
   DATA SIZE        =      3    ----
   IDATA SIZE       =   ----    ----
   BIT SIZE         =   ----    ----
END OF MODULE INFORMATION.


C51 COMPILATION COMPLETE.  0 WARNING(S),  0 ERROR(S)
