C51 COMPILER V9.00   8X8点_                                                               12/19/2018 11:33:47 PAGE 1   


C51 COMPILER V9.00, COMPILATION OF MODULE 8X8点_
OBJECT MODULE PLACED IN 8X8点阵.OBJ
COMPILER INVOKED BY: C:\0000000\keil4\C51\BIN\C51.EXE 8X8点阵.c BROWSE DEBUG OBJECTEXTEND

line level    source

   1          #include<reg51.h>
   2          #include<intrins.h>
   3          
   4          typedef unsigned char uchar;
   5          typedef unsigned int uint;
   6          
   7          sbit RCLK=P3^5;
   8          sbit SRCLK=P3^6;
   9          sbit SER=P3^4;
  10          
  11          uchar code ledduan[8]={0x30,0x48,0x44,0x22,0x44,0x48,0x30,0x00};//{0x00,0x00,0x3e,0x41,0x41,0x41,0x3e,0x00
             -};
  12          
  13          uchar code ledwei[]={0x7f,0xbf,0xdf,0xef,0xf7,0xfb,0xfd,0xfe};
  14          
  15          void yanshi(uint x)
  16          {
  17   1              uint i,j;
  18   1              for(i=0;i<x;i++)
  19   1              for(j=0;j<60;j++);
  20   1      }
  21          
  22          void H595(uchar duan)
  23          {
  24   1              uint i;
  25   1              SRCLK=0;
  26   1              RCLK=0;
  27   1              for(i=0;i<8;i++)
  28   1              {
  29   2                      SER=duan>>7;               //1001 1001
  30   2                      duan=duan<<1;
  31   2                      SRCLK=1;
  32   2                      _nop_();
  33   2                      _nop_();
  34   2                      SRCLK=0;
  35   2              }
  36   1              RCLK=1;
  37   1              _nop_();
  38   1              _nop_();
  39   1              RCLK=0;
  40   1      }
  41          
  42          int main()
  43          {
  44   1              uint i;
  45   1              while(1)
  46   1              {
  47   2                      P0=0x7f;
  48   2                      for(i=0;i<8;i++)
  49   2                      {
  50   3                              P0=ledwei[i];
  51   3                              H595(ledduan[i]);
  52   3                              yanshi(2);
  53   3                              H595(0x00);
  54   3                      }
C51 COMPILER V9.00   8X8点_                                                               12/19/2018 11:33:47 PAGE 2   

  55   2              }
  56   1              return 0;
  57   1      }


MODULE INFORMATION:   STATIC OVERLAYABLE
   CODE SIZE        =    135    ----
   CONSTANT SIZE    =     16    ----
   XDATA SIZE       =   ----    ----
   PDATA SIZE       =   ----    ----
   DATA SIZE        =   ----       2
   IDATA SIZE       =   ----    ----
   BIT SIZE         =   ----    ----
END OF MODULE INFORMATION.


C51 COMPILATION COMPLETE.  0 WARNING(S),  0 ERROR(S)
