C51 COMPILER V9.01   MAIN                                                                  03/03/2019 20:26:53 PAGE 1   


C51 COMPILER V9.01, COMPILATION OF MODULE MAIN
OBJECT MODULE PLACED IN ..\OBJ\main.obj
COMPILER INVOKED BY: C:\Keil\C51\BIN\C51.EXE main.c BROWSE DEBUG OBJECTEXTEND OBJECT(..\OBJ\main.obj)

line level    source

   1          #include"reg52.h"
   2          typedef unsigned char uchar;
   3          typedef unsigned int uint;
   4          
   5          sbit A38=P2^2;
   6          sbit B38=P2^3;
   7          sbit C38=P2^4;
   8          
   9          #define BUTTON P1
  10          #define countplay P0
  11          
  12          uchar code duanxuan[]={0x3f,0x06,0x5b,0x4f,0x66,0x6d,0x7d,
  13                                                   0x07,0x7f,0x6f,0x77,0x7c,0x39,0x5e,0x79,0x71};
  14          
  15          uchar weizhi=0;
  16          uchar count=0;
  17          
  18          void key()
  19          {
  20   1              uchar dat=0;//读 键值 变量
  21   1              static bit flag_song=0;//检测松手标志位
  22   1              static uint flag_delay=0;//检测消抖标志位
  23   1              BUTTON=0xf0;
  24   1              if(flag_song==0&&BUTTON!=0xf0)
  25   1              {
  26   2                      flag_delay++;//消抖
  27   2                      
  28   2                      if(flag_delay>700&&BUTTON!=0xf0)
  29   2                      {
  30   3                              flag_delay=0;
  31   3                              flag_song=1;
  32   3                              
  33   3                              dat=BUTTON;
  34   3                              BUTTON=0x0f;
  35   3                              dat=dat|BUTTON;
  36   3                              switch(dat)
  37   3                              {
  38   4                                      case 0x77:weizhi=1;break;
  39   4                                      case 0x7b:weizhi=2;break;
  40   4                                      case 0x7d:weizhi=3;break;
  41   4                                      case 0x7e:weizhi=4;break;
  42   4      
  43   4                                      case 0xb7:weizhi=5;break;
  44   4                                      case 0xbb:weizhi=6;break;
  45   4                                      case 0xbd:weizhi=7;break;
  46   4                                      case 0xbe:weizhi=8;break;
  47   4      
  48   4                                      case 0xd7:weizhi=9;break;
  49   4                                      case 0xdb:weizhi=10;break;
  50   4                                      case 0xdd:weizhi=11;break;
  51   4                                      case 0xde:weizhi=12;break;
  52   4                                      
  53   4                                      case 0xe7:weizhi=13;break;
  54   4                                      case 0xeb:weizhi=14;break;
  55   4                                      case 0xed:weizhi=15;break;
C51 COMPILER V9.01   MAIN                                                                  03/03/2019 20:26:53 PAGE 2   

  56   4                                      case 0xee:weizhi=16;break;
  57   4                              }
  58   3                      }
  59   2              }
  60   1              if(BUTTON==0xf0)
  61   1              {
  62   2                      flag_song=0;
  63   2                      flag_delay=0;
  64   2              }
  65   1              if(weizhi==1)
  66   1              {
  67   2                      weizhi=0;
  68   2                      count++;
  69   2                      if(count==10)count=0;
  70   2              }
  71   1      }
  72          void main()
  73          {
  74   1              A38=0;
  75   1              B38=0;
  76   1              C38=0;
  77   1              while(1)
  78   1              {
  79   2                      key();
  80   2                      countplay=duanxuan[count];
  81   2              }
  82   1      }
  83          
  84          
  85          
  86          
  87          
  88          
  89          
  90          
  91          
  92          
  93          
  94          
  95          


MODULE INFORMATION:   STATIC OVERLAYABLE
   CODE SIZE        =    247    ----
   CONSTANT SIZE    =     16    ----
   XDATA SIZE       =   ----    ----
   PDATA SIZE       =   ----    ----
   DATA SIZE        =      4    ----
   IDATA SIZE       =   ----    ----
   BIT SIZE         =      1    ----
END OF MODULE INFORMATION.


C51 COMPILATION COMPLETE.  0 WARNING(S),  0 ERROR(S)
