C51 COMPILER V9.57.0.0   DISPLAY                                                           04/04/2019 16:21:33 PAGE 1   


C51 COMPILER V9.57.0.0, COMPILATION OF MODULE DISPLAY
OBJECT MODULE PLACED IN ..\Obj\display.obj
COMPILER INVOKED BY: C:\Keil_v5\C51\BIN\C51.EXE ..\Hardware\DISPLAY\display.c OPTIMIZE(8,SPEED) BROWSE INCDIR(..\Hardwar
                    -e\DISPLAY;..\Hardware\KEY) DEBUG OBJECTEXTEND PRINT(.\Listings\display.lst) TABS(2) OBJECT(..\Obj\display.obj)

line level    source

   1          #include"reg52.h"
   2          #include"display.h"
   3          
   4          
   5          void display()
   6          {
   7   1        if(flag==1||flag==2)  //状态1和状态2，东西比南北少2秒
   8   1        {
   9   2          bit_0=0;bit_1=1;
  10   2        
  11   2          P0=duanxuan[sec%10];
*** ERROR C202 IN LINE 11 OF ..\Hardware\DISPLAY\display.c: 'sec': undefined identifier
  12   2          delay(100);P0=0x00;
  13   2          if(sec>2)
  14   2          {
  15   3            P1=duanxuan[(sec-2)%10];
  16   3            delay(200);P1=0x00;
  17   3          }
  18   2          else
  19   2          {
  20   3            P1=duanxuan[sec%10];
  21   3            delay(200);P1=0x00;
  22   3          }
  23   2        
  24   2          bit_0=1;bit_1=0;
  25   2          
  26   2          P0=duanxuan[sec/10];
  27   2          delay(100);P0=0x00;
  28   2          if(sec>2)
  29   2          {
  30   3            P1=duanxuan[(sec-2)/10];
  31   3              delay(200);P1=0x00;
  32   3          }
  33   2          else
  34   2          {
  35   3            P1=duanxuan[sec/10];
  36   3            delay(200);P1=0x00;
  37   3          } 
  38   2        }
  39   1        else if(flag==3||flag==4)//状态3和状态4，南北比东西少2秒
  40   1        {
  41   2          bit_0=0;bit_1=1;
  42   2        
  43   2          P1=duanxuan[sec%10];
  44   2          delay(100);P1=0x00;
  45   2          if(sec>2)
  46   2          {
  47   3            P0=duanxuan[(sec-2)%10];
  48   3            delay(200);P0=0x00;
  49   3          }
  50   2          else
  51   2          {
  52   3            P0=duanxuan[sec%10];
  53   3            delay(200);P0=0x00;
C51 COMPILER V9.57.0.0   DISPLAY                                                           04/04/2019 16:21:33 PAGE 2   

  54   3          }
  55   2        
  56   2          bit_0=1;bit_1=0;
  57   2          
  58   2          P1=duanxuan[sec/10];
  59   2          delay(100);P1=0x00;
  60   2          if(sec>2)
  61   2          {
  62   3            P0=duanxuan[(sec-2)/10];
  63   3              delay(200);P0=0x00;
  64   3          }
  65   2          else
  66   2          {
  67   3            P0=duanxuan[sec/10];
  68   3            delay(200);P0=0x00;
  69   3          }   
  70   2        }
  71   1        else if(flag==6||flag==7||flag==8)   //路口通行管理
  72   1        {
  73   2          bit_0=0;bit_1=1;
  74   2      
  75   2          P0=0x3f;
  76   2          delay(100);P0=0x00;
  77   2          P1=0x3f;
  78   2          delay(100);P1=0x00;
  79   2      
  80   2          bit_0=1;bit_1=0;
  81   2      
  82   2          P0=0x3f;
  83   2          delay(100);P0=0x00;
  84   2          P1=0x3f;
  85   2          delay(100);P1=0x00;
  86   2        }
  87   1      }

C51 COMPILATION COMPLETE.  0 WARNING(S),  1 ERROR(S)
