C51 COMPILER V9.57.0.0   MAIN                                                              04/04/2019 17:16:44 PAGE 1   


C51 COMPILER V9.57.0.0, COMPILATION OF MODULE MAIN
OBJECT MODULE PLACED IN ..\Obj\main.obj
COMPILER INVOKED BY: C:\Keil_v5\C51\BIN\C51.EXE main.c OPTIMIZE(8,SPEED) BROWSE INCDIR(..\Hardware\DISPLAY;..\Hardware\K
                    -EY) DEBUG OBJECTEXTEND PRINT(.\Listings\main.lst) TABS(2) OBJECT(..\Obj\main.obj)

line level    source

   1          #include<reg52.h>
   2          #include"key.h"
   3          
   4          #define count 50000
   5          #define TH_0  (65536-count)/256
   6          #define TL_0  (65536-count)%256
   7          
   8          #define YELLOW_TIME    5
   9          #define TIME_SMALL    20
  10          #define TIME_BIG    60
  11          
  12          sbit ew_led_r=P3^0;
  13          sbit ew_led_y=P3^1;
  14          sbit ew_led_g=P3^2;
  15          
  16          sbit ns_led_r=P3^3;
  17          sbit ns_led_y=P3^4;
  18          sbit ns_led_g=P3^5;
  19          
  20          sbit bit_0=P2^0;
  21          sbit bit_1=P2^1;
  22          
  23          uchar code duanxuan[]={0x3f,0x06,0x5b,0x4f,0x66,0x6d,0x7d,0x07,0x7f,0x6f};
  24          
  25          
  26          uchar sec  = 30;
  27          uchar flag = 1;
  28          uchar temp = 30;
  29          
  30          bit YELLOW = 0;
  31          
  32          void delay(uint iii)
  33          {
  34   1        while(iii--);
  35   1      }
  36          void display()
  37          {
  38   1        if(flag==1||flag==2)  //状态1和状态2，东西比南北少2秒
  39   1        {
  40   2          bit_0=0;bit_1=1;
  41   2        
  42   2          P0=duanxuan[sec%10];
  43   2          delay(100);P0=0x00;
  44   2          if(sec>YELLOW_TIME)
  45   2          {
  46   3            P1=duanxuan[(sec-YELLOW_TIME)%10];
  47   3            delay(200);P1=0x00;
  48   3          }
  49   2          else
  50   2          {
  51   3            P1=duanxuan[sec%10];
  52   3            delay(200);P1=0x00;
  53   3          }
  54   2        
C51 COMPILER V9.57.0.0   MAIN                                                              04/04/2019 17:16:44 PAGE 2   

  55   2          bit_0=1;bit_1=0;
  56   2          
  57   2          P0=duanxuan[sec/10];
  58   2          delay(100);P0=0x00;
  59   2          if(sec>YELLOW_TIME)
  60   2          {
  61   3            P1=duanxuan[(sec-YELLOW_TIME)/10];
  62   3              delay(200);P1=0x00;
  63   3          }
  64   2          else
  65   2          {
  66   3            P1=duanxuan[sec/10];
  67   3            delay(200);P1=0x00;
  68   3          } 
  69   2        }
  70   1        else if(flag==3||flag==4)//状态3和状态4，南北比东西少2秒
  71   1        {
  72   2          bit_0=0;bit_1=1;
  73   2        
  74   2          P1=duanxuan[sec%10];
  75   2          delay(100);P1=0x00;
  76   2          if(sec>YELLOW_TIME)
  77   2          {
  78   3            P0=duanxuan[(sec-YELLOW_TIME)%10];
  79   3            delay(200);P0=0x00;
  80   3          }
  81   2          else
  82   2          {
  83   3            P0=duanxuan[sec%10];
  84   3            delay(200);P0=0x00;
  85   3          }
  86   2        
  87   2          bit_0=1;bit_1=0;
  88   2          
  89   2          P1=duanxuan[sec/10];
  90   2          delay(100);P1=0x00;
  91   2          if(sec>YELLOW_TIME)
  92   2          {
  93   3            P0=duanxuan[(sec-YELLOW_TIME)/10];
  94   3              delay(200);P0=0x00;
  95   3          }
  96   2          else
  97   2          {
  98   3            P0=duanxuan[sec/10];
  99   3            delay(200);P0=0x00;
 100   3          }   
 101   2        }
 102   1        else if(flag==6||flag==7||flag==8)   //路口通行管理
 103   1        {
 104   2          bit_0=0;bit_1=1;
 105   2      
 106   2          P0=0x3f;
 107   2          delay(100);P0=0x00;
 108   2          P1=0x3f;
 109   2          delay(100);P1=0x00;
 110   2      
 111   2          bit_0=1;bit_1=0;
 112   2      
 113   2          P0=0x3f;
 114   2          delay(100);P0=0x00;
 115   2          P1=0x3f;
 116   2          delay(100);P1=0x00;
C51 COMPILER V9.57.0.0   MAIN                                                              04/04/2019 17:16:44 PAGE 3   

 117   2        }
 118   1      }
 119          
 120          void led_display()
 121          {
 122   1        if(flag==1) //s1
 123   1        {
 124   2          ew_led_r=0; 
 125   2          ew_led_g=1;
 126   2          ew_led_y=1;
 127   2      
 128   2          ns_led_r=1;
 129   2          ns_led_g=0;
 130   2          ns_led_y=1;
 131   2        }
 132   1        else if(flag==2) //s2
 133   1        {
 134   2          ew_led_r=0; 
 135   2          ew_led_g=1;
 136   2          ew_led_y=1;
 137   2      
 138   2          ns_led_r=1;
 139   2          ns_led_g=1;
 140   2          if(YELLOW == 0) ns_led_y=0;
 141   2          else ns_led_y=1;
 142   2        }
 143   1        else if(flag==3) //s3
 144   1        {
 145   2          ew_led_r=1; 
 146   2          ew_led_g=0;
 147   2          ew_led_y=1;
 148   2      
 149   2          ns_led_r=0;
 150   2          ns_led_g=1;
 151   2          ns_led_y=1;
 152   2        }
 153   1        else if(flag==4)  //s4
 154   1        {
 155   2          ew_led_r=1; 
 156   2          ew_led_g=1;
 157   2          if(YELLOW == 0)ew_led_y=0;
 158   2          else ew_led_y=1;
 159   2      
 160   2          ns_led_r=0;
 161   2          ns_led_g=1;
 162   2          ns_led_y=1;
 163   2        }
 164   1        else if(flag==5)   //回到s1
 165   1        {
 166   2          flag=1;//一共四个状态
 167   2        }
 168   1        else if(flag==6)
 169   1        {
 170   2          ew_led_r=1; 
 171   2          ew_led_g=1;
 172   2          ew_led_y=0;
 173   2      
 174   2          ns_led_r=1;
 175   2          ns_led_g=1;
 176   2          ns_led_y=0;
 177   2        }
 178   1        else if(flag==7)
C51 COMPILER V9.57.0.0   MAIN                                                              04/04/2019 17:16:44 PAGE 4   

 179   1        {
 180   2          ew_led_r=1; 
 181   2          ew_led_g=0;
 182   2          ew_led_y=1;
 183   2      
 184   2          ns_led_r=0;
 185   2          ns_led_g=1;
 186   2          ns_led_y=1;
 187   2        }
 188   1        else
 189   1        {
 190   2          ew_led_r=0; 
 191   2          ew_led_g=1;
 192   2          ew_led_y=1;
 193   2      
 194   2          ns_led_r=1;
 195   2          ns_led_g=0;
 196   2          ns_led_y=1;
 197   2        }
 198   1      }
 199          void key()
 200          {
 201   1        uchar k = 0;
 202   1        static uchar i=0;
 203   1        k = Read_Key();
 204   1        if(k==4){
 205   2            i++;TR0=0;  
 206   2        }
 207   1        if(k==3&&TR0==0&&sec<=TIME_BIG&&(flag==1||flag==2||flag==3||flag==4))
 208   1        {
 209   2            sec=sec+YELLOW_TIME;
 210   2            temp=sec;
 211   2        }
 212   1        if(k==2&&TR0==0&&sec>=TIME_SMALL&&(flag==1||flag==2||flag==3||flag==4))
 213   1        {
 214   2            sec=sec-YELLOW_TIME;
 215   2            temp=sec;
 216   2        }
 217   1        if(k==1&&(flag==1||flag==2||flag==3||flag==4))
 218   1        {
 219   2            TR0=~TR0;
 220   2        }
 221   1        if(i==1){
 222   2          flag=6;
 223   2        }
 224   1        if(i==2){
 225   2          flag=7;
 226   2        }
 227   1        if(i==3){
 228   2          flag=8;
 229   2        }
 230   1        if(i==4){
 231   2          flag=1;
 232   2          TR0=1; 
 233   2          i=0;
 234   2        }
 235   1      }
 236          
 237          void YELLOW_TIMEr_init()
 238          {
 239   1        TMOD=0x11;
 240   1        EA=1;
C51 COMPILER V9.57.0.0   MAIN                                                              04/04/2019 17:16:44 PAGE 5   

 241   1        ET0=1;TR0=1;
 242   1        ET1=1;TR1=1;
 243   1        TH0=TH_0;TL0=TL_0;
 244   1        TH1=TH_0;TL1=TL_0;
 245   1      }
 246          void main()
 247          {
 248   1        YELLOW_TIMEr_init();
 249   1        while(1)
 250   1        {
 251   2          display();
 252   2          led_display();
 253   2          key();
 254   2        }
 255   1      }
 256          
 257          void YELLOW_TIMEr0() interrupt 1
 258          {
 259   1        static uchar jjj=0;
 260   1        TH0=TH_0;TL0=TL_0;
 261   1        if(++jjj==20)
 262   1        {
 263   2          jjj=0;
 264   2          sec--;
 265   2          if(sec==0)
 266   2          {
 267   3            sec=temp;
 268   3            flag++;//s3
 269   3          
 270   3          }   
 271   2          if(sec-YELLOW_TIME==0)
 272   2          {
 273   3            flag++;//s2    s4
 274   3          }
 275   2        }
 276   1      }
 277          
 278          void YELLOW_TIMEr1() interrupt 3
 279          {
 280   1        static uchar jjj = 0;
 281   1        TH1=TH_0;TL1=TL_0;
 282   1        if(++jjj==10){
 283   2          jjj = 0;
 284   2          YELLOW = ~YELLOW;
 285   2        }
 286   1      }
 287          
 288          
 289          
 290          
 291          
 292          
 293          
 294          
 295          
 296          
 297          
 298          
 299          
 300          
 301          
 302          
C51 COMPILER V9.57.0.0   MAIN                                                              04/04/2019 17:16:44 PAGE 6   



MODULE INFORMATION:   STATIC OVERLAYABLE
   CODE SIZE        =    823    ----
   CONSTANT SIZE    =     10    ----
   XDATA SIZE       =   ----    ----
   PDATA SIZE       =   ----    ----
   DATA SIZE        =      6    ----
   IDATA SIZE       =   ----    ----
   BIT SIZE         =      1    ----
END OF MODULE INFORMATION.


C51 COMPILATION COMPLETE.  0 WARNING(S),  0 ERROR(S)
