C51 COMPILER V9.00   MAIN                                                                  12/26/2018 17:31:45 PAGE 1   


C51 COMPILER V9.00, COMPILATION OF MODULE MAIN
OBJECT MODULE PLACED IN main.OBJ
COMPILER INVOKED BY: C:\0000000\keil4\C51\BIN\C51.EXE main.c BROWSE DEBUG OBJECTEXTEND

line level    source

   1          #include<reg52.h>
   2          #include<lcd1602.h>
   3          
   4          sbit k1=P3^1;
   5          sbit k2=P3^0;
   6          sbit k3=P3^2;
   7          sbit k4=P3^3;
   8          
   9          #define count 5000
  10          #define thx (65536-count)>>8
  11          #define tlx     (65536-count)&0x00ff
  12          
  13          uchar time[]="00:00:00",i1;
  14          uint sec=0,min=0,ms=0;
  15          
  16          void delay(uint iii)
  17          {
  18   1              while(iii--);
  19   1      }
  20          void timer0_init()
  21          {
  22   1              TMOD=0X01;
  23   1              EA=1;ET0=1;TR0=0;
  24   1              TH0=thx;TL0=tlx;
  25   1      }
  26          void intr_init()
  27          {
  28   1              EX0=1;EX1=1;
  29   1              IT0=1;IT1=1;
  30   1      }
  31          void run_time_set_up()
  32          {
  33   1              time[0]=min/10+'0';
  34   1              time[1]=min%10+'0';
  35   1              time[3]=sec/10+'0';
  36   1              time[4]=sec%10+'0';
  37   1              time[6]=ms/10+'0';
  38   1              time[7]=ms%10+'0';
  39   1      }                                       //          01234567
  40          int main()                      //      time[]="00:00:00"
  41          {
  42   1              uint i,j;
  43   1              timer0_init();
  44   1              LCD_init();
  45   1              intr_init();
  46   1              while(1)
  47   1              {
  48   2                      j=4;
  49   2                      run_time_set_up();
  50   2                      for(i=0;time[i]!='\0';i++)
  51   2                      {
  52   3                              LCD_X_Y(1,j++,time[i]);
  53   3                      }
  54   2              }
  55   1              return 0;
C51 COMPILER V9.00   MAIN                                                                  12/26/2018 17:31:45 PAGE 2   

  56   1      }
  57          void intr0() interrupt 0
  58          {
  59   1              delay(2000);
  60   1              if(k3==0)
  61   1              {
  62   2                      TR0=~TR0;
  63   2              }
  64   1      }
  65          void intr1() interrupt 2
  66          {
  67   1              delay(2000);
  68   1              if(k4==0&&TR0==0)
  69   1              {
  70   2                      sec=0;min=0;ms=0;TR0=0;
  71   2              }
  72   1      }
  73          void timer0() interrupt 1
  74          {
  75   1              TH0=thx;TL0=tlx;
  76   1              if(++i1==2)
  77   1              {
  78   2                      i1=0;
  79   2                      ms++;
  80   2                      if(ms==100)
  81   2                      {
  82   3                              ms=0;
  83   3                              sec++;
  84   3                              if(sec==60)
  85   3                              {
  86   4                                      sec=0;
  87   4                                      min++;
  88   4                                      if(min==100)
  89   4                                      {
  90   5                                              min=0;
  91   5                                      }
  92   4                              }
  93   3                      }       
  94   2              }
  95   1      }


MODULE INFORMATION:   STATIC OVERLAYABLE
   CODE SIZE        =    362    ----
   CONSTANT SIZE    =   ----    ----
   XDATA SIZE       =   ----    ----
   PDATA SIZE       =   ----    ----
   DATA SIZE        =     16       4
   IDATA SIZE       =   ----    ----
   BIT SIZE         =   ----    ----
END OF MODULE INFORMATION.


C51 COMPILATION COMPLETE.  0 WARNING(S),  0 ERROR(S)
