C51 COMPILER V9.01   MAIN                                                                  02/12/2019 18:19:08 PAGE 1   


C51 COMPILER V9.01, COMPILATION OF MODULE MAIN
OBJECT MODULE PLACED IN .\Objects\main.obj
COMPILER INVOKED BY: F:\00000000\000exe\keil\C51\BIN\C51.EXE main.c BROWSE DEBUG OBJECTEXTEND PRINT(.\Listings\main.lst)
                    - OBJECT(.\Objects\main.obj)

line level    source

   1          #include<reg52.h>
   2          typedef unsigned char uchar;
   3          typedef unsigned int uint;
   4          
   5          sbit ctrl=P2^0;
   6          
   7          void delay(uint iii)
   8          {
   9   1              while(iii--);
  10   1      }
  11          
  12          void int0_init()
  13          {
  14   1              EA=1;EX0=1;IT0=1;
  15   1      }
  16          
  17          void main()
  18          {
  19   1              int0_init();
  20   1              while(1)
  21   1              {
  22   2              
  23   2              }
  24   1      }
  25          
  26          void int0() interrupt 0
  27          {
  28   1              delay(2000);
  29   1              ctrl=~ctrl;
  30   1      }


MODULE INFORMATION:   STATIC OVERLAYABLE
   CODE SIZE        =     56    ----
   CONSTANT SIZE    =   ----    ----
   XDATA SIZE       =   ----    ----
   PDATA SIZE       =   ----    ----
   DATA SIZE        =   ----    ----
   IDATA SIZE       =   ----    ----
   BIT SIZE         =   ----    ----
END OF MODULE INFORMATION.


C51 COMPILATION COMPLETE.  0 WARNING(S),  0 ERROR(S)
