C51 COMPILER V9.01   MAIN                                                                  03/02/2019 19:47:33 PAGE 1   


C51 COMPILER V9.01, COMPILATION OF MODULE MAIN
OBJECT MODULE PLACED IN ..\OBJ\main.obj
COMPILER INVOKED BY: C:\Keil\C51\BIN\C51.EXE main.c BROWSE DEBUG OBJECTEXTEND OBJECT(..\OBJ\main.obj)

line level    source

   1          #include<reg52.h>
   2          
   3          /*k1短按红灯亮，长按蓝灯亮*/
   4          
   5          typedef unsigned char uchar;
   6          typedef unsigned int uint;
   7          
   8          sbit led_red=P0^2;
   9          sbit led_blue=P0^0;
  10          sbit k1=P3^1;
  11          
  12          uchar readkey()
  13          {
  14   1              static uchar keycount=0;
  15   1              static uint keytime=0;
  16   1              uchar key_return=0;
  17   1              switch(keycount)
  18   1              {
  19   2                      case 0:
  20   2                              if(k1==1)//没有按下
  21   2                              {
  22   3                                      key_return=0;
  23   3                              }
  24   2                              else//按下
  25   2                              {
  26   3                                      keycount=1;
  27   3                                      keytime=0;
  28   3                              }break;         
  29   2                      case 1:
  30   2                              if(k1==0)
  31   2                              {
  32   3                                      keytime++;
  33   3                                      if(keytime>=500)
  34   3                                      {
  35   4                                              keycount=2;
  36   4                                      }
  37   3                              }
  38   2                              else
  39   2                              {
  40   3                                      keycount=0;
  41   3                              }break;
  42   2                      case 2:
  43   2                              if(k1==1)
  44   2                              {
  45   3                                      key_return=1;
  46   3                                      keycount=0;
  47   3                              }
  48   2                              else
  49   2                              {
  50   3                                      keytime++;
  51   3                                      if(keytime>=10000)
  52   3                                      {
  53   4                                              key_return=11;
  54   4                                              keycount=3;
  55   4                                      }
C51 COMPILER V9.01   MAIN                                                                  03/02/2019 19:47:33 PAGE 2   

  56   3                              }break;
  57   2                      case 3:
  58   2                              if(k1==1)
  59   2                              {
  60   3                                      keycount=0;
  61   3                              }break;
  62   2              }
  63   1              return key_return;
  64   1      }
  65          void key()
  66          {
  67   1              uchar key;
  68   1              key=readkey();
  69   1              if(key==1)
  70   1              {
  71   2                      led_red=~led_red;
  72   2              }
  73   1              else if(key==11)
  74   1              {
  75   2                      led_blue=~led_blue;
  76   2              }
  77   1      }
  78          void main(void)
  79          {
  80   1              while(1)
  81   1              {
  82   2                      key();
  83   2              }
  84   1      }
  85          
  86          
  87          
  88          
  89          
  90          
  91          
  92          
  93          
  94          
  95          
  96          
  97          
  98          
  99          
 100          
 101          
 102          
 103          
 104          
 105          
 106          
 107          
 108          
 109          
 110          
 111          


MODULE INFORMATION:   STATIC OVERLAYABLE
   CODE SIZE        =    117    ----
   CONSTANT SIZE    =   ----    ----
   XDATA SIZE       =   ----    ----
C51 COMPILER V9.01   MAIN                                                                  03/02/2019 19:47:33 PAGE 3   

   PDATA SIZE       =   ----    ----
   DATA SIZE        =      3    ----
   IDATA SIZE       =   ----    ----
   BIT SIZE         =   ----    ----
END OF MODULE INFORMATION.


C51 COMPILATION COMPLETE.  0 WARNING(S),  0 ERROR(S)
