C51 COMPILER V9.59.0.0   MAIN                                                              05/19/2019 20:08:39 PAGE 1   


C51 COMPILER V9.59.0.0, COMPILATION OF MODULE MAIN
OBJECT MODULE PLACED IN .\Objects\main.obj
COMPILER INVOKED BY: C:\Keil_v5\C51\BIN\C51.EXE main.c OPTIMIZE(8,SPEED) BROWSE DEBUG OBJECTEXTEND PRINT(.\Listings\main
                    -.lst) TABS(2) OBJECT(.\Objects\main.obj)

line level    source

   1          #include<reg52.h>
   2          
   3          #define uint unsigned int
   4          #define uchar unsigned char
   5            
   6          sbit k1=P3^2;
   7          sbit k2=P3^3;
   8          sbit k3=P3^1;
   9          
  10          sbit LSA=P2^2;
  11          sbit LSB=P2^3;
  12          sbit LSC=P2^4;
  13          
  14          #define count 5000
  15          #define thx (65536-count)>>8
  16          #define tlx (65536-count)&0x00ff
  17          
  18          
  19          typedef struct 
  20          {
  21            uchar ms;
  22            uchar sec;
  23            uchar min;
  24          }RECORD_TypeDef; // 时间记录结构体
  25          
  26          RECORD_TypeDef RECORD_Structure[10]; // 定义时间记录结构体
  27          
  28          
  29          
  30          uchar code duanxuan[]={0x3f,0x06,0x5b,0x4f,0x66,0x6d,0x7d,0x07,0x7f,0x6f};
  31          
  32          uint sec=0,min=0,ms=0;
  33          
  34          uchar MENU1;
  35          
  36          void delay(uint iii)
  37          {
  38   1        while(iii--);
  39   1      }
  40          void timer0_init()
  41          {
  42   1        TMOD=0X01;
  43   1        EA=1;ET0=1;TR0=0;
  44   1        TH0=thx;TL0=tlx;
  45   1      }
  46          void intr_init()
  47          {
  48   1        EX0=1;EX1=1;
  49   1        IT0=1;IT1=1;
  50   1      }
  51          void display()
  52          {
  53   1        uint i;
  54   1        for(i=0;i<9;i++)
C51 COMPILER V9.59.0.0   MAIN                                                              05/19/2019 20:08:39 PAGE 2   

  55   1        {
  56   2          if(MENU1 == 0) {
  57   3            switch(i)
  58   3            {
  59   4              case 1:LSC=0;LSB=0;LSA=0;
  60   4              P0=duanxuan[ms%10];break;
  61   4              case 2:LSC=0;LSB=0;LSA=1;
  62   4              P0=duanxuan[ms/10];break;
  63   4              case 3:LSC=0;LSB=1;LSA=0;
  64   4              P0=duanxuan[sec%10]|0x80;break;
  65   4              case 4:LSC=0;LSB=1;LSA=1;
  66   4              P0=duanxuan[sec/10];break;
  67   4              case 5:LSC=1;LSB=0;LSA=0;
  68   4              P0=duanxuan[min%10]|0x80;break;
  69   4              case 6:LSC=1;LSB=0;LSA=1;
  70   4              P0=duanxuan[min/10];break;
  71   4              case 7:LSC=1;LSB=1;LSA=0;
  72   4              P0=0x00;break;
  73   4              case 8:LSC=1;LSB=1;LSA=1;
  74   4              P0=0x00;break;
  75   4            }
  76   3            delay(100);
  77   3            P0=0x00;
  78   3          }
  79   2          else {
  80   3            switch(i)
  81   3            {
  82   4              case 1:LSC=0;LSB=0;LSA=0;
  83   4              P0=duanxuan[RECORD_Structure[MENU1-1].ms%10];break;
  84   4              case 2:LSC=0;LSB=0;LSA=1;
  85   4              P0=duanxuan[RECORD_Structure[MENU1-1].ms/10];break;
  86   4              case 3:LSC=0;LSB=1;LSA=0;
  87   4              P0=duanxuan[RECORD_Structure[MENU1-1].sec%10]|0x80;break;
  88   4              case 4:LSC=0;LSB=1;LSA=1;
  89   4              P0=duanxuan[RECORD_Structure[MENU1-1].sec/10];break;
  90   4              case 5:LSC=1;LSB=0;LSA=0;
  91   4              P0=duanxuan[RECORD_Structure[MENU1-1].min%10]|0x80;break;
  92   4              case 6:LSC=1;LSB=0;LSA=1;
  93   4              P0=duanxuan[RECORD_Structure[MENU1-1].min/10];break;
  94   4              case 7:LSC=1;LSB=1;LSA=0;
  95   4              P0=0x40;break;
  96   4              case 8:LSC=1;LSB=1;LSA=1;
  97   4              P0=duanxuan[MENU1-1];break;
  98   4            }
  99   3            delay(100);
 100   3            P0=0x00;
 101   3          }
 102   2          
 103   2          
 104   2        }
 105   1      }
 106          
 107          
 108          
 109          void key(void) {
 110   1        static KEY_LETGO = 0;
 111   1        if((k3 == 0)&&(KEY_LETGO == 0)) {
 112   2          delay(1000);
 113   2          if(k3 == 0) {
 114   3            KEY_LETGO = 1;
 115   3            MENU1++;
 116   3            if(MENU1 == 11)MENU1 = 0;
C51 COMPILER V9.59.0.0   MAIN                                                              05/19/2019 20:08:39 PAGE 3   

 117   3          }
 118   2        }
 119   1        if(k3 == 1)
 120   1          KEY_LETGO = 0;
 121   1      }
 122          
 123          
 124          int main(void)  
 125          {
 126   1        uchar i;
 127   1        timer0_init();
 128   1        intr_init();
 129   1        
 130   1        for(i = 0; i<10; i++) {
 131   2            RECORD_Structure[i].ms  = 0;
 132   2            RECORD_Structure[i].sec = 0;
 133   2            RECORD_Structure[i].min = 0;
 134   2        }
 135   1        
 136   1        while(1) {
 137   2           display();
 138   2           key();
 139   2        }
 140   1      }
 141          void intr0() interrupt 0
 142          {
 143   1        delay(2000);
 144   1        if(k1==0) {
 145   2          TR0=~TR0;
 146   2        }
 147   1      }
 148          void intr1() interrupt 2
 149          {
 150   1        uchar i = 0;
 151   1        static uchar j = 0;
 152   1        delay(1000);
 153   1        if(k2==0&&TR0==0)
 154   1        {
 155   2          sec=0;min=0;ms=0;TR0=0;
 156   2          for(i = 0; i<10; i++) {
 157   3            RECORD_Structure[i].ms  = 0;
 158   3            RECORD_Structure[i].sec = 0;
 159   3            RECORD_Structure[i].min = 0;
 160   3          }
 161   2        }
 162   1        if(k2==0&&TR0==1)
 163   1        {
 164   2          RECORD_Structure[j].ms  = ms;
 165   2          RECORD_Structure[j].sec = sec;
 166   2          RECORD_Structure[j].min = min;
 167   2          j++;
 168   2          if(j == 10)j=0;
 169   2        }
 170   1      }
 171          void timer0() interrupt 1
 172          {
 173   1        static uchar i = 0;
 174   1        TH0=thx;TL0=tlx;
 175   1        if(++i==2)
 176   1        {
 177   2          i=0;
 178   2          ms++;
C51 COMPILER V9.59.0.0   MAIN                                                              05/19/2019 20:08:39 PAGE 4   

 179   2          if(ms==100)
 180   2          {
 181   3            ms=0;
 182   3            sec++;
 183   3            if(sec==60)
 184   3            {
 185   4              sec=0;
 186   4              min++;
 187   4              if(min==100)
 188   4              {
 189   5                min=0;
 190   5              }
 191   4            }
 192   3          } 
 193   2        }
 194   1      }


MODULE INFORMATION:   STATIC OVERLAYABLE
   CODE SIZE        =    906    ----
   CONSTANT SIZE    =     10    ----
   XDATA SIZE       =   ----    ----
   PDATA SIZE       =   ----    ----
   DATA SIZE        =     41    ----
   IDATA SIZE       =   ----    ----
   BIT SIZE         =   ----    ----
END OF MODULE INFORMATION.


C51 COMPILATION COMPLETE.  0 WARNING(S),  0 ERROR(S)
