C51 COMPILER V9.57.0.0   MAIN                                                              04/24/2019 16:32:43 PAGE 1   


C51 COMPILER V9.57.0.0, COMPILATION OF MODULE MAIN
OBJECT MODULE PLACED IN .\Objects\main.obj
COMPILER INVOKED BY: C:\Keil_v5\C51\BIN\C51.EXE main.c OPTIMIZE(8,SPEED) BROWSE INCDIR(.\LCD1602;.\HC-SR04) DEBUG OBJECT
                    -EXTEND PRINT(.\Listings\main.lst) TABS(2) OBJECT(.\Objects\main.obj)

line level    source

   1          #include "reg52.h"
   2          #include "lcd1602.h"
   3          #include "hcsr04.h"
   4          
   5          uint distance = 0;
   6          bit read_flag = 1;
   7          
   8          void TIM_Init(void)
   9          {
  10   1        TMOD |= 0X11;
  11   1        TH0 = 0X00;
  12   1        TL0 = 0X00;
  13   1        TH1 = (65536-50000)/256;
  14   1        TL1 = (65536-50000)%256;
  15   1        ET1 = 1;
  16   1        TR1 = 1;
  17   1        
  18   1        EA  = 1;
  19   1      }
  20          void display(void) {
  21   1        if(distance<4500){
  22   2          LCD_write_0(0x80+4);
  23   2          LCD_write_1(distance/1000+'0');
  24   2          LCD_write_1(distance/100%10+'0');
  25   2          LCD_write_1(distance/10%10+'0');
  26   2          LCD_write_1('.');
  27   2          LCD_write_1(distance%10+'0');
  28   2          LCD_write_1('C');
  29   2          LCD_write_1('M');
  30   2        }
  31   1        else{
  32   2          LCD_write_0(0x80+4);
  33   2          LCD_write_1(' ');
  34   2          LCD_write_1('E');//ERROR
  35   2          LCD_write_1('R');
  36   2          LCD_write_1('R');
  37   2          LCD_write_1('O');
  38   2          LCD_write_1('R');
  39   2          LCD_write_1(' ');
  40   2        }
  41   1      }
  42          void main(void) {
  43   1          TIM_Init();
  44   1          LCD_Init();
  45   1          while(1) {
  46   2              display();
  47   2            if(read_flag == 1) {
  48   3                read_flag = 0 ;
  49   3                distance = HC_SR04EchoDistance();
  50   3            }
  51   2          }
  52   1      }
  53          
  54          void TIM1_Int() interrupt 3
C51 COMPILER V9.57.0.0   MAIN                                                              04/24/2019 16:32:43 PAGE 2   

  55          {
  56   1        static uint i = 0;
  57   1        TH1 = (65536-50000)/256;
  58   1        TL1 = (65536-50000)%256;
  59   1        if(++i == 15) {
  60   2          i=0;
  61   2          read_flag = 1;
  62   2        }
  63   1      }
  64          
  65          
  66          
  67          
  68          
  69          
  70          
  71          
  72          
  73          


MODULE INFORMATION:   STATIC OVERLAYABLE
   CODE SIZE        =    230    ----
   CONSTANT SIZE    =   ----    ----
   XDATA SIZE       =   ----    ----
   PDATA SIZE       =   ----    ----
   DATA SIZE        =      4    ----
   IDATA SIZE       =   ----    ----
   BIT SIZE         =      1    ----
END OF MODULE INFORMATION.


C51 COMPILATION COMPLETE.  0 WARNING(S),  0 ERROR(S)
