C51 COMPILER V9.57.0.0   MAIN                                                              04/07/2019 20:06:43 PAGE 1   


C51 COMPILER V9.57.0.0, COMPILATION OF MODULE MAIN
OBJECT MODULE PLACED IN .\Objects\main.obj
COMPILER INVOKED BY: C:\Keil_v5\C51\BIN\C51.EXE main.c OPTIMIZE(8,SPEED) BROWSE DEBUG OBJECTEXTEND PRINT(.\Listings\main
                    -.lst) TABS(2) OBJECT(.\Objects\main.obj)

line level    source

   1          #include"reg52.h"
   2          void delay(unsigned int i)
   3          {
   4   1          unsigned char a,b,c;
   5   1          while(i--) {
   6   2              for(c=205; c>0; c--)
   7   2                  for(b=116; b>0; b--)
   8   2                      for(a=9; a>0; a--);
   9   2          }
  10   1      }
  11          void main(void) {
  12   1          while(1) {
  13   2              P2 = 0xff;
  14   2              delay(1);
  15   2              P2 = 0x00;
  16   2              delay(1);
  17   2          }
  18   1      }
  19          
  20          
  21          
  22          
  23          
  24          
  25          
  26          
  27          
  28          
  29          
  30          


MODULE INFORMATION:   STATIC OVERLAYABLE
   CODE SIZE        =     51    ----
   CONSTANT SIZE    =   ----    ----
   XDATA SIZE       =   ----    ----
   PDATA SIZE       =   ----    ----
   DATA SIZE        =   ----    ----
   IDATA SIZE       =   ----    ----
   BIT SIZE         =   ----    ----
END OF MODULE INFORMATION.


C51 COMPILATION COMPLETE.  0 WARNING(S),  0 ERROR(S)
