C51 COMPILER V9.57.0.0   MAIN                                                              03/25/2019 12:49:13 PAGE 1   


C51 COMPILER V9.57.0.0, COMPILATION OF MODULE MAIN
OBJECT MODULE PLACED IN .\Objects\main.obj
COMPILER INVOKED BY: C:\Keil_v5\C51\BIN\C51.EXE main.c OPTIMIZE(8,SPEED) BROWSE DEBUG OBJECTEXTEND PRINT(.\Listings\main
                    -.lst) TABS(2) OBJECT(.\Objects\main.obj)

line level    source

   1           #include<reg52.h>
   2           typedef unsigned int uint;
   3           sbit LED=P2^0;
   4           void yanshi(uint i)
   5           {
   6   1        while(i)
   7   1        {
   8   2          i--;
   9   2        }
  10   1       }
  11           int main()
  12           {
  13   1        while(1)
  14   1        {
  15   2          LED=0;
  16   2          yanshi(100000);
  17   2          LED=1;
  18   2          yanshi(100000);
  19   2        }
  20   1       } 


MODULE INFORMATION:   STATIC OVERLAYABLE
   CODE SIZE        =     32    ----
   CONSTANT SIZE    =   ----    ----
   XDATA SIZE       =   ----    ----
   PDATA SIZE       =   ----    ----
   DATA SIZE        =   ----    ----
   IDATA SIZE       =   ----    ----
   BIT SIZE         =   ----    ----
END OF MODULE INFORMATION.


C51 COMPILATION COMPLETE.  0 WARNING(S),  0 ERROR(S)
