C51 COMPILER V9.60.0.0   I2C                                                               06/02/2019 22:07:01 PAGE 1   


C51 COMPILER V9.60.0.0, COMPILATION OF MODULE I2C
OBJECT MODULE PLACED IN .\Objects\i2c.obj
COMPILER INVOKED BY: C:\Keil_v5\C51\BIN\C51.EXE i2c\i2c.c COMPACT OPTIMIZE(8,SPEED) BROWSE INCDIR(.\i2c;.\oled) DEBUG OB
                    -JECTEXTEND PRINT(.\Listings\i2c.lst) TABS(2) OBJECT(.\Objects\i2c.obj)

line level    source

   1          #include "i2c.h"
   2          #include <intrins.h>
   3          
   4          
   5          
   6          #define     delay5us()      _nop_();_nop_();_nop_();_nop_();_nop_()
   7          
   8          
   9          /***************开始信号*************/
  10          void I2C_Start(void)
  11          {
  12   1        sda=1;
  13   1        delay5us();
  14   1        scl=1;
  15   1        delay5us();
  16   1        sda=0;
  17   1        delay5us();
  18   1        scl=0;
  19   1        delay5us();
  20   1      }
  21          
  22          /***************停止信号*************/
  23          void I2C_Stop(void)
  24          {
  25   1        sda=0;
  26   1        delay5us();
  27   1        scl=1;
  28   1        delay5us();
  29   1        sda=1;
  30   1        delay5us();
  31   1      }
  32          
  33          /**************应答信号*************/
  34          void I2C_Respons(void)
  35          {
  36   1        uint8_t i;
  37   1        scl=1;
  38   1        delay5us();
  39   1        while((sda==1)&&(i<255))
  40   1          i++;
  41   1        scl=0;
  42   1        delay5us();
  43   1      }
  44          
  45          /**************初始化*************/
  46          void I2C_Init(void)
  47          {
  48   1        sda=1;
  49   1        delay5us();
  50   1        scl=1;
  51   1        delay5us();
  52   1      }
  53          
  54          /***************写一个字节**********/
C51 COMPILER V9.60.0.0   I2C                                                               06/02/2019 22:07:01 PAGE 2   

  55          void I2C_Write_Byte(uint8_t date)
  56          {
  57   1        uint8_t i,t;
  58   1        t=date;
  59   1        for(i=0;i<8;i++)
  60   1        {
  61   2          t=t<<1;
  62   2          scl=0;
  63   2          delay5us();
  64   2          sda=CY;
  65   2          delay5us();
  66   2          scl=1;
  67   2          delay5us();
  68   2        }
  69   1        scl=0;
  70   1        delay5us();
  71   1        sda=1;
  72   1        delay5us();
  73   1      }
  74          
  75          /***************读一个字节************/
  76          //uint8_t I2C_Read_Byte(void)
  77          //{
  78          //  uint8_t i,k;
  79          //  scl=0;
  80          //  delay5us();
  81          //  sda=1;
  82          //    delay5us();
  83          //  for(i=0;i<8;i++)
  84          //  {
  85          //    scl=1;
  86          //    delay5us();
  87          //    k=(k<<1)|sda;
  88          //    scl=0;
  89          //    delay5us();
  90          //  }
  91          //  return k;
  92          //}
  93          
  94          
  95          
  96          
  97          
  98          
  99          
 100          
 101          
 102          
 103          
 104          
 105          
 106          
 107          
 108          
 109          
 110          
 111          
 112          
 113          
 114          
 115          
 116          
C51 COMPILER V9.60.0.0   I2C                                                               06/02/2019 22:07:01 PAGE 3   

 117          
 118          


MODULE INFORMATION:   STATIC OVERLAYABLE
   CODE SIZE        =    156    ----
   CONSTANT SIZE    =   ----    ----
   XDATA SIZE       =   ----    ----
   PDATA SIZE       =   ----       1
   DATA SIZE        =   ----    ----
   IDATA SIZE       =   ----    ----
   BIT SIZE         =   ----    ----
END OF MODULE INFORMATION.


C51 COMPILATION COMPLETE.  0 WARNING(S),  0 ERROR(S)
