C51 COMPILER V9.60.0.0   MAIN                                                              06/02/2019 22:26:26 PAGE 1   


C51 COMPILER V9.60.0.0, COMPILATION OF MODULE MAIN
OBJECT MODULE PLACED IN .\Objects\main.obj
COMPILER INVOKED BY: C:\Keil_v5\C51\BIN\C51.EXE main.c COMPACT OPTIMIZE(8,SPEED) BROWSE INCDIR(.\i2c;.\oled) DEBUG OBJEC
                    -TEXTEND PRINT(.\Listings\main.lst) TABS(2) OBJECT(.\Objects\main.obj)

line level    source

   1          #include <reg52.h>
   2          #include "i2c.h"
   3          #include "oled.h"
   4          
   5          
   6          
   7          int main(void) {
   8   1        I2C_Init();
   9   1        OLED_Init();
  10   1        while(1) {
  11   2          
  12   2          
  13   2          Showstr8x16(0,0,"0123456789");
  14   2      
  15   2          
  16   2        }
  17   1        
  18   1      }
  19          
  20          
  21          
  22          
  23          
  24          
  25          
  26          
  27          
  28          
  29          


MODULE INFORMATION:   STATIC OVERLAYABLE
   CODE SIZE        =     20    ----
   CONSTANT SIZE    =     11    ----
   XDATA SIZE       =   ----    ----
   PDATA SIZE       =   ----    ----
   DATA SIZE        =   ----    ----
   IDATA SIZE       =   ----    ----
   BIT SIZE         =   ----    ----
END OF MODULE INFORMATION.


C51 COMPILATION COMPLETE.  0 WARNING(S),  0 ERROR(S)
