C51 COMPILER V9.59.0.0   MAIN                                                              06/12/2021 21:09:31 PAGE 1   


C51 COMPILER V9.59.0.0, COMPILATION OF MODULE MAIN
OBJECT MODULE PLACED IN .\Objects\main.obj
COMPILER INVOKED BY: D:\ProgramFiles\Keil_v5\C51\BIN\C51.EXE main.c OPTIMIZE(8,SPEED) BROWSE DEBUG OBJECTEXTEND PRINT(.\
                    -Listings\main.lst) OBJECT(.\Objects\main.obj)

line level    source

   1          #include <REGX52.H>
   2          #define     uint      unsigned int  
   3          #define     uchar     unsigned char      
   4                  
   5          #define     KEY       P3
   6          
   7          sbit speaker = P1^4;                             //喇叭接口
   8          
   9          uchar a,b;                                         //定义ab变量
  10          
  11          void delay(uint i) // 1ms定时
  12          {
  13   1              for(a = 0; a < i; a++)
  14   1                      for(b = 0; b < 123; b++);
  15   1      }
  16          
  17          void check_key()                           //按键函数
  18          { 
  19   1              KEY=0xff;                                //先赋给P2组口高电平
  20   1              if(KEY != 0xFF)   // 检测按键是否按下
  21   1              {
  22   2                      delay(10);     // 消抖
  23   2                      if(KEY != 0xFF)  // 再次检测按键是否按下
  24   2                      {
  25   3                              TR0 = 1;    // 打开定时器开关
  26   3                              switch(KEY)      // 检测键值
  27   3                              {
  28   4                                      case 0xfe:a = 0xfb; b = 0xe9; break;//根据不同按键ab的值不同
  29   4                                      case 0xfd:a = 0xfc; b = 0x5c; break;
  30   4                                      case 0xfb:a = 0xfc; b = 0xc1; break;
  31   4                                      case 0xf7:a = 0xfc; b = 0xef; break;
  32   4                                      case 0xef:a = 0xfd; b = 0x45; break;
  33   4                                      case 0xdf:a = 0xfd; b = 0x92; break;
  34   4                                      case 0xbf:a = 0xfd; b = 0xd0; break;
  35   4                                      case 0x7f:a = 0xfd; b = 0xee; break;
  36   4                              }
  37   3                      }
  38   2                      while(KEY != 0xFF);   // 检测按键松手             
  39   2              } 
  40   1              else // 按键已松手
  41   1              {
  42   2                      TR0 = 0; // 关闭定时器
  43   2                      speaker=0; // 闲置蜂鸣器
  44   2              }
  45   1      }
  46          void main()
  47          {
  48   1              TMOD=0x01;           //定时器0工作方式1
  49   1              TH0=a;
  50   1              TL0=b;            //赋初值
  51   1              EA = 1;          // 打开总开关
  52   1              ET0 = 1;           //打开定时器，但是未允许中断
  53   1              while(1)          //主循环
  54   1              {
C51 COMPILER V9.59.0.0   MAIN                                                              06/12/2021 21:09:31 PAGE 2   

  55   2                      check_key();        //扫描按键函数
  56   2              }
  57   1      }
  58          void time0() interrupt 1     //定时器0的工作函数
  59          {
  60   1              TH0=a;
  61   1              TL0=b;                          //将ab的值做为定时器的初值
  62   1              speaker=~speaker;       //喇叭电平取反喇叭根据不同的频率震动就可以发声了
  63   1      }


MODULE INFORMATION:   STATIC OVERLAYABLE
   CODE SIZE        =    194    ----
   CONSTANT SIZE    =   ----    ----
   XDATA SIZE       =   ----    ----
   PDATA SIZE       =   ----    ----
   DATA SIZE        =      2    ----
   IDATA SIZE       =   ----    ----
   BIT SIZE         =   ----    ----
END OF MODULE INFORMATION.


C51 COMPILATION COMPLETE.  0 WARNING(S),  0 ERROR(S)
