C51 COMPILER V9.00   万年_                                                                12/03/2018 17:20:12 PAGE 1   


C51 COMPILER V9.00, COMPILATION OF MODULE 万年_
OBJECT MODULE PLACED IN 万年历.OBJ
COMPILER INVOKED BY: C:\0000000\keil4\C51\BIN\C51.EXE 万年历.c BROWSE DEBUG OBJECTEXTEND

line level    source

   1          #include<reg52.h>
   2          
   3          typedef unsigned char uchar;
   4          typedef unsigned int uint;
   5          
   6          #define count 50000
   7          
   8          #define TH_1 (65536-count)/256
   9          #define TL_1 (65536-count)%256
  10          
  11          sbit LA=P2^2;
  12          sbit LB=P2^3;
  13          sbit LC=P2^4;
  14          
  15          sbit k1=P3^1;
  16          sbit k2=P3^0;
  17          sbit k3=P3^2;
  18          sbit k4=P3^3;
  19          
  20          sbit scl=P2^1;
  21          sbit sda=P2^0;
  22          
  23          uchar duanxuan[]={0x3f,0x06,0x5b,0x4f,0x66,0x6d,0x7d,0x07,0x7f,0x6f};                           //段选  无dp
  24          uchar duanxuandp[]={0xbf,0x86,0xdb,0xcf,0xe6,0xed,0xfd,0x87,0xff,0xef};                    //段选   有dp
  25          
  26          uchar seconds=0,minute=0,i=0,hour=0;
  27          uint year=2000,month=1,dat=1;
  28          uint switch1=0;
  29          
  30          /*****************延时10us************/
  31          void yanshi(uint i)
  32          {
  33   1              while(i--);
  34   1      }
  35          
  36          /************是否闰年************/
  37          uint leapyear()
  38          {
  39   1               if((year%4==0&&year%100!=0)||(year%400==0))
  40   1                      return 1;
  41   1               else
  42   1                      return 0;
  43   1      }
  44          
  45          /************判断天数************/
  46          uint datnumber()
  47          {
  48   1              if(month==1||month==3||month==5||month==7||month==8||month==10||month==12)
  49   1                      return 31;
  50   1              else if(month==4||month==6||month==9||month==11)
  51   1                      return 30;
  52   1              else 
  53   1              {
  54   2                      if(leapyear()==1)
  55   2                              return 29;
C51 COMPILER V9.00   万年_                                                                12/03/2018 17:20:12 PAGE 2   

  56   2                      else
  57   2                              return 28;
  58   2              }       
  59   1      }
  60          
  61          /**************日期控制***************/
  62          void datekongzhi()
  63          {
  64   1              if(k3==0)
  65   1              {
  66   2                      yanshi(2000);
  67   2                      if(k3==0)
  68   2                      {
  69   3                              dat++;
  70   3                              if(dat==datnumber()+1)dat=1; 
  71   3                              while(!k3);
  72   3                      }
  73   2              }
  74   1              if(k2==0)
  75   1              {
  76   2                      yanshi(2000);
  77   2                      if(k2==0)
  78   2                      {
  79   3                              month++;
  80   3                              if(month==13)month=1; 
  81   3                              while(!k2);
  82   3                      }
  83   2              }
  84   1              if(k1==0)
  85   1              {
  86   2                      yanshi(2000);
  87   2                      if(k1==0)
  88   2                      {
  89   3                              year++;
  90   3                              if(year==2021)year=2000; 
  91   3                              while(!k1);
  92   3                      }
  93   2              }
  94   1      }
  95           /*************时间控制***************/  
  96          void timekongzhi()
  97          {
  98   1              if(k3==0)
  99   1              {
 100   2                      yanshi(2000);
 101   2                      if(k3==0)
 102   2                      {
 103   3                              seconds++;
 104   3                              if(seconds==60)seconds=0; 
 105   3                              while(!k3);
 106   3                      }
 107   2              }
 108   1              if(k2==0)
 109   1              {
 110   2                      yanshi(2000);
 111   2                      if(k2==0)
 112   2                      {
 113   3                              minute++;
 114   3                              if(minute==60)minute=0; 
 115   3                              while(!k2);
 116   3                      }
 117   2              }
C51 COMPILER V9.00   万年_                                                                12/03/2018 17:20:12 PAGE 3   

 118   1              if(k1==0)
 119   1              {
 120   2                      yanshi(2000);
 121   2                      if(k1==0)
 122   2                      {
 123   3                              hour++;
 124   3                              if(hour==24)hour=0; 
 125   3                              while(!k1);
 126   3                      }
 127   2              }
 128   1      }
 129          
 130          /******************日期位选************************/
 131          void dateweixuan()                 //38  译码器  位选
 132          {
 133   1              uint i;
 134   1              for(i=0;i<8;i++)
 135   1              {
 136   2                      switch(i)
 137   2                      {
 138   3                              case 0:LC=0;LB=0;LA=0;
 139   3                              P0=duanxuan[dat%10];break;                                      
 140   3                              case 1:LC=0;LB=0;LA=1;
 141   3                              P0=duanxuan[dat/10];break;                                       
 142   3                              case 2:LC=0;LB=1;LA=0;
 143   3                              P0=duanxuandp[month%10];break;                          
 144   3                              case 3:LC=0;LB=1;LA=1;
 145   3                              P0=duanxuan[month/10];break;                                        
 146   3                              case 4:LC=1;LB=0;LA=0;
 147   3                              P0=duanxuandp[year%10];break;                   
 148   3                              case 5:LC=1;LB=0;LA=1;
 149   3                              P0=duanxuan[year/10%10];break;
 150   3                              case 6:LC=1;LB=1;LA=0;
 151   3                              P0=duanxuan[year/100%10];break;
 152   3                              case 7:LC=1;LB=1;LA=1;
 153   3                              P0=duanxuan[year/1000];break;                   
 154   3                      }
 155   2                      yanshi(100);
 156   2                      P0=0x00;
 157   2              }
 158   1      }
 159                             
 160          /******************时间位选************************/
 161          void timeweixuan()                 //38  译码器  位选
 162          {
 163   1              uint i;
 164   1              for(i=0;i<6;i++)
 165   1              {
 166   2                      switch(i)
 167   2                      {
 168   3                              case 0:LC=0;LB=0;LA=0;
 169   3                              P0=duanxuan[seconds%10];break;                                  //秒的个位
 170   3                              case 1:LC=0;LB=0;LA=1;
 171   3                              P0=duanxuan[seconds/10];break;                                   //秒的十位
 172   3                              case 2:LC=0;LB=1;LA=0;
 173   3                              P0=duanxuandp[minute%10];break;                                         //分的个位
 174   3                              case 3:LC=0;LB=1;LA=1;
 175   3                              P0=duanxuan[minute/10];break;                                           //分的十位
 176   3                              case 4:LC=1;LB=0;LA=0;
 177   3                              P0=duanxuandp[hour%10];break;                            //小时的个位
 178   3                              case 5:LC=1;LB=0;LA=1;
 179   3                              P0=duanxuan[hour/10];break;                                //小时的十位
C51 COMPILER V9.00   万年_                                                                12/03/2018 17:20:12 PAGE 4   

 180   3                      }
 181   2                      yanshi(100);
 182   2                      P0=0x00;
 183   2              }
 184   1      }
 185          
 186          /********************主函数**************/
 187          int main()
 188          {
 189   1              IE=0x82;
 190   1              TR0=1;
 191   1              TMOD=0x01;
 192   1              TL0=TL_1;TH0=TH_1;
 193   1              while(1)
 194   1              {
 195   2                      if(switch1==0&&k4==0)
 196   2                      {
 197   3                              yanshi(2000);
 198   3                              if(k4==0)
 199   3                              {
 200   4                                      switch1=1;
 201   4                                      while(!k4);
 202   4                              }
 203   3                      }
 204   2                      if(switch1==1&&k4==0)
 205   2                      {
 206   3                              yanshi(2000);
 207   3                              if(k4==0)
 208   3                              {
 209   4                                      switch1=0;
 210   4                                      while(!k4);
 211   4                              }
 212   3                      }
 213   2                      if(switch1==0)
 214   2                      {
 215   3                              timekongzhi();
 216   3                              timeweixuan();
 217   3                      }
 218   2                      if(switch1==1)
 219   2                      {
 220   3                              datekongzhi();
 221   3                              dateweixuan();
 222   3                      }
 223   2              }               
 224   1              return 0;
 225   1      }
 226          
 227          /****************定时器中断*******************/
 228          void time0() interrupt 1                           //定时器中断  T0
 229          {
 230   1              TL0=TL_1;TH0=TH_1;
 231   1              if(++i==20)
 232   1              {
 233   2                      i=0;
 234   2                      if(seconds<59)                             //秒变动
 235   2                              seconds++;
 236   2                      else
 237   2                      {
 238   3                              seconds=0;
 239   3                              if(minute<59)                     //分钟进位
 240   3                                      minute++;
 241   3                              else
C51 COMPILER V9.00   万年_                                                                12/03/2018 17:20:12 PAGE 5   

 242   3                              {
 243   4                                      minute=0;
 244   4                                      if(hour<23)                        //小时进位
 245   4                                              hour++;
 246   4                                      else
 247   4                                      {
 248   5                                              hour=0;
 249   5                                              if(dat<datnumber())
 250   5                                                      dat++;
 251   5                                              else
 252   5                                              {
 253   6                                                      dat=1;
 254   6                                                      if(month<12)
 255   6                                                              month++;
 256   6                                                      else
 257   6                                                      {
 258   7                                                              month=1;
 259   7                                                              if(year<2020)
 260   7                                                              year++;
 261   7                                                              else
 262   7                                                              {
 263   8                                                                      year=1;
 264   8                                                              }
 265   7                                                      }
 266   6                                              }
 267   5                                      }
 268   4                              }
 269   3                      }                               
 270   2              }               
 271   1      } 
 272          
 273          
 274          
 275          


MODULE INFORMATION:   STATIC OVERLAYABLE
   CODE SIZE        =    989    ----
   CONSTANT SIZE    =   ----    ----
   XDATA SIZE       =   ----    ----
   PDATA SIZE       =   ----    ----
   DATA SIZE        =     32    ----
   IDATA SIZE       =   ----    ----
   BIT SIZE         =   ----    ----
END OF MODULE INFORMATION.


C51 COMPILATION COMPLETE.  0 WARNING(S),  0 ERROR(S)
