C51 COMPILER V9.01   串口通信                                                              03/13/2019 09:15:11 PAGE 1   


C51 COMPILER V9.01, COMPILATION OF MODULE 串口通信
OBJECT MODULE PLACED IN 串口通信.OBJ
COMPILER INVOKED BY: C:\Keil\C51\BIN\C51.EXE 串口通信.c BROWSE DEBUG OBJECTEXTEND

line level    source

   1          #include<reg52.h>
   2          #include<intrins.h>
   3          typedef unsigned char uchar;
   4          typedef unsigned int uint;
   5          
   6          sbit F=P1^5;
   7          #define led     P2
   8          
   9          uchar flag=0;
  10          
  11          void delay(uint i)
  12          {
  13   1              while(i--);
  14   1      }
  15          int main()
  16          {
  17   1              SM0=0;SM1=1;REN=1;
  18   1              ES=1;
  19   1              TMOD=0x20;
  20   1              TH1=0xf3;TL1=0xf3;
  21   1              TR1=1;
  22   1              EA=1; PCON=0x80;
  23   1              while(1)
  24   1              {
  25   2                      if(flag==3)
  26   2                      {
  27   3                              led=~led;
  28   3                              delay(30000);
  29   3                              
  30   3                      }
  31   2                      if(flag==1)
  32   2                      {
  33   3                              led=0xfe;
  34   3                              delay(30000);
  35   3                              led=0xff;
  36   3                              delay(30000);
  37   3                      }
  38   2                      if(flag==2)
  39   2                      {
  40   3                              F=0;
  41   3                              delay(100);
  42   3                              F=1;
  43   3                              delay(100);
  44   3                      }
  45   2              }
  46   1      }
  47          
  48          void chuanko() interrupt 4
  49          {
  50   1              uchar temp=0;
  51   1              if(RI)
  52   1              {
  53   2                      RI=0;
  54   2                      temp=SBUF;
  55   2                      if(temp=='1')
C51 COMPILER V9.01   串口通信                                                              03/13/2019 09:15:11 PAGE 2   

  56   2                      {
  57   3                              flag=1;
  58   3                      }
  59   2                      else if(temp=='2')
  60   2                      {
  61   3                              flag=2;
  62   3                      }
  63   2                      else if(temp=='3')
  64   2                      {
  65   3                              flag=3;
  66   3                      }
  67   2                      else
  68   2                              flag=0;
  69   2                      SBUF='!';
  70   2              }       
  71   1              if(TI)
  72   1              {
  73   2                      TI=0;
  74   2              }
  75   1              
  76   1      }


MODULE INFORMATION:   STATIC OVERLAYABLE
   CODE SIZE        =    150    ----
   CONSTANT SIZE    =   ----    ----
   XDATA SIZE       =   ----    ----
   PDATA SIZE       =   ----    ----
   DATA SIZE        =      1    ----
   IDATA SIZE       =   ----    ----
   BIT SIZE         =   ----    ----
END OF MODULE INFORMATION.


C51 COMPILATION COMPLETE.  0 WARNING(S),  0 ERROR(S)
