C51 COMPILER V9.00   实验                                                                  12/16/2018 10:05:27 PAGE 1   


C51 COMPILER V9.00, COMPILATION OF MODULE 实验
OBJECT MODULE PLACED IN 实验.OBJ
COMPILER INVOKED BY: C:\0000000\keil4\C51\BIN\C51.EXE 实验.c BROWSE DEBUG OBJECTEXTEND

line level    source

   1          #include<reg52.h>
   2          
   3          typedef unsigned char uchar;
   4          typedef unsigned int uint;
   5          
   6          sbit LCD_RS=P2^6;
   7          sbit LCD_RW=P2^5;
   8          sbit LCD_E=P2^7;
   9          
  10          sbit k1=P3^1;
  11          sbit k2=P3^0;
  12          sbit k3=P3^2;
  13          
  14          #define count 50000
  15          #define THx (65536-count)/256
  16          #define TLx (65536-count)%256
  17          
  18          #define LCD_DB P0
  19          
  20          uint hour=0,minute=0,seconds=0;
  21          
  22          uint j;
  23          
  24          uchar TIME[]="      TIME";
  25          
  26          void delay(uint x)
  27          {
  28   1              uint i,j;
  29   1              for(i=0;i<x;i++)
  30   1              for(j=0;j<1;j++);               //10us
  31   1      }
  32          
  33          void kongzhi()
  34          {
  35   1              uchar y=0;
  36   1              if(k3==0)
  37   1              {
  38   2                      delay(2000);
  39   2                      if(k3==0)
  40   2                      {
  41   3                              seconds++;
  42   3                              if(seconds==60)
  43   3                                      seconds=0; 
  44   3                              delay(10000);
  45   3                      }
  46   2              }
  47   1              if(k2==0)
  48   1              {
  49   2                      delay(2000);
  50   2                      if(k2==0)
  51   2                      {
  52   3                              minute++;
  53   3                              if(minute==60)
  54   3                                      minute=0;
  55   3                              delay(10000); 
C51 COMPILER V9.00   实验                                                                  12/16/2018 10:05:27 PAGE 2   

  56   3                      }
  57   2              }
  58   1              if(k1==0)
  59   1              {
  60   2                      delay(2000);
  61   2                      if(k1==0)
  62   2                      {
  63   3                              hour++;
  64   3                              if(hour==24)
  65   3                                      hour=0; 
  66   3                              delay(10000);
  67   3                      }
  68   2              }
  69   1      }
  70          
  71          void LCD_write_0(uchar dat)
  72          {
  73   1              LCD_DB=dat;
  74   1              LCD_RS=0;
  75   1              LCD_RW=0;
  76   1              LCD_E=1;
  77   1              LCD_E=0;
  78   1              delay(1);
  79   1      }
  80          
  81          void LCD_write_1(uchar dat)
  82          {
  83   1              LCD_DB=dat;
  84   1              LCD_RS=1;
  85   1              LCD_RW=0;
  86   1              LCD_E=1;
  87   1              LCD_E=0;
  88   1              delay(1);
  89   1      }
  90          
  91          void row(uint i)
  92          {
  93   1              uint k;
  94   1              if(i==1)
  95   1              k=0x00;
  96   1              else
  97   1              k=0x40;
  98   1              LCD_write_0(0x80|k);
  99   1      }
 100          
 101          void LCD_init()
 102          {
 103   1              LCD_write_0(0x38);
 104   1              delay(150);
 105   1              LCD_write_0(0x38);
 106   1              LCD_write_0(0x0c);
 107   1              LCD_write_0(0x06);
 108   1              LCD_write_0(0x01);
 109   1              delay(200);
 110   1      }
 111          
 112          int main()
 113          {
 114   1              uchar i=0,i1=0;
 115   1          TH0=THx;TL0=TLx;
 116   1          ET0=1;EA=1;TR0=1;TMOD=0x01;
 117   1          LCD_init();
C51 COMPILER V9.00   实验                                                                  12/16/2018 10:05:27 PAGE 3   

 118   1              row(1);
 119   1              for(i1=0;TIME[i1]!='\0';i1++)
 120   1              {
 121   2                      LCD_write_1(TIME[i1]);
 122   2                      delay(10);
 123   2              }        
 124   1                               
 125   1              while(1)
 126   1              {     
 127   2                      row(2);  
 128   2                      LCD_write_1(' ');
 129   2                      delay(10);
 130   2                      LCD_write_1(' ');
 131   2                      delay(10);
 132   2                      LCD_write_1(' ');
 133   2                      delay(10);
 134   2                      LCD_write_1(' ');
 135   2                      delay(10);
 136   2                      LCD_write_1(hour/10+'0');
 137   2                      delay(10);
 138   2                      LCD_write_1(hour%10+'0');
 139   2                      delay(10);
 140   2                      LCD_write_1(':');
 141   2                      delay(10);
 142   2                      LCD_write_1(minute/10+'0');
 143   2                      delay(10);
 144   2                      LCD_write_1(minute%10+'0');
 145   2                      delay(10);
 146   2                      LCD_write_1(':');
 147   2                      delay(10);
 148   2                      LCD_write_1(seconds/10+'0');
 149   2                      delay(10);
 150   2                      LCD_write_1(seconds%10+'0');
 151   2                      delay(10);
 152   2                      kongzhi();
 153   2              delay(5);
 154   2              }
 155   1              return 0;
 156   1      }
 157          
 158          void time0() interrupt 1                           //定时器中断  T0
 159          {
 160   1              TL0=TLx;TH0=THx;
 161   1              if(++j==20)
 162   1              {
 163   2                      j=0;
 164   2                      seconds++;
 165   2                      if(seconds==60)
 166   2                      {
 167   3                              seconds=0;
 168   3                              minute++;
 169   3                              if(minute==60)
 170   3                              {
 171   4                                      minute=0;
 172   4                                      hour++;
 173   4                                      if(hour==24)
 174   4                                      {
 175   5                                              hour=0;
 176   5                                      }
 177   4                              }
 178   3                      }       
 179   2              }               
C51 COMPILER V9.00   实验                                                                  12/16/2018 10:05:27 PAGE 4   

 180   1      } 


MODULE INFORMATION:   STATIC OVERLAYABLE
   CODE SIZE        =    507    ----
   CONSTANT SIZE    =   ----    ----
   XDATA SIZE       =   ----    ----
   PDATA SIZE       =   ----    ----
   DATA SIZE        =     19       2
   IDATA SIZE       =   ----    ----
   BIT SIZE         =   ----    ----
END OF MODULE INFORMATION.


C51 COMPILATION COMPLETE.  0 WARNING(S),  0 ERROR(S)
