C51 COMPILER V9.57.0.0   MAIN                                                              04/10/2019 14:55:27 PAGE 1   


C51 COMPILER V9.57.0.0, COMPILATION OF MODULE MAIN
OBJECT MODULE PLACED IN .\Objects\main.obj
COMPILER INVOKED BY: C:\Keil_v5\C51\BIN\C51.EXE main.c OPTIMIZE(8,SPEED) BROWSE DEBUG OBJECTEXTEND PRINT(.\Listings\main
                    -.lst) TABS(2) OBJECT(.\Objects\main.obj)

line level    source

   1          #include"reg52.h"
   2          #include"intrins.h"
   3          #include"stdio.h"
   4          
   5          #define uint unsigned int 
   6          #define uchar unsigned char
   7          
   8          void uart(void)         //串口通信初始化
   9          {
  10   1      //  SCON=0x40;          //串口通信工作方式1
  11   1      //  REN=1;            //允许接收
  12   1      //  TMOD=0x20;          //定时器1的工作方式2
  13   1      //  TH1=0xf3,TL1=0xf3;    
  14   1      //  TI=1;                       //这里一定要注意
  15   1      //  TR1=1;            //打开定时器
  16   1        SCON=0X50;      //设置为工作方式1
  17   1        TMOD=0X20;      //设置计数器工作方式2
  18   1        PCON=0X80;      //波特率加倍
  19   1        TH1=0XF3;       //计数器初始值设置，注意波特率是4800的
  20   1        TL1=0XF3;
  21   1        TI = 1;
  22   1        ES=1;           //打开接收中断
  23   1        EA=1;           //打开总中断
  24   1        TR1=1;
  25   1      }               
  26          void main(void)
  27          {
  28   1        uint up=0,down=0,high=0;
  29   1        uint result ;
  30   1        uart();
  31   1        while(1)
  32   1          {   
  33   2            printf("********************************\r\n");
  34   2            printf("Please input up,dowm,high:\r\n");
  35   2            scanf("%d%d%d",&up,&down,&high) ;
  36   2            printf("\r\nResult=%d\r\n",result=(up+down)*high/2);
  37   2          }
  38   1      }


MODULE INFORMATION:   STATIC OVERLAYABLE
   CODE SIZE        =    136    ----
   CONSTANT SIZE    =     85    ----
   XDATA SIZE       =   ----    ----
   PDATA SIZE       =   ----    ----
   DATA SIZE        =   ----       8
   IDATA SIZE       =   ----    ----
   BIT SIZE         =   ----    ----
END OF MODULE INFORMATION.


C51 COMPILATION COMPLETE.  0 WARNING(S),  0 ERROR(S)
