C51 COMPILER V9.00   ¶ÀÁ¢_´¼ü4                                                             11/17/2018 18:06:15 PAGE 1   


C51 COMPILER V9.00, COMPILATION OF MODULE ¶ÀÁ¢_´¼ü4
OBJECT MODULE PLACED IN ¶ÀÁ¢°´¼ü4.OBJ
COMPILER INVOKED BY: C:\0000000\keil4\C51\BIN\C51.EXE ¶ÀÁ¢°´¼ü4.c BROWSE DEBUG OBJECTEXTEND

line level    source

   1          #include<reg52.h>
   2          #include<intrins.h>
   3          
   4          typedef unsigned char ucahr;
   5          typedef unsigned int uint;
   6          
   7          sbit led1=P2^0;
   8          sbit k1=P3^1;
   9          sbit k2=P3^0;
  10          sbit k3=P3^2;
  11          sbit k4=P3^3;
  12          
  13          #define N 1000
  14          
  15          #define LED P2
  16          
  17          void yanshi(uint i)
  18          {
  19   1               uint x,y;
  20   1               for(x=0;x<i;x++)
  21   1               for(y=0;y<60;y++);
  22   1      }
  23          
  24          void guanbi()
  25          {
  26   1              if(k4==0)
  27   1              {
  28   2                      yanshi(20);
  29   2                      if(k4==0)
  30   2                      {
  31   3                              while(1)
  32   3                              {
  33   4                                      LED=0xff;
  34   4                                      if(k2==0||k3==0||k1==0)
  35   4                                      {
  36   5                                              LED=0xff;break;
  37   5                                      }
  38   4                              }
  39   3                      }
  40   2                      while(!k4);
  41   2              }
  42   1      }
  43          
  44          void anjian_liushui()
  45          {
  46   1              uint i=0;
  47   1              if(k3==0)
  48   1              {
  49   2                      yanshi(20);
  50   2                      if(k3==0)
  51   2                      {
  52   3                              LED=0xfe;
  53   3                              yanshi(N);
  54   3                              while(1)
  55   3                              {
C51 COMPILER V9.00   ¶ÀÁ¢_´¼ü4                                                             11/17/2018 18:06:15 PAGE 2   

  56   4                                      for(i=0;i<7;i++)
  57   4                                      {
  58   5                                              LED=_crol_(LED,1);
  59   5                                              yanshi(N);
  60   5                                              if(k2==0||k1==0||k4==0)
  61   5                                              {
  62   6                                                      LED=0xff;break;
  63   6                                              }
  64   5                                      }
  65   4                                      for(i=0;i<7;i++)
  66   4                                      {
  67   5                                              LED=_cror_(LED,1);
  68   5                                              yanshi(N);
  69   5                                              if(k2==0||k1==0||k4==0)
  70   5                                              {
  71   6                                                      LED=0xff;break;
  72   6                                              }
  73   5                                      }
  74   4                                      if(k2==0||k1==0||k4==0)
  75   4                                      {
  76   5                                              LED=0xff;break;
  77   5                                      }
  78   4                              }
  79   3                      }
  80   2                      while(!k3);
  81   2              }
  82   1      }
  83          
  84          void anjian_shanshuo()
  85          {
  86   1      
  87   1              if(k2==0)
  88   1              {
  89   2                      yanshi(20);
  90   2                      if(k2==0)
  91   2                      {
  92   3                              while(1)
  93   3                              {
  94   4                                      led1=~led1;
  95   4                                      yanshi(N);
  96   4                                      if(k1==0||k3==0||k4==0)
  97   4                                      {
  98   5                                              LED=0xff;break;
  99   5                                      }
 100   4                              }
 101   3                              while(!k2);
 102   3                      }
 103   2              }
 104   1      }
 105          
 106          void anjian_liang()
 107          {
 108   1              
 109   1              if(k1==0)
 110   1              {
 111   2                      yanshi(20);
 112   2                      if(k1==0);
 113   2                      {
 114   3                              while(1)
 115   3                              {
 116   4                                      led1=0;
 117   4                                      if(k2==0||k3==0||k4==0)
C51 COMPILER V9.00   ¶ÀÁ¢_´¼ü4                                                             11/17/2018 18:06:15 PAGE 3   

 118   4                                      {
 119   5                                              LED=0xff;break;
 120   5                                      }
 121   4                              }       
 122   3                      }
 123   2                      while(!k1);
 124   2              }
 125   1      }
 126          
 127          int main()
 128          {
 129   1              while(1)
 130   1              {
 131   2                      anjian_liang();
 132   2                      anjian_shanshuo();
 133   2                      anjian_liushui();
 134   2                      guanbi();
 135   2              }
 136   1              return 0;
 137   1      }


MODULE INFORMATION:   STATIC OVERLAYABLE
   CODE SIZE        =    265    ----
   CONSTANT SIZE    =   ----    ----
   XDATA SIZE       =   ----    ----
   PDATA SIZE       =   ----    ----
   DATA SIZE        =   ----    ----
   IDATA SIZE       =   ----    ----
   BIT SIZE         =   ----    ----
END OF MODULE INFORMATION.


C51 COMPILATION COMPLETE.  0 WARNING(S),  0 ERROR(S)
