C51 COMPILER V9.00   ¶ÀÁ¢_´¼ü                                                              11/15/2018 16:58:09 PAGE 1   


C51 COMPILER V9.00, COMPILATION OF MODULE ¶ÀÁ¢_´¼ü
OBJECT MODULE PLACED IN ¶ÀÁ¢°´¼ü.OBJ
COMPILER INVOKED BY: C:\0000000\keil4\C51\BIN\C51.EXE ¶ÀÁ¢°´¼ü.c BROWSE DEBUG OBJECTEXTEND

line level    source

   1          #include<reg52.h>
   2          #include<intrins.h>
   3          typedef unsigned char uchar;
   4          typedef unsigned int uint;
   5          
   6          sbit k1=P3^1;
   7          #define led P2
   8          
   9          void yanshi(uint x)
  10          {
  11   1              uint i,j;                                               //  0.5ms
  12   1              for(i=0;i<=x;i++)
  13   1                      for(j=0;j<=60;j++);
  14   1      }
  15          
  16          void anjian()
  17          {
  18   1              
  19   1              if(k1==0)
  20   1              {       yanshi(20);
  21   2                      if(k1==0)
  22   2                      {
  23   3                              led=_crol_(led,1);
  24   3                      }
  25   2                      while(!k1);
  26   2              }
  27   1      }
  28          
  29          int main()
  30          {
  31   1              led=0xfe;
  32   1              while(1)
  33   1              {
  34   2                      anjian();
  35   2              }
  36   1              return 0;
  37   1      }


MODULE INFORMATION:   STATIC OVERLAYABLE
   CODE SIZE        =     70    ----
   CONSTANT SIZE    =   ----    ----
   XDATA SIZE       =   ----    ----
   PDATA SIZE       =   ----    ----
   DATA SIZE        =   ----    ----
   IDATA SIZE       =   ----    ----
   BIT SIZE         =   ----    ----
END OF MODULE INFORMATION.


C51 COMPILATION COMPLETE.  0 WARNING(S),  0 ERROR(S)
