C51 COMPILER V9.01   MAIN                                                                  02/15/2019 20:59:26 PAGE 1   


C51 COMPILER V9.01, COMPILATION OF MODULE MAIN
OBJECT MODULE PLACED IN main.OBJ
COMPILER INVOKED BY: F:\00000000\000exe\keil\C51\BIN\C51.EXE main.c COMPACT BROWSE DEBUG OBJECTEXTEND

line level    source

   1          #include<reg52.h>
   2          #include<lcd1602.h>
   3          #include<stdlib.h>
   4          #include<ctype.h>
   5          #include<stdio.h>
   6          
   7          #define duli P1
   8          
   9          uchar weizhi;
  10          
  11          uchar code zifu[]="123+456-789* 0=/";
  12          char str[20];
  13          
  14          int n=0,i1=0;
  15          float num=100.55;
  16          char record[20];
  17          float product();
  18          float change();
  19          float muli()
  20          {
  21   1              float summ;
  22   1              summ=product();
  23   1              while(record[n]=='-'||record[n]=='+')
  24   1              {
  25   2                      switch(record[n])
  26   2                      {
  27   3                      case '+':n++;summ+=product();break;
  28   3                      case '-':n++;summ-=product();break;
  29   3                      }
  30   2              }
  31   1              return summ;
  32   1      }
  33          float product()
  34          {
  35   1              float sump;
  36   1              sump=change();
  37   1              while(record[n]=='*'||record[n]=='/')
  38   1              {
  39   2                      switch(record[n])
  40   2                      {
  41   3                      case '*':n++;sump*=change();break;
  42   3                      case '/':n++;sump/=change();break;
  43   3                      }
  44   2              }
  45   1              return sump;
  46   1      }
  47          float change()
  48          {
  49   1              float sumc;
  50   1              char rec[20],i=0;
  51   1              if(record[n]=='(')
  52   1              {
  53   2                      n++;
  54   2                      sumc=muli();
  55   2              }
C51 COMPILER V9.01   MAIN                                                                  02/15/2019 20:59:26 PAGE 2   

  56   1              if(record[n]==')')
  57   1                      n++;
  58   1              while(isdigit(record[n])||record[n]=='.')
  59   1              {
  60   2                      while(isdigit(record[n])||record[n]=='.')
  61   2                              rec[i++]=record[n++];
  62   2                      rec[i]='\0';
  63   2                      sumc=atof(rec);
  64   2              }
  65   1              return sumc; 
  66   1      }
  67          
  68          void saomiao()
  69          {
  70   1               uint a=0;
  71   1               duli=0x0f;
  72   1               if(duli!=0x0f)
  73   1               {
  74   2                      delay(200);
  75   2                      switch(duli)
  76   2                      {
  77   3                              case 0x07:weizhi=1;break;
  78   3                              case 0x0b:weizhi=2;break;
  79   3                              case 0x0d:weizhi=3;break;
  80   3                              case 0x0e:weizhi=4;break;       
  81   3                      }
  82   2                      duli=0xf0;
  83   2                      switch(duli)
  84   2                      {
  85   3                              case 0x70:break;
  86   3                              case 0xb0:weizhi=weizhi+4;break;
  87   3                              case 0xd0:weizhi=weizhi+8;break;
  88   3                              case 0xe0:weizhi=weizhi+12;break;
  89   3                      }
  90   2                      if(weizhi!=13)
  91   2                              i1++;
  92   2                      else
  93   2                              for(a=0;record[a]!='\0';a++)
  94   2                              {
  95   3                                      record[a]=' ';i1=0;
  96   3                              }
  97   2                      while(duli!=0xf0);
  98   2               }
  99   1      }
 100          
 101          void lcdfuzhi()
 102          {
 103   1              record[i1-1]=zifu[weizhi-1];
 104   1              num=muli();
 105   1              if(weizhi==15)
 106   1              {
 107   2                      sprintf(str,"%f",num); 
 108   2              //      itoa(muli(), str, 10);
 109   2              }
 110   1      }
 111          
 112          void display()
 113          {
 114   1              uint i,j=0;
 115   1              for(i=0;record[i]!='\0';i++)
 116   1              {
 117   2                      LCD_X_Y(1,j++,record[i]);
C51 COMPILER V9.01   MAIN                                                                  02/15/2019 20:59:26 PAGE 3   

 118   2              }j=0;
 119   1              for(i=0;str[i]!='\0';i++)
 120   1              {
 121   2                      LCD_X_Y(2,j++,str[i]);
 122   2              }
 123   1      }
 124          
 125          int main()
 126          {
 127   1              LCD_init();
 128   1              while(1)
 129   1              {
 130   2                      saomiao();
 131   2                      lcdfuzhi();
 132   2                      display();
 133   2              }
 134   1              return 0;
 135   1      }


MODULE INFORMATION:   STATIC OVERLAYABLE
   CODE SIZE        =    868    ----
   CONSTANT SIZE    =     20    ----
   XDATA SIZE       =   ----    ----
   PDATA SIZE       =     49      39
   DATA SIZE        =   ----    ----
   IDATA SIZE       =   ----    ----
   BIT SIZE         =   ----    ----
END OF MODULE INFORMATION.


C51 COMPILATION COMPLETE.  0 WARNING(S),  0 ERROR(S)
