C51 COMPILER V9.57.0.0   DS18B20                                                           03/28/2019 19:47:33 PAGE 1   


C51 COMPILER V9.57.0.0, COMPILATION OF MODULE DS18B20
OBJECT MODULE PLACED IN DS18B20.OBJ
COMPILER INVOKED BY: C:\Keil_v5\C51\BIN\C51.EXE DS18B20.c OPTIMIZE(8,SPEED) BROWSE DEBUG OBJECTEXTEND TABS(2)

line level    source

   1          #include<ds18b20.h>
   2          void delay(uint i)
   3          {
   4   1          while(i--);
   5   1      }
   6          
   7          void DS18B20_init()
   8          {
   9   1          uchar x=0;
  10   1          DQ=1;
  11   1          delay(8);
  12   1          DQ=0;
  13   1          delay(80);
  14   1          DQ=1;
  15   1          delay(10);
  16   1          x=DQ;
  17   1          delay(5);
  18   1      }
  19          
  20          uchar DS18B20_read()
  21          {
  22   1          uchar i,t=0;
  23   1          for(i=0; i<8; i++)
  24   1          {
  25   2              t=t>>1;
  26   2              DQ=0;
  27   2              DQ=1;
  28   2              if(DQ)
  29   2                  t=t|0x80;
  30   2              delay(5);
  31   2          }
  32   1          return t;
  33   1      }
  34          
  35          void DS18B20_write(uchar dat)
  36          {
  37   1          uchar i;
  38   1          for(i=0; i<8; i++)
  39   1          {
  40   2              DQ=0;
  41   2              DQ=dat&0x01;
  42   2              delay(5);
  43   2              DQ=1;
  44   2              dat=dat>>1;
  45   2          }
  46   1          delay(5);
  47   1      }
  48          int readc()
  49          {
  50   1          uchar a=0,b=0;
  51   1          int c=0;
  52   1          DS18B20_init();
  53   1          delay(10);
  54   1          DS18B20_write(0xcc);
  55   1          DS18B20_write(0x44);
C51 COMPILER V9.57.0.0   DS18B20                                                           03/28/2019 19:47:33 PAGE 2   

  56   1          delay(200);
  57   1          DS18B20_init();
  58   1          delay(10);
  59   1          DS18B20_write(0xcc);
  60   1          DS18B20_write(0xbe);
  61   1          b=DS18B20_read();
  62   1          a=DS18B20_read();
  63   1          c=a;
  64   1          c=c<<8;
  65   1          c=c|b;
  66   1          return c;
  67   1      }


MODULE INFORMATION:   STATIC OVERLAYABLE
   CODE SIZE        =    173    ----
   CONSTANT SIZE    =   ----    ----
   XDATA SIZE       =   ----    ----
   PDATA SIZE       =   ----    ----
   DATA SIZE        =   ----    ----
   IDATA SIZE       =   ----    ----
   BIT SIZE         =   ----    ----
END OF MODULE INFORMATION.


C51 COMPILATION COMPLETE.  0 WARNING(S),  0 ERROR(S)
