C51 COMPILER V9.57.0.0   MAIN                                                              03/28/2019 19:54:27 PAGE 1   


C51 COMPILER V9.57.0.0, COMPILATION OF MODULE MAIN
OBJECT MODULE PLACED IN main.OBJ
COMPILER INVOKED BY: C:\Keil_v5\C51\BIN\C51.EXE main.c OPTIMIZE(8,SPEED) BROWSE DEBUG OBJECTEXTEND TABS(2)

line level    source

   1          #include<reg52.h>
   2          #include<ds18b20.h>
   3          #include<lcd1602.h>
   4          
   5          sbit LA=P2^2;
   6          sbit LB=P2^3;
   7          sbit LC=P2^4;
   8          
   9          #define count 50000
  10          #define THx (65536-count)/256
  11          #define TLx (65536-count)%256
  12          
  13          uchar lcd1602[8],flag_1,flag_2,sec=0;
  14          uchar temperature[]="Temperature:";        //LCD标题
  15          
  16          void datapros()
  17          {
  18   1          int temp = 0;
  19   1          float tp;
  20   1      
  21   1          temp = readc();
  22   1      
  23   1          if(temp< 0)
  24   1          {
  25   2              lcd1602[0]='-';
  26   2              temp=temp-1;
  27   2              temp=~temp;
  28   2              tp=temp;
  29   2              temp=tp*0.0625*100+0.5;
  30   2          }
  31   1          else
  32   1          {
  33   2              lcd1602[0]='+';
  34   2              tp=temp;
  35   2              temp=tp*0.0625*100+0.5;
  36   2          }
  37   1          lcd1602[1]=temp/10000+48;
  38   1          lcd1602[2]=temp/1000%10+48;
  39   1          lcd1602[3]=temp/100%10+48;
  40   1          lcd1602[4]='.';
  41   1          lcd1602[5]=temp/10%10+48;
  42   1          lcd1602[6]=temp%10+48;
  43   1      }
  44          
  45          void time0init()
  46          {
  47   1          TMOD=0x01;
  48   1          TH0=THx;
  49   1          TL0=TLx;
  50   1          EA=1;
  51   1          ET0=1;
  52   1          TR0=1;
  53   1      }
  54          
  55          int main()
C51 COMPILER V9.57.0.0   MAIN                                                              03/28/2019 19:54:27 PAGE 2   

  56          {
  57   1          uint i,j,k=2;
  58   1          uchar table1[]= {0x10,0x06,0x09,0x08,0x08,0x09,0x06,0x00};        //自定义   度 C  符号
  59   1          time0init();
  60   1          LCD_init();
  61   1          zidingyi(table1,8);
  62   1          LCD_X_Y(2,11,0x00);                 //显示 第一个字符到  2行11列
  63   1          for(i=0; temperature[i]!='\0'; i++)
  64   1          {
  65   2              LCD_X_Y(1,k++,temperature[i]);
  66   2              delay(100);
  67   2          }
  68   1      
  69   1          while(1)
  70   1          {
  71   2              j=4;
  72   2              if(flag_2==1)
  73   2              {
  74   3                  datapros();
  75   3                  flag_2=0;
  76   3              }
  77   2      
  78   2              for(i=0; lcd1602[i]!='\0'; i++)
  79   2              {
  80   3                  LCD_X_Y(2,j++,lcd1602[i]);         //
  81   3                  delay(100);
  82   3                  if(j==12)j=4;
  83   3              }
  84   2          }
  85   1      }
  86          void time0() interrupt 1
  87          {
  88   1          if(++flag_1==20)
  89   1          {
  90   2              flag_1=0;
  91   2              flag_2=1;
  92   2              sec++;
  93   2              if(sec==60)sec=0;
  94   2          }
  95   1      }


MODULE INFORMATION:   STATIC OVERLAYABLE
   CODE SIZE        =    415    ----
   CONSTANT SIZE    =      8    ----
   XDATA SIZE       =   ----    ----
   PDATA SIZE       =   ----    ----
   DATA SIZE        =     24      18
   IDATA SIZE       =   ----    ----
   BIT SIZE         =   ----    ----
END OF MODULE INFORMATION.


C51 COMPILATION COMPLETE.  0 WARNING(S),  0 ERROR(S)
