C51 COMPILER V9.01   MAIN                                                                  02/15/2019 12:17:17 PAGE 1   


C51 COMPILER V9.01, COMPILATION OF MODULE MAIN
OBJECT MODULE PLACED IN ..\OBJ\main.obj
COMPILER INVOKED BY: F:\00000000\000exe\keil\C51\BIN\C51.EXE main.c BROWSE DEBUG OBJECTEXTEND OBJECT(..\OBJ\main.obj)

line level    source

   1          #include<reg52.h>
   2          
   3          /*k1短按红灯亮，长按蓝灯亮*/
   4          
   5          typedef unsigned char uchar;
   6          typedef unsigned int uint;
   7          
   8          sbit led_red=P0^2;
   9          sbit led_blue=P0^0;
  10          sbit k1=P3^1;
  11          
  12          uchar readkey()
  13          {
  14   1              static uchar keystate=0;
  15   1              static uchar keycount=0;
  16   1              static uint keytime=0;
  17   1              uchar key_return=0;
  18   1              switch(keystate)
  19   1              {
  20   2                      case 0:
  21   2                              if(k1==1)//没有按下
  22   2                              {
  23   3                                      key_return=0;
  24   3                              }
  25   2                              else//按下
  26   2                              {
  27   3                                      keystate=1;
  28   3                                      keytime=0;
  29   3                              }break;         
  30   2                      case 1:
  31   2                              if(k1==1)
  32   2                              {
  33   3                                      keytime++;
  34   3                                      if(keytime<=10000)
  35   3                                      {
  36   4                                              keycount++;
  37   4                                      }
  38   3                                      else
  39   3                                      {
  40   4                                              keystate=2;
  41   4                                      }
  42   3                              }
  43   2      //                      else
  44   2      //                      {
  45   2      //                              keystate=0;
  46   2      //                      }
  47   2                              break;
  48   2                      case 2:
  49   2                              if(k1==0)
  50   2                              {
  51   3                                      if(keycount==1)
  52   3                                      {
  53   4                                              key_return=1;
  54   4                                              keystate=3;
  55   4                                      }
C51 COMPILER V9.01   MAIN                                                                  02/15/2019 12:17:17 PAGE 2   

  56   3                                      if(keycount==2)
  57   3                                      {
  58   4                                              key_return=11;
  59   4                                              keystate=3;
  60   4                                      }
  61   3                              }break;
  62   2                      case 3:
  63   2                              if(k1==1)
  64   2                              {
  65   3                                      keystate=0;
  66   3                              }break;
  67   2              }
  68   1              return key_return;
  69   1      }
  70          void key()
  71          {
  72   1              uchar kkk;
  73   1              kkk=readkey();
  74   1              if(kkk==1)
  75   1              {
  76   2                      led_red=~led_red;
  77   2              }
  78   1              else if(kkk==11)
  79   1              {
  80   2                      led_blue=~led_blue;
  81   2              }
  82   1      }
  83          void main(void)
  84          {
  85   1              while(1)
  86   1              {
  87   2                      key();
  88   2              }
  89   1      }
  90          
  91          
  92          
  93          
  94          
  95          
  96          
  97          
  98          
  99          
 100          
 101          
 102          
 103          
 104          
 105          
 106          
 107          
 108          
 109          
 110          
 111          
 112          
 113          
 114          
 115          
 116          

C51 COMPILER V9.01   MAIN                                                                  02/15/2019 12:17:17 PAGE 3   


MODULE INFORMATION:   STATIC OVERLAYABLE
   CODE SIZE        =    115    ----
   CONSTANT SIZE    =   ----    ----
   XDATA SIZE       =   ----    ----
   PDATA SIZE       =   ----    ----
   DATA SIZE        =      4    ----
   IDATA SIZE       =   ----    ----
   BIT SIZE         =   ----    ----
END OF MODULE INFORMATION.


C51 COMPILATION COMPLETE.  0 WARNING(S),  0 ERROR(S)
