C51 COMPILER V9.59.0.0   MAIN                                                              01/05/2019 13:25:55 PAGE 1   


C51 COMPILER V9.59.0.0, COMPILATION OF MODULE MAIN
OBJECT MODULE PLACED IN .\Objects\main.obj
COMPILER INVOKED BY: F:\00000000\000exe\keil5\C51\BIN\C51.EXE main.c OPTIMIZE(8,SPEED) BROWSE DEBUG OBJECTEXTEND PRINT(.
                    -\Listings\main.lst) TABS(2) OBJECT(.\Objects\main.obj)

line level    source

   1          #include<reg52.h>
   2          typedef unsigned char uchar;
   3          typedef unsigned int uint;
   4          
   5          #define wei P2
   6          
   7          //uchar code duanxuan[]={0x3f,0x06,0x5b,0x4f,0x66,0x6d,0x7d,0x07,0x7f,0x6f};
   8          uchar code duanxuan[]={0xc0,0xf9,0xa4,0xb0,0x99,0x92,0x82,0xf8, 
   9          0x80,0x90,0x88,0x83,0xc6,0xa1,0x86,0x8e};
  10          void delay(uint iii)
  11          {
  12   1        while(iii--);
  13   1      }
  14          /*
  15          void weixuan()//共阴
  16          {
  17            uchar i=1;      //0xef   4个
  18            for(wei=0xfe;wei!=0xff;wei=(wei<<1)|0x01)
  19            {
  20              P0=duanxuan[i++];
  21              if(i==9)i=1;
  22              delay(100);
  23              P0=0x00;
  24            }
  25          }*/
  26          
  27          void weixuan()//共阳
  28          {
  29   1        uchar i=1;      //0x10   4个
  30   1        for(wei=0x01;wei!=0x00;wei=wei<<1|0x00)
  31   1        {
  32   2          P0=duanxuan[i++];
  33   2          if(i==9)i=1;
  34   2          delay(100);
  35   2          P0=0xff;
  36   2        }
  37   1      }
  38          
  39          void main()
  40          {
  41   1        while(1)
  42   1        {
  43   2          weixuan();
  44   2        }
  45   1      }


MODULE INFORMATION:   STATIC OVERLAYABLE
   CODE SIZE        =     62    ----
   CONSTANT SIZE    =     16    ----
   XDATA SIZE       =   ----    ----
   PDATA SIZE       =   ----    ----
   DATA SIZE        =   ----    ----
   IDATA SIZE       =   ----    ----
C51 COMPILER V9.59.0.0   MAIN                                                              01/05/2019 13:25:55 PAGE 2   

   BIT SIZE         =   ----    ----
END OF MODULE INFORMATION.


C51 COMPILATION COMPLETE.  0 WARNING(S),  0 ERROR(S)
