C51 COMPILER V9.01   IIC                                                                   01/22/2019 20:27:30 PAGE 1   


C51 COMPILER V9.01, COMPILATION OF MODULE IIC
OBJECT MODULE PLACED IN IIC.OBJ
COMPILER INVOKED BY: F:\00000000\000exe\keil\C51\BIN\C51.EXE IIC.c COMPACT BROWSE DEBUG OBJECTEXTEND

line level    source

   1          #include<iic.h>
   2          
   3          /*****************延时5us************/
   4          void delay5us()   //误差 0us
   5          {
   6   1          unsigned char a;
   7   1          for(a=1;a>0;a--);
   8   1      }
   9          
  10          /***************开始信号*************/
  11          void start()
  12          {
  13   1              sda=1;
  14   1              delay5us();
  15   1              scl=1;
  16   1              delay5us();
  17   1              sda=0;
  18   1              delay5us();
  19   1              scl=0;
  20   1              delay5us();
  21   1      }
  22          
  23          /***************停止信号*************/
  24          void iic_stop()
  25          {
  26   1              sda=0;
  27   1              delay5us();
  28   1              scl=1;
  29   1              delay5us();
  30   1              sda=1;
  31   1              delay5us();
  32   1      }
  33          
  34          /**************应答信号*************/
  35          void respons()
  36          {
  37   1              uchar i;
  38   1              scl=1;
  39   1              delay5us();
  40   1              while((sda==1)&&(i<255))
  41   1                      i++;
  42   1              scl=0;
  43   1              delay5us();
  44   1      }
  45          
  46          /**************初始化*************/
  47          void init()
  48          {
  49   1              sda=1;
  50   1              delay5us();
  51   1              scl=1;
  52   1              delay5us();
  53   1      }
  54          
  55          /***************写一个字节**********/
C51 COMPILER V9.01   IIC                                                                   01/22/2019 20:27:30 PAGE 2   

  56          void write_byte(uchar date)
  57          {
  58   1              uchar i,t;
  59   1              t=date;
  60   1              for(i=0;i<8;i++)
  61   1              {
  62   2                      t=t<<1;
  63   2                      scl=0;
  64   2                      delay5us();
  65   2                      sda=CY;
  66   2                      delay5us();
  67   2                      scl=1;
  68   2                      delay5us();
  69   2              }
  70   1              scl=0;
  71   1              delay5us();
  72   1              sda=1;
  73   1              delay5us();
  74   1      }
  75          
  76          /***************读一个字节************/
  77          uchar read_byte()
  78          {
  79   1              uchar i,k;
  80   1              scl=0;
  81   1              delay5us();
  82   1              sda=1;
  83   1              delay5us();
  84   1              for(i=0;i<8;i++)
  85   1              {
  86   2                      scl=1;
  87   2                      delay5us();
  88   2                      k=(k<<1)|sda;
  89   2                      scl=0;
  90   2                      delay5us();
  91   2              }
  92   1              return k;
  93   1      }
  94          
  95          /*****************写数据*******************/
  96          void write_add(uchar addr,uchar date)
  97          {
  98   1              start();
  99   1              write_byte(0xa0);
 100   1              respons();
 101   1              write_byte(addr);
 102   1              respons();
 103   1              write_byte(date);
 104   1              respons();
 105   1              iic_stop();
 106   1      }
 107          
 108          /******************读数据*******************/
 109          uchar read_addr(uchar addr)
 110          {
 111   1              uchar date;
 112   1              start();
 113   1              write_byte(0xa0);
 114   1              respons();
 115   1              write_byte(addr);
 116   1              respons();
 117   1              start();
C51 COMPILER V9.01   IIC                                                                   01/22/2019 20:27:30 PAGE 3   

 118   1              write_byte(0xa1);
 119   1              respons();
 120   1              date=read_byte();
 121   1              iic_stop();
 122   1              return date;
 123   1      }


MODULE INFORMATION:   STATIC OVERLAYABLE
   CODE SIZE        =    213    ----
   CONSTANT SIZE    =   ----    ----
   XDATA SIZE       =   ----    ----
   PDATA SIZE       =   ----       1
   DATA SIZE        =   ----    ----
   IDATA SIZE       =   ----    ----
   BIT SIZE         =   ----    ----
END OF MODULE INFORMATION.


C51 COMPILATION COMPLETE.  0 WARNING(S),  0 ERROR(S)
