C51 COMPILER V9.01   MAIN                                                                  02/07/2019 19:26:01 PAGE 1   


C51 COMPILER V9.01, COMPILATION OF MODULE MAIN
OBJECT MODULE PLACED IN main.OBJ
COMPILER INVOKED BY: F:\00000000\000exe\keil\C51\BIN\C51.EXE main.c BROWSE DEBUG OBJECTEXTEND

line level    source

   1          #include<reg52.h>
   2          #include<intrins.h>
   3          typedef unsigned char uchar;
   4          typedef unsigned int uint;
   5          
   6          #define count 50000
   7          #define THx (65536-count)/256
   8          #define TLx (65536-count)%256
   9          
  10          sbit stcp=P3^5;
  11          sbit shcp=P3^6;
  12          sbit ds=P3^4;
  13          
  14          sbit k1=P3^2;
  15          sbit k2=P3^3;
  16          
  17          uchar sec=0,hour=0,min=0;
  18          uchar flag=0;
  19          
  20          
  21          
  22          void delay(uint i)
  23          {
  24   1              while(i--);
  25   1      }
  26          void hc595(uchar dat)
  27          {
  28   1              uchar i=0;
  29   1              shcp=0;
  30   1              stcp=0;
  31   1              for(i=0;i<8;i++)
  32   1              {
  33   2                      ds=dat>>7;
  34   2                      dat=dat<<1;
  35   2                      shcp=1;
  36   2                      _nop_();
  37   2                      _nop_();
  38   2                      shcp=0;
  39   2              }
  40   1              stcp=1;
  41   1              _nop_();
  42   1              _nop_();
  43   1              stcp=0;
  44   1      }
  45          void display()
  46          {
  47   1              uchar code table[10][4]={{0x3C,0x42,0x42,0x3C},//0
  48   1                                                                {0x00,0x00,0x7E,0x00},//1
  49   1                                                                {0x4E,0x4A,0x4A,0x7A},//2
  50   1                                                                {0x4A,0x4A,0x4A,0x7E},//3
  51   1                                                                {0x18,0x28,0x7E,0x08},//4
  52   1                                                                {0x7A,0x4A,0x4A,0x4E},//5
  53   1                                                                {0x7E,0x4A,0x4A,0x4E},//6
  54   1                                                                {0x40,0x40,0x4E,0x70},//7
  55   1                                                                {0x7E,0x4A,0x4A,0x7E},//8
C51 COMPILER V9.01   MAIN                                                                  02/07/2019 19:26:01 PAGE 2   

  56   1                                                                {0x7A,0x4A,0x4A,0x7E},};//9
  57   1              uchar i=0;
  58   1              P0=0x7f;
  59   1              for(i=0;i<4;i++)
  60   1              {       
  61   2                      if(flag==3)hc595(table[hour/10][i]<<1|0x01);
  62   2                      else hc595(table[hour/10][i]<<1);
  63   2                      delay(100);
  64   2                      hc595(0x00);
  65   2                      P0=P0>>1|0x80;  
  66   2              }
  67   1              for(i=0;i<4;i++)
  68   1              {
  69   2                      if(flag==3)hc595(table[hour%10][i]<<1|0x01);
  70   2                      else hc595(table[hour%10][i]<<1);
  71   2                      delay(100);
  72   2                      hc595(0x00);
  73   2                      P0=P0>>1|0x80;  
  74   2              }
  75   1              
  76   1              P1=0x7f;
  77   1              for(i=0;i<4;i++)
  78   1              {
  79   2                      if(flag==2)hc595(table[min/10][i]<<1|0x01);
  80   2                      else hc595(table[min/10][i]<<1);
  81   2                      delay(100);
  82   2                      hc595(0x00);
  83   2                      P1=P1>>1|0x80;  
  84   2              }
  85   1              for(i=0;i<4;i++)
  86   1              {
  87   2                      if(flag==2)hc595(table[min%10][i]<<1|0x01);
  88   2                      else hc595(table[min%10][i]<<1);
  89   2                      delay(100);
  90   2                      hc595(0x00);
  91   2                      P1=P1>>1|0x80;  
  92   2              }
  93   1              
  94   1              P2=0x7f;
  95   1              for(i=0;i<4;i++)
  96   1              {
  97   2                      if(flag==1)hc595(table[sec/10][i]<<1|0x01);
  98   2                      else hc595(table[sec/10][i]<<1);
  99   2                      delay(100);
 100   2                      hc595(0x00);
 101   2                      P2=P2>>1|0x80;  
 102   2              }
 103   1              for(i=0;i<4;i++)
 104   1              {
 105   2                      if(flag==1)hc595(table[sec%10][i]<<1|0x01);
 106   2                      else hc595(table[sec%10][i]<<1);
 107   2                      delay(100);
 108   2                      hc595(0x00);
 109   2                      P2=P2>>1|0x80;  
 110   2              }
 111   1                                                                                                                      
 112   1      }
 113          void timer_init()
 114          {
 115   1              TMOD=0X01;
 116   1              EA=1;ET0=1;TR0=1;
 117   1              TH0=THx;TL0=TLx;
C51 COMPILER V9.01   MAIN                                                                  02/07/2019 19:26:01 PAGE 3   

 118   1      }
 119          void int0_1_init()
 120          {
 121   1              IT0=1;IT1=1;
 122   1              EX0=1;EX1=1;
 123   1              EA=1;
 124   1      }
 125          void main()
 126          {
 127   1              int0_1_init();
 128   1              timer_init();
 129   1              while(1)
 130   1              {
 131   2                      display();
 132   2              }
 133   1      }
 134          void timer0() interrupt 1
 135          {
 136   1              static uchar i=0;
 137   1              TH0=THx;TL0=TLx;
 138   1              if(++i==20)
 139   1              {
 140   2                      i=0;
 141   2                      sec++;
 142   2                      if(sec==60)
 143   2                      {
 144   3                              sec=0;
 145   3                              min++;
 146   3                              if(min==60)
 147   3                              {
 148   4                                      min=0;
 149   4                                      hour++;
 150   4                                      if(hour==24)
 151   4                                      {
 152   5                                              hour=0;
 153   5                                      }
 154   4                              }
 155   3                      }
 156   2              }
 157   1      }
 158          void int0() interrupt 0
 159          {
 160   1              delay(1500);
 161   1              if(k1==0)
 162   1              {
 163   2                      if(flag==1)
 164   2                      {
 165   3                              sec++;
 166   3                              if(sec==60)sec=0;
 167   3                      }
 168   2                      if(flag==2)
 169   2                      {
 170   3                              min++;
 171   3                              if(min==60)min=0;
 172   3                      }
 173   2                      if(flag==3)
 174   2                      {
 175   3                              hour++;
 176   3                              if(hour==24)hour=0;
 177   3                      }
 178   2              }
 179   1      }
C51 COMPILER V9.01   MAIN                                                                  02/07/2019 19:26:01 PAGE 4   

 180          void int1() interrupt 2
 181          {
 182   1              delay(1500);
 183   1              if(k2==0)
 184   1              {
 185   2                      flag++;
 186   2              }
 187   1              if(flag==1)
 188   1              {
 189   2                      TR0=0;
 190   2              }
 191   1              if(flag==4)
 192   1              {
 193   2                      flag=0;
 194   2                      TR0=1;
 195   2              }
 196   1      }
 197          
 198          
 199          
 200          
 201          
 202          
 203          
 204          
 205          
 206          


MODULE INFORMATION:   STATIC OVERLAYABLE
   CODE SIZE        =    887    ----
   CONSTANT SIZE    =     40    ----
   XDATA SIZE       =   ----    ----
   PDATA SIZE       =   ----    ----
   DATA SIZE        =      5    ----
   IDATA SIZE       =   ----    ----
   BIT SIZE         =   ----    ----
END OF MODULE INFORMATION.


C51 COMPILATION COMPLETE.  0 WARNING(S),  0 ERROR(S)
