C51 COMPILER V9.57.0.0   MAIN                                                              03/21/2019 15:12:27 PAGE 1   


C51 COMPILER V9.57.0.0, COMPILATION OF MODULE MAIN
OBJECT MODULE PLACED IN ..\Output\main.obj
COMPILER INVOKED BY: C:\Keil_v5\C51\BIN\C51.EXE main.c OPTIMIZE(8,SPEED) BROWSE DEBUG OBJECTEXTEND PRINT(.\Listings\main
                    -.lst) TABS(2) OBJECT(..\Output\main.obj)

line level    source

   1          #include <REG52.H>
   2          typedef unsigned char uchar;
   3          typedef unsigned int uint;
   4          #define led P1
   5          void delay(uint i){
   6   1        while(i--);
   7   1      }
   8          void main(void){
   9   1        uchar dat = 0;
  10   1        while(1){
  11   2          for(dat = 0xff;dat != 0x00;dat = (dat >> 1) & 0x7f){
  12   3            for(led = 0xfe;led != dat;led = led << 1 | 0x01){
  13   4              led &= dat ;
  14   4              delay(30000);
  15   4            }
  16   3          }
  17   2          
  18   2        }
  19   1      }


MODULE INFORMATION:   STATIC OVERLAYABLE
   CODE SIZE        =     52    ----
   CONSTANT SIZE    =   ----    ----
   XDATA SIZE       =   ----    ----
   PDATA SIZE       =   ----    ----
   DATA SIZE        =   ----    ----
   IDATA SIZE       =   ----    ----
   BIT SIZE         =   ----    ----
END OF MODULE INFORMATION.


C51 COMPILATION COMPLETE.  0 WARNING(S),  0 ERROR(S)
