C51 COMPILER V9.57.0.0   MAIN                                                              03/20/2019 16:01:04 PAGE 1   


C51 COMPILER V9.57.0.0, COMPILATION OF MODULE MAIN
OBJECT MODULE PLACED IN ..\OBJ\main.obj
COMPILER INVOKED BY: C:\Keil_v5\C51\BIN\C51.EXE main.c OPTIMIZE(8,SPEED) BROWSE DEBUG OBJECTEXTEND TABS(2) OBJECT(..\OBJ
                    -\main.obj)

line level    source

   1          #include "reg52.h"
   2          #include "intrins.h"
   3          #include <stdio.h>
   4          #include <stdlib.h>
   5          
   6          typedef unsigned char uchar;
   7          typedef unsigned int uint;
   8          sbit shcp=P3^6;
   9          sbit stcp=P3^5;
  10          sbit ds=P3^4;
  11          sbit k1=P3^2;
  12          
  13          uint time_count=0;
  14          uchar code table[7][8]={{0x00,0x00,0x00,0x00,0x00,0x00,0x00,0x00},
  15                      {0x00,0x00,0x00,0x18,0x18,0x00,0x00,0x00},
  16                      {0x00,0x06,0x06,0x00,0x00,0x60,0x60,0x00},
  17                      {0x03,0x03,0x00,0x18,0x18,0x00,0xC0,0xC0},
  18                      {0x00,0x66,0x66,0x00,0x00,0x66,0x66,0x00},
  19                      {0xC3,0xC3,0x00,0x18,0x18,0x00,0xC3,0xC3},
  20                      {0x00,0xDB,0xDB,0x00,0x00,0xDB,0xDB,0x00}};
  21          void delay(uint i)
  22          {
  23   1        while(i--);
  24   1      }
  25          void hc595(uchar dat)
  26          {
  27   1        uchar i=0;
  28   1        stcp=0;
  29   1        for(i=0;i<8;i++)
  30   1        {
  31   2          shcp=0;
  32   2          ds=dat>>7;
  33   2          dat=dat<<1;
  34   2          shcp=1;
  35   2        }
  36   1        stcp=1;
  37   1      }
  38          void state_switch(void)
  39          {
  40   1        uchar i=0,j=6;
  41   1        srand(time_count);
  42   1        while(j--)
  43   1        {
  44   2          P0=0xfe;
  45   2          for(i=0;i<8;i++)
  46   2          {
  47   3            
  48   3            hc595(table[(rand()%5)+1][i]);
  49   3            delay(100);
  50   3            hc595(0x00);
  51   3            P0=P0<<1|0x01;
  52   3          }
  53   2          delay(4000);
  54   2        }
C51 COMPILER V9.57.0.0   MAIN                                                              03/20/2019 16:01:04 PAGE 2   

  55   1      }
  56          void display()
  57          {
  58   1      
  59   1        uchar i=0;
  60   1        static bit flag_song=0;
  61   1        static uchar count=0;
  62   1        if(flag_song==0&&k1==0)
  63   1        {
  64   2          delay(1500);
  65   2          if(k1==0)
  66   2          {
  67   3            flag_song=1;
  68   3            srand(time_count);
  69   3            count = (rand()%6)+1;
  70   3            state_switch();
  71   3          }
  72   2        }
  73   1        if(k1==1)
  74   1        {
  75   2          flag_song=0;
  76   2        }
  77   1        P0=0xfe;
  78   1        for(i=0;i<8;i++)
  79   1        {
  80   2          hc595(table[count][i]);
  81   2          delay(50);
  82   2          hc595(0x00);
  83   2          P0=P0<<1|0x01;
  84   2        }
  85   1      }
  86          void time_init(void)
  87          {
  88   1        TMOD=0x02;
  89   1        TH0=200;
  90   1        TL0=200;
  91   1        EA=1;
  92   1        ET0=1;
  93   1        TR0=1;
  94   1      }
  95          void main(void)
  96          {
  97   1        time_init();
  98   1        while(1)
  99   1        {
 100   2          display();
 101   2        }
 102   1      }
 103          void time0(void) interrupt 1
 104          {
 105   1        static uint i=0;
 106   1        if(++i==500)
 107   1        {
 108   2          i=0;
 109   2          time_count++;
 110   2          if(time_count==30000)
 111   2          {
 112   3            time_count=0;
 113   3          }
 114   2        }
 115   1      } 
 116          
C51 COMPILER V9.57.0.0   MAIN                                                              03/20/2019 16:01:04 PAGE 3   

 117          
 118          
 119          
 120          
 121          
 122          
 123          
 124          


MODULE INFORMATION:   STATIC OVERLAYABLE
   CODE SIZE        =    344    ----
   CONSTANT SIZE    =     56    ----
   XDATA SIZE       =   ----    ----
   PDATA SIZE       =   ----    ----
   DATA SIZE        =      5       3
   IDATA SIZE       =   ----    ----
   BIT SIZE         =      1    ----
END OF MODULE INFORMATION.


C51 COMPILATION COMPLETE.  0 WARNING(S),  0 ERROR(S)
