C51 COMPILER V9.00   LCD1602                                                               12/19/2018 21:08:17 PAGE 1   


C51 COMPILER V9.00, COMPILATION OF MODULE LCD1602
OBJECT MODULE PLACED IN LCD1602.OBJ
COMPILER INVOKED BY: C:\0000000\keil4\C51\BIN\C51.EXE LCD1602.c BROWSE DEBUG OBJECTEXTEND

line level    source

   1          #include<reg52.h>
   2          
   3          typedef unsigned char uchar;
   4          typedef unsigned int uint;
   5          
   6          sbit LCD_RS=P2^6;
   7          sbit LCD_RW=P2^5;
   8          sbit LCD_E=P2^7;
   9          
  10          #define LCD_DB P0
  11          
  12          void delay(uint x)
  13          {
  14   1              uint i,j;
  15   1              for(i=0;i<x;i++)
  16   1              for(j=0;j<10;j++);
  17   1      }
  18          
  19          void LCD_write_0(uchar dat)
  20          {
  21   1              LCD_DB=dat;
  22   1              LCD_RS=0;
  23   1              LCD_RW=0;
  24   1              LCD_E=1;
  25   1              LCD_E=0;
  26   1              delay(1);
  27   1      }
  28          
  29          void LCD_write_1(uchar dat)
  30          {
  31   1              LCD_DB=dat;
  32   1              LCD_RS=1;
  33   1              LCD_RW=0;
  34   1              LCD_E=1;
  35   1              LCD_E=0;
  36   1              delay(1);
  37   1      }
  38          
  39          void row(uint i)
  40          {
  41   1              uint k;
  42   1              if(i==1)
  43   1              k=0x00;
  44   1              else
  45   1              k=0x40;
  46   1              LCD_write_0(0x80|k);
  47   1      }
  48          
  49          void LCD_init()
  50          {
  51   1              LCD_write_0(0x38);
  52   1              delay(150);
  53   1              LCD_write_0(0x38);
  54   1              LCD_write_0(0x0c);
  55   1              LCD_write_0(0x06);
C51 COMPILER V9.00   LCD1602                                                               12/19/2018 21:08:17 PAGE 2   

  56   1              LCD_write_0(0x01);
  57   1              delay(200);
  58   1      }
  59                          /*
  60          void LCD1602_X_Y(uchar x,uchar y,uchar dat)
  61          {
  62                  uchar addr;
  63                  if(x==1)
  64                  {
  65                          addr=0x80+y;
  66                  }
  67                  else
  68                          addr=0xc0+y;
  69                  LCD_write_0(addr);
  70                  LCD_write_1(dat);
  71          }                                                                  */
  72            
  73          int main()
  74          {
  75   1              uchar str[]="liyaolong",i=0;
  76   1              LCD_init();
  77   1          row(1);
  78   1              for(i=0;str[i]!='\0';i++)
  79   1              {
  80   2                      LCD_write_1(str[i]);
  81   2                      delay(1000);
  82   2              } 
  83   1              LCD_write_0(0xc0+6);
  84   1              LCD_write_0(0x0f);
  85   1              
  86   1              while(1)
  87   1              {
  88   2                      
  89   2              }
  90   1              return 0;
  91   1      }                                


MODULE INFORMATION:   STATIC OVERLAYABLE
   CODE SIZE        =    193    ----
   CONSTANT SIZE    =     10    ----
   XDATA SIZE       =   ----    ----
   PDATA SIZE       =   ----    ----
   DATA SIZE        =   ----      10
   IDATA SIZE       =   ----    ----
   BIT SIZE         =   ----    ----
END OF MODULE INFORMATION.


C51 COMPILATION COMPLETE.  0 WARNING(S),  0 ERROR(S)
