C51 COMPILER V9.00   自定义                                                                12/16/2018 20:23:22 PAGE 1   


C51 COMPILER V9.00, COMPILATION OF MODULE 自定义
OBJECT MODULE PLACED IN 自定义.OBJ
COMPILER INVOKED BY: C:\0000000\keil4\C51\BIN\C51.EXE 自定义.c BROWSE DEBUG OBJECTEXTEND

line level    source

   1          #include<reg52.h>
   2          
   3          typedef unsigned char uchar;
   4          typedef unsigned int uint;
   5          
   6          sbit LCD_RS=P2^6;         //0 指令       1 数据  
   7          sbit LCD_RW=P2^5;
   8          sbit LCD_E=P2^7;
   9          
  10          #define LCD_DB P0
  11          
  12          void delay(uint x)
  13          {
  14   1              uint i,j;
  15   1              for(i=0;i<x;i++)
  16   1              for(j=0;j<10;j++);
  17   1      }
  18          
  19          void LCD_write_0(uchar dat)
  20          {
  21   1              LCD_DB=dat;
  22   1              LCD_RS=0;
  23   1              LCD_RW=0;
  24   1              LCD_E=1;
  25   1              LCD_E=0;
  26   1              delay(1);
  27   1      }
  28          
  29          void LCD_write_1(uchar dat)
  30          {
  31   1              LCD_DB=dat;
  32   1              LCD_RS=1;
  33   1              LCD_RW=0;
  34   1              LCD_E=1;
  35   1              LCD_E=0;
  36   1              delay(1);
  37   1      }
  38          
  39          void row(uint i)
  40          {
  41   1              uint k;
  42   1              if(i==1)
  43   1                      k=0x00;
  44   1              else
  45   1                      k=0x40;
  46   1              LCD_write_0(0x80|k);
  47   1      }
  48          
  49          void LCD_init()
  50          {
  51   1              LCD_write_0(0x38);
  52   1              delay(150);
  53   1              LCD_write_0(0x38);
  54   1              LCD_write_0(0x0c);
  55   1              LCD_write_0(0x06);
C51 COMPILER V9.00   自定义                                                                12/16/2018 20:23:22 PAGE 2   

  56   1              LCD_write_0(0x01);
  57   1              delay(200);
  58   1                               //自定义字符 指令
  59   1      }
  60          /*
  61          void LCD_X_Y(uchar x,uchar y,uchar date)
  62          {
  63              uchar addr;
  64              if(x==1)
  65              {
  66                  addr=0x80+y;
  67              }
  68              else
  69                  addr=0xc0+y;
  70              LCD_write_0(addr);
  71              LCD_write_1(date);
  72          }       */
  73          
  74          void zidingyi(uchar (*s)[8],uint j,uint j_1)
  75          {
  76   1              uint i,i_1;
  77   1              for(i_1=1;i_1<=j_1;i_1++)
  78   1              {
  79   2                      if(i_1==1)
  80   2                              LCD_write_0(0x40);
  81   2                      if(i_1==2)
  82   2                              LCD_write_0(0x48);
  83   2                      if(i_1==3)
  84   2                              LCD_write_0(0x50);
  85   2                      if(i_1==4)
  86   2                              LCD_write_0(0x58);
  87   2                      if(i_1==5)
  88   2                              LCD_write_0(0x60);
  89   2                      if(i_1==6)
  90   2                              LCD_write_0(0x68);
  91   2                      if(i_1==7)
  92   2                              LCD_write_0(0x70);
  93   2                      if(i_1==8)
  94   2                              LCD_write_0(0x78);
  95   2                      for(i=0;i<j;i++)
  96   2                      {
  97   3                              LCD_write_1(s[i_1-1][i]);
  98   3                      }
  99   2              }
 100   1      }
 101          
 102          int main()
 103          {
 104   1              uchar code _zidingyi_[2][8]={{0x00,0x17,0x08,0x08,0x08,0x08,0x07,0x00},{0x00,0x00,0x04,0x0E,0x1F,0x0E,0x
             -04,0x00}};                                //                       0x10,0x06,0x09,0x08,0x08,0x09,0x06,0x00
 105   1              LCD_init();
 106   1              zidingyi(_zidingyi_,8,2);
 107   1              row(1);
 108   1              LCD_write_1(0x00);
 109   1              row(2);
 110   1              LCD_write_1(0x01);
 111   1              while(1);
 112   1              return 0;
 113   1      }


MODULE INFORMATION:   STATIC OVERLAYABLE
C51 COMPILER V9.00   自定义                                                                12/16/2018 20:23:22 PAGE 3   

   CODE SIZE        =    396    ----
   CONSTANT SIZE    =     16    ----
   XDATA SIZE       =   ----    ----
   PDATA SIZE       =   ----    ----
   DATA SIZE        =   ----      11
   IDATA SIZE       =   ----    ----
   BIT SIZE         =   ----    ----
END OF MODULE INFORMATION.


C51 COMPILATION COMPLETE.  0 WARNING(S),  0 ERROR(S)
