C51 COMPILER V9.00   MAIN                                                                  12/23/2018 14:12:13 PAGE 1   


C51 COMPILER V9.00, COMPILATION OF MODULE MAIN
OBJECT MODULE PLACED IN main.OBJ
COMPILER INVOKED BY: C:\0000000\keil4\C51\BIN\C51.EXE main.c BROWSE DEBUG OBJECTEXTEND

line level    source

   1          #include<reg52.h>
   2          
   3          typedef unsigned char uchar;
   4          typedef unsigned int uint;
   5          
   6          sbit LSA=P2^2;
   7          sbit LSB=P2^3;
   8          sbit LSC=P2^4;
   9          
  10          sbit OUT=P3^2; 
  11          
  12          uchar temp[6],time;
  13          
  14          uchar code smgduan[17]={0x3f,0x06,0x5b,0x4f,0x66,0x6d,0x7d,0x07,
  15                                                          0x7f,0x6f,0x77,0x7c,0x39,0x5e,0x79,0x71,0X76};
  16          void delay(uint iii)
  17          {
  18   1              while(iii--);
  19   1      }
  20          
  21          void display()
  22          {
  23   1              uchar i;
  24   1              for(i=0;i<3;i++)
  25   1              {
  26   2                      switch(i)
  27   2                      {
  28   3                              case 0:LSC=0;LSB=0;LSA=0;
  29   3                              P0=smgduan[16];break;
  30   3                              case 1:LSC=0;LSB=0;LSA=1;
  31   3                              P0=smgduan[temp[2]%16];break;
  32   3                              case 2:LSC=0;LSB=1;LSA=0;
  33   3                              P0=smgduan[temp[2]/16];break;
  34   3                      }
  35   2                      delay(100);
  36   2                      P0=0x00;
  37   2              }
  38   1      }
  39          
  40          
  41          void infrared()
  42          {
  43   1              uchar i,j;
  44   1              uint t;time=0;
  45   1              delay(700);
  46   1              if(OUT==0)
  47   1              {
  48   2                      t=1000;
  49   2                      while((OUT==0)&&(t>0))
  50   2                      {
  51   3                              delay(1);
  52   3                              t--;
  53   3                      }
  54   2                      if(OUT==1)
  55   2                      {
C51 COMPILER V9.00   MAIN                                                                  12/23/2018 14:12:13 PAGE 2   

  56   3                              t=500;
  57   3                              while((OUT==1)&&(t>0))
  58   3                              {
  59   4                                      delay(1);
  60   4                                      t--;
  61   4                              }
  62   3                              for(i=0;i<4;i++)
  63   3                                      for(j=0;j<8;j++)
  64   3                                      {
  65   4                                              t=60;
  66   4                                              while((OUT==0)&&(t>0))
  67   4                                              {
  68   5                                                      delay(1);
  69   5                                                      t--;
  70   5                                              }
  71   4                                              t=500;
  72   4                                              while((t>0)&&(OUT==1))
  73   4                                              {
  74   5                                                      delay(10);
  75   5                                                      time++;
  76   5                                                      t--;
  77   5                                                      if(time>30)
  78   5                                                      {
  79   6                                                              return;
  80   6                                                      }                                               
  81   5                                              }
  82   4                                              temp[i]=temp[i]>>1;
  83   4                                              if(time>8)
  84   4                                              {
  85   5                                                      temp[i]=temp[i]|0x80;
  86   5                                              }
  87   4                                              time=0;
  88   4                                      }
  89   3                      }
  90   2                      if(temp[2]!=~temp[3])
  91   2                      {
  92   3                              return;
  93   3                      }                 
  94   2              }
  95   1      }
  96          
  97          int main()
  98          {
  99   1              OUT=1;
 100   1              while(1)
 101   1              {
 102   2                      display();
 103   2                      infrared();
 104   2              }
 105   1              return 0;
 106   1      }


MODULE INFORMATION:   STATIC OVERLAYABLE
   CODE SIZE        =    286    ----
   CONSTANT SIZE    =     17    ----
   XDATA SIZE       =   ----    ----
   PDATA SIZE       =   ----    ----
   DATA SIZE        =      7       1
   IDATA SIZE       =   ----    ----
   BIT SIZE         =   ----    ----
END OF MODULE INFORMATION.

C51 COMPILER V9.00   MAIN                                                                  12/23/2018 14:12:13 PAGE 3   


C51 COMPILATION COMPLETE.  0 WARNING(S),  0 ERROR(S)
