C51 COMPILER V9.01   MAIN                                                                  03/01/2019 19:53:20 PAGE 1   


C51 COMPILER V9.01, COMPILATION OF MODULE MAIN
OBJECT MODULE PLACED IN .\Objects\main.obj
COMPILER INVOKED BY: C:\Keil\C51\BIN\C51.EXE main.c BROWSE DEBUG OBJECTEXTEND PRINT(.\Listings\main.lst) OBJECT(.\Object
                    -s\main.obj)

line level    source

   1          #include<reg52.h>
   2          #include<intrins.h>
   3          typedef unsigned char uchar;
   4          typedef unsigned int uint;
   5          
   6          #define date P0
   7          #define count 50000
   8          #define TH_0 (65536-count)/256
   9          #define TL_0 (65536-count)%256
  10          
  11          sbit ds=P0^0;
  12          sbit clk=P0^1;
  13          
  14          uchar diss[8];
  15          uchar code distab[17] = {0x3f,0x06,0x5b,0x4f,0x66,0x6d,0x7d, 
  16                                                                                                                                          0x07,0x7f,0x6f,0x77,0x7c,0x39,0x5e,0x79,0x71,0x40};
  17          uint sec=58,min=59,hour=9;
  18          
  19          void delay(uint iii)
  20          {
  21   1              while(iii--);
  22   1      }
  23          void hc164(uchar dat1)
  24          {
  25   1              uchar i=0;
  26   1              for(i=0;i<8;i++)
  27   1              {
  28   2                      clk=0;
  29   2                      ds=dat1>>7;
  30   2                      dat1=dat1<<1;
  31   2                      clk=1;
  32   2                      _nop_();
  33   2                      _nop_();
  34   2              }
  35   1      }
  36          
  37          void display()
  38          {
  39   1              uchar i=0,dat=0;
  40   1              for(dat=0xfe;dat!=0xff;dat=dat<<1|0x01)
  41   1              {
  42   2                      delay(100);
  43   2                      hc164(distab[diss[7-i++]]);
  44   2                      
  45   2                      hc164(dat);
  46   2      
  47   2      
  48   2                      
  49   2                      if(i==8)i=0;
  50   2                      delay(500);
  51   2              }
  52   1      }
  53          void disss()
  54          {
C51 COMPILER V9.01   MAIN                                                                  03/01/2019 19:53:20 PAGE 2   

  55   1              diss[0]=hour/10;
  56   1              diss[1]=hour%10;
  57   1              diss[2]=16;
  58   1              diss[3]=min/10;
  59   1              diss[4]=min%10;
  60   1              diss[5]=16;
  61   1              diss[6]=sec/10;
  62   1              diss[7]=sec%10;
  63   1      }
  64          void timer0_init()
  65          {
  66   1              TMOD=0x01;
  67   1              EA=1;ET0=1;TR0=1;
  68   1              TH0=TH_0;TL0=TL_0;
  69   1      }
  70          void main()
  71          {
  72   1              timer0_init();
  73   1              while(1)
  74   1              {       
  75   2                      display();
  76   2                      disss();
  77   2              }
  78   1      }
  79          void timer0() interrupt 1
  80          {
  81   1              static uchar j;
  82   1              TH0=TH_0;TL0=TL_0;
  83   1              if(++j==20)
  84   1              {
  85   2                      j=0;
  86   2                      sec++;
  87   2                      if(sec==60)
  88   2                      {
  89   3                              sec=0;
  90   3                              min++;
  91   3                              if(min==60)
  92   3                              {
  93   4                                      min=0;
  94   4                                      hour++;
  95   4                                      if(hour==24)
  96   4                                      {
  97   5                                              hour=0;
  98   5                                      }
  99   4                              }
 100   3                      }
 101   2              }
 102   1      }


MODULE INFORMATION:   STATIC OVERLAYABLE
   CODE SIZE        =    290    ----
   CONSTANT SIZE    =     17    ----
   XDATA SIZE       =   ----    ----
   PDATA SIZE       =   ----    ----
   DATA SIZE        =     15    ----
   IDATA SIZE       =   ----    ----
   BIT SIZE         =   ----    ----
END OF MODULE INFORMATION.


C51 COMPILATION COMPLETE.  0 WARNING(S),  0 ERROR(S)
