C51 COMPILER V9.57.0.0   MAIN                                                              04/09/2019 21:36:50 PAGE 1   


C51 COMPILER V9.57.0.0, COMPILATION OF MODULE MAIN
OBJECT MODULE PLACED IN .\Objects\main.obj
COMPILER INVOKED BY: C:\Keil_v5\C51\BIN\C51.EXE main.c OMF2 OPTIMIZE(8,SPEED) BROWSE INCDIR(.\TIME) DEBUG PRINT(.\Listin
                    -gs\main.lst) TABS(2) OBJECT(.\Objects\main.obj)

line level    source

   1          #include"REG52.h"
   2          #include"TIME.h"
   3          
   4          sbit LED1 = P2^0;
   5          
   6          void main(void) {
   7   1        TIME0_Init();
   8   1        while(1) {
   9   2          LED1 = ~LED1;
  10   2          TIME0_Delay_ms(500);
  11   2        }
  12   1      }


MODULE INFORMATION:   STATIC OVERLAYABLE
   CODE SIZE        =     14    ----
   CONSTANT SIZE    =   ----    ----
   XDATA SIZE       =   ----    ----
   PDATA SIZE       =   ----    ----
   DATA SIZE        =   ----    ----
   IDATA SIZE       =   ----    ----
   BIT SIZE         =   ----    ----
   EDATA SIZE       =   ----    ----
   HDATA SIZE       =   ----    ----
   XDATA CONST SIZE =   ----    ----
   FAR CONST SIZE   =   ----    ----
END OF MODULE INFORMATION.


C51 COMPILATION COMPLETE.  0 WARNING(S),  0 ERROR(S)
