C51 COMPILER V9.57.0.0   DS1302                                                            04/04/2019 20:02:44 PAGE 1   


C51 COMPILER V9.57.0.0, COMPILATION OF MODULE DS1302
OBJECT MODULE PLACED IN .\Objects\ds1302.obj
COMPILER INVOKED BY: C:\Keil_v5\C51\BIN\C51.EXE DS1302\ds1302.c OPTIMIZE(8,SPEED) BROWSE INCDIR(.\DS1302) DEBUG OBJECTEX
                    -TEND PRINT(.\Listings\ds1302.lst) TABS(2) OBJECT(.\Objects\ds1302.obj)

line level    source

   1          #include<ds1302.h>
   2          #include<intrins.h>
   3          
   4          uchar code writedate[]={0x8c,0x88,0x86,0x84,0x82,0x80,0x8a};
   5          uchar code readdate[]={0x8d,0x89,0x87,0x85,0x83,0x81,0x8b};
   6          
   7          uchar time[]={0x18,0x12,0x17,0x19,0x14,0x00,0x01};
   8          
   9          void ds1302_write(uchar add,uchar dat)
  10          {
  11   1        uchar i;
  12   1        CE=0;
  13   1        _nop_();
  14   1        SCLK=0;
  15   1        _nop_();
  16   1        CE=1;
  17   1        _nop_();
  18   1        for(i=0;i<8;i++)
  19   1        {
  20   2          IO=add & 0x01;
  21   2          add=add>>1;
  22   2          SCLK=1;
  23   2          _nop_();
  24   2          SCLK=0;
  25   2          _nop_();
  26   2        }
  27   1        for(i=0;i<8;i++)
  28   1        {
  29   2          IO=dat & 0x01;
  30   2          dat=dat>>1;
  31   2          SCLK=1;
  32   2          _nop_();
  33   2          SCLK=0;
  34   2          _nop_();
  35   2        }
  36   1        CE=0;
  37   1        _nop_();
  38   1      }
  39          
  40          uchar ds1302_read(uchar add)
  41          {
  42   1        uchar i,dat;
  43   1        CE=0;
  44   1        _nop_();
  45   1        SCLK=0;
  46   1        _nop_();
  47   1        CE=1;
  48   1        _nop_();
  49   1        for(i=0;i<8;i++)
  50   1        {
  51   2          IO=add&0x01;
  52   2          add=add>>1;
  53   2          SCLK=1;
  54   2          _nop_();
C51 COMPILER V9.57.0.0   DS1302                                                            04/04/2019 20:02:44 PAGE 2   

  55   2          SCLK=0;
  56   2          _nop_();
  57   2        }
  58   1        for(i=0;i<8;i++)
  59   1        {
  60   2          if(IO)
  61   2          dat=dat|0x80;
  62   2          dat=dat>>1;
  63   2          SCLK=0;
  64   2          _nop_();
  65   2          SCLK=1;
  66   2          _nop_();
  67   2        }
  68   1        CE=0;
  69   1        _nop_();
  70   1        SCLK=1;
  71   1        _nop_();
  72   1        IO=0;
  73   1        _nop_();
  74   1        IO=1;
  75   1        _nop_();
  76   1        return dat;
  77   1      }
  78          void ds1302_init()
  79          {
  80   1        uchar i;
  81   1        ds1302_write(0x8e,0x00);
  82   1        for(i=0;i<7;i++)
  83   1        {
  84   2            ds1302_write(writedate[i],time[i]);
  85   2        }
  86   1        ds1302_write(0x8e,0x80);
  87   1      }
  88          
  89          void read_time()
  90          {
  91   1        uchar i;
  92   1        for(i=0;i<7;i++)
  93   1        {
  94   2          time[i]=ds1302_read(readdate[i]);
  95   2        }
  96   1      }


MODULE INFORMATION:   STATIC OVERLAYABLE
   CODE SIZE        =    176    ----
   CONSTANT SIZE    =     14    ----
   XDATA SIZE       =   ----    ----
   PDATA SIZE       =   ----    ----
   DATA SIZE        =      7    ----
   IDATA SIZE       =   ----    ----
   BIT SIZE         =   ----    ----
END OF MODULE INFORMATION.


C51 COMPILATION COMPLETE.  0 WARNING(S),  0 ERROR(S)
