C51 COMPILER V9.00   MAIN                                                                  12/23/2018 14:09:39 PAGE 1   


C51 COMPILER V9.00, COMPILATION OF MODULE MAIN
OBJECT MODULE PLACED IN main.OBJ
COMPILER INVOKED BY: C:\0000000\keil4\C51\BIN\C51.EXE main.c BROWSE DEBUG OBJECTEXTEND

line level    source

   1          #include<reg52.h>
   2          
   3          typedef unsigned char uchar;
   4          typedef unsigned int uint;
   5          
   6          sbit LSA=P2^2;
   7          sbit LSB=P2^3;
   8          sbit LSC=P2^4;
   9          
  10          sbit OUT=P3^2; 
  11          
  12          uchar temp[6],time;
  13          
  14          uchar code smgduan[17]={0x3f,0x06,0x5b,0x4f,0x66,0x6d,0x7d,0x07,
  15                                                          0x7f,0x6f,0x77,0x7c,0x39,0x5e,0x79,0x71,0X76};
  16          void delay(uint iii)
  17          {
  18   1              while(iii--);
  19   1      }
  20          
  21          void int0_init()
  22          {
  23   1              EA=1;
  24   1              IT0=1;
  25   1              EX0=1;
  26   1      
  27   1              OUT=1;
  28   1      }
  29          
  30          void display()
  31          {
  32   1              uchar i;
  33   1              for(i=0;i<3;i++)
  34   1              {
  35   2                      switch(i)
  36   2                      {
  37   3                              case 0:LSC=0;LSB=0;LSA=0;
  38   3                              P0=smgduan[16];break;
  39   3                              case 1:LSC=0;LSB=0;LSA=1;
  40   3                              P0=smgduan[temp[2]%16];break;
  41   3                              case 2:LSC=0;LSB=1;LSA=0;
  42   3                              P0=smgduan[temp[2]/16];break;
  43   3                      }
  44   2                      delay(100);
  45   2                      P0=0x00;
  46   2              }
  47   1      }
  48          
  49          int main()
  50          {
  51   1              int0_init();
  52   1              while(1)
  53   1              {
  54   2                      display();
  55   2              }
C51 COMPILER V9.00   MAIN                                                                  12/23/2018 14:09:39 PAGE 2   

  56   1              return 0;
  57   1      }
  58          
  59          void int0() interrupt 0
  60          {
  61   1              uchar i,j;
  62   1              uint t;time=0;
  63   1              delay(700);
  64   1              if(OUT==0)
  65   1              {
  66   2                      t=1000;
  67   2                      while((OUT==0)&&(t>0))
  68   2                      {
  69   3                              delay(1);
  70   3                              t--;
  71   3                      }
  72   2                      if(OUT==1)
  73   2                      {
  74   3                              t=500;
  75   3                              while((OUT==1)&&(t>0))
  76   3                              {
  77   4                                      delay(1);
  78   4                                      t--;
  79   4                              }
  80   3                              for(i=0;i<4;i++)
  81   3                                      for(j=0;j<8;j++)
  82   3                                      {
  83   4                                              t=60;
  84   4                                              while((OUT==0)&&(t>0))
  85   4                                              {
  86   5                                                      delay(1);
  87   5                                                      t--;
  88   5                                              }
  89   4                                              t=500;
  90   4                                              while((t>0)&&(OUT==1))
  91   4                                              {
  92   5                                                      delay(10);
  93   5                                                      time++;
  94   5                                                      t--;
  95   5                                                      if(time>30)
  96   5                                                      {
  97   6                                                              return;
  98   6                                                      }                                               
  99   5                                              }
 100   4                                              temp[i]=temp[i]>>1;
 101   4                                              if(time>8)
 102   4                                              {
 103   5                                                      temp[i]=temp[i]|0x80;
 104   5                                              }
 105   4                                              time=0;
 106   4                                      }
 107   3                      }
 108   2                      if(temp[2]!=~temp[3])
 109   2                      {
 110   3                              return;
 111   3                      }                 
 112   2              }       
 113   1      
 114   1      }
 115          
 116          
 117          
C51 COMPILER V9.00   MAIN                                                                  12/23/2018 14:09:39 PAGE 3   

 118          
 119          
 120          


MODULE INFORMATION:   STATIC OVERLAYABLE
   CODE SIZE        =    333    ----
   CONSTANT SIZE    =     17    ----
   XDATA SIZE       =   ----    ----
   PDATA SIZE       =   ----    ----
   DATA SIZE        =      7       1
   IDATA SIZE       =   ----    ----
   BIT SIZE         =   ----    ----
END OF MODULE INFORMATION.


C51 COMPILATION COMPLETE.  0 WARNING(S),  0 ERROR(S)
