C51 COMPILER V9.01   MAIN                                                                  03/04/2019 21:29:46 PAGE 1   


C51 COMPILER V9.01, COMPILATION OF MODULE MAIN
OBJECT MODULE PLACED IN main.OBJ
COMPILER INVOKED BY: C:\Keil\C51\BIN\C51.EXE main.c BROWSE DEBUG OBJECTEXTEND

line level    source

   1          #include"stc89c5xrc.h"
   2          typedef unsigned char uchar;
   3          typedef unsigned int uint;
   4          
   5          sbit A38=P2^2;
   6          sbit B38=P2^3;
   7          sbit C38=P2^4;
   8          
   9          #define count 50000
  10          #define THx (65536-count)/256;
  11          #define TLx (65536-count)%256;
  12          
  13          uchar sec=0;
  14          uchar table[]={0x3f,0x06,0x5b,0x4f,0x66,0x6d,0x7d,0x07,0x7f,0x6f};
  15          
  16          void timer2_init(void){
  17   1              EXEN2=0;//关闭T2EX的跳变
  18   1              C_T2=0;//使用定时器功能
  19   1              RCLK=TCLK=0;//
  20   1              TR2=1;//启动定时器
  21   1              EA=1;ET2=1;//打开中断
  22   1      
  23   1              RCAP2L=TL2=TLx;//低八位
  24   1              RCAP2H=TH2=THx;//高八位
  25   1      }
  26          
  27          void main(void){
  28   1              A38=0;
  29   1              B38=0;
  30   1              C38=0;
  31   1              timer2_init();
  32   1              while(1){
  33   2              
  34   2              
  35   2                      P0=table[sec];
  36   2                      
  37   2                      
  38   2              }
  39   1      }
  40          void timer2() interrupt 5
  41          {
  42   1              static uchar i=0;
  43   1              TF2=0;//软件 清 标志位
  44   1              if(++i==20)
  45   1              {
  46   2                      i=0;
  47   2                      sec++;
  48   2                      if(sec==10)
  49   2                      {
  50   3                              sec=0;
  51   3                      }
  52   2              }
  53   1      }
  54          
  55          
C51 COMPILER V9.01   MAIN                                                                  03/04/2019 21:29:46 PAGE 2   

  56          
  57          
  58          
  59          
  60          
  61          
  62          
  63          
  64          
  65          
  66          
  67          
  68          
  69          
  70          
  71          
  72          
  73          
  74          


MODULE INFORMATION:   STATIC OVERLAYABLE
   CODE SIZE        =     77    ----
   CONSTANT SIZE    =   ----    ----
   XDATA SIZE       =   ----    ----
   PDATA SIZE       =   ----    ----
   DATA SIZE        =     12    ----
   IDATA SIZE       =   ----    ----
   BIT SIZE         =   ----    ----
END OF MODULE INFORMATION.


C51 COMPILATION COMPLETE.  0 WARNING(S),  0 ERROR(S)
