C51 COMPILER V9.01   MAIN                                                                  03/01/2019 19:55:37 PAGE 1   


C51 COMPILER V9.01, COMPILATION OF MODULE MAIN
OBJECT MODULE PLACED IN .\Objects\main.obj
COMPILER INVOKED BY: C:\Keil\C51\BIN\C51.EXE main.c BROWSE DEBUG OBJECTEXTEND PRINT(.\Listings\main.lst) OBJECT(.\Object
                    -s\main.obj)

line level    source

   1          #include<reg52.h>
   2          typedef unsigned char uchar;
   3          typedef unsigned int uint;
   4          
   5          #define date P0
   6          #define count 50000
   7          #define TH_0 (65536-count)/256
   8          #define TL_0 (65536-count)%256
   9          
  10          sbit dula=P2^0;
  11          sbit wela=P2^1;
  12          
  13          unsigned char code distab[16] = {0x3f,0x06,0x5b,0x4f,0x66,0x6d,0x7d, 
  14                                                                                                                                          0x07,0x7f,0x6f,0x77,0x7c,0x39,0x5e,0x79,0x71};
  15          uint sec=0,min=0,hour=0;
  16          
  17          void delay(uint iii)
  18          {
  19   1              while(iii--);
  20   1      }
  21          
  22          void display()
  23          {
  24   1              uchar j=0,dat;
  25   1              for(dat=0xfe;dat!=0xbf;dat=dat<<1|0x01)
  26   1              {
  27   2                      wela=1;
  28   2                      date=dat;
  29   2                      wela=0;
  30   2                      
  31   2                      dula=1;
  32   2                      switch(dat)
  33   2                      {
  34   3                              case 0xfe:date=distab[sec%10];break;
  35   3                              case 0xfd:date=distab[sec/10];break;
  36   3                              case 0xfb:date=distab[min%10]|0x80;break;
  37   3                              case 0xf7:date=distab[min/10];break;
  38   3                              case 0xef:date=distab[hour%10]|0x80;break;
  39   3                              case 0xdf:date=distab[hour/10];break;                   
  40   3                      }
  41   2                      dula=0;
  42   2                      
  43   2                      dula=1;          //Ïû
  44   2                      delay(100);
  45   2                      date=0x00;
  46   2                      dula=0;                 //Òþ
  47   2              }
  48   1              
  49   1      }
  50          void timer0_init()
  51          {
  52   1              TMOD=0x01;
  53   1              EA=1;ET0=1;TR0=1;
  54   1              TH0=TH_0;TL0=TL_0;
C51 COMPILER V9.01   MAIN                                                                  03/01/2019 19:55:37 PAGE 2   

  55   1      }
  56          void main()
  57          {
  58   1              timer0_init();
  59   1              while(1)
  60   1              {       
  61   2                      display();
  62   2              }
  63   1      }
  64          void timer0() interrupt 1
  65          {
  66   1              static uchar j;
  67   1              TH0=TH_0;TL0=TL_0;
  68   1              if(++j==20)
  69   1              {
  70   2                      j=0;
  71   2                      sec++;
  72   2                      if(sec==60)
  73   2                      {
  74   3                              sec=0;
  75   3                              min++;
  76   3                              if(min==60)
  77   3                              {
  78   4                                      min=0;
  79   4                                      hour++;
  80   4                                      if(hour==24)
  81   4                                      {
  82   5                                              hour=0;
  83   5                                      }
  84   4                              }
  85   3                      }
  86   2              }
  87   1      }


MODULE INFORMATION:   STATIC OVERLAYABLE
   CODE SIZE        =    314    ----
   CONSTANT SIZE    =     16    ----
   XDATA SIZE       =   ----    ----
   PDATA SIZE       =   ----    ----
   DATA SIZE        =      7       2
   IDATA SIZE       =   ----    ----
   BIT SIZE         =   ----    ----
END OF MODULE INFORMATION.


C51 COMPILATION COMPLETE.  0 WARNING(S),  0 ERROR(S)
