C51 COMPILER V9.01   MAIN                                                                  11/14/2020 17:18:57 PAGE 1   


C51 COMPILER V9.01, COMPILATION OF MODULE MAIN
OBJECT MODULE PLACED IN .\Output\main.obj
COMPILER INVOKED BY: F:\00000000\000exe\keil\C51\BIN\C51.EXE main.c BROWSE DEBUG OBJECTEXTEND OBJECT(.\Output\main.obj)

line level    source

   1          /*************************
   2          s1:南北   红     东西   绿
   3          s2:南北   红     东西   黄    k1切换模式
   4          s3:南北   绿     东西   红
   5          s4:南北   黄     东西   红
   6          *************************/
   7          #include<reg52.h>
   8          typedef unsigned char uchar;
   9          typedef unsigned int uint;
  10          
  11          #define count 50000
  12          #define TH_0 (65536-count)/256
  13          #define TL_0 (65536-count)%256
  14          
  15          sbit ew_led_r=P3^0;
  16          sbit ew_led_y=P3^1;
  17          sbit ew_led_g=P3^2;
  18          
  19          sbit ns_led_r=P3^3;
  20          sbit ns_led_y=P3^4;
  21          sbit ns_led_g=P3^5;
  22          
  23          sbit bit_0=P2^0;
  24          sbit bit_1=P2^1;
  25          
  26          sbit k1=P2^2;
  27          sbit k2=P2^3;
  28          sbit k3=P2^4;
  29          sbit k4=P2^5;
  30          
  31          uchar code duanxuan[]={0x3f,0x06,0x5b,0x4f,0x66,0x6d,0x7d,0x07,0x7f,0x6f};
  32          
  33          uchar sec=30;
  34          uchar flag=1;
  35          uchar temp=30;
  36          
  37          void delay(uint iii)
  38          {
  39   1              while(iii--);
  40   1      }
  41          void display()
  42          {
  43   1              if(flag==1||flag==2)    //状态1和状态2，东西比南北少2秒
  44   1              {
  45   2                      bit_0=0;bit_1=1;
  46   2              
  47   2                      P0=duanxuan[sec%10];
  48   2                      delay(100);P0=0x00;
  49   2                      if(sec>2)
  50   2                      {
  51   3                              P1=duanxuan[(sec-2)%10];
  52   3                              delay(200);P1=0x00;
  53   3                      }
  54   2                      else
  55   2                      {
C51 COMPILER V9.01   MAIN                                                                  11/14/2020 17:18:57 PAGE 2   

  56   3                              P1=duanxuan[sec%10];
  57   3                              delay(200);P1=0x00;
  58   3                      }
  59   2              
  60   2                      bit_0=1;bit_1=0;
  61   2                      
  62   2                      P0=duanxuan[sec/10];
  63   2                      delay(100);P0=0x00;
  64   2                      if(sec>2)
  65   2                      {
  66   3                              P1=duanxuan[(sec-2)/10];
  67   3                          delay(200);P1=0x00;
  68   3                      }
  69   2                      else
  70   2                      {
  71   3                              P1=duanxuan[sec/10];
  72   3                              delay(200);P1=0x00;
  73   3                      } 
  74   2              }
  75   1              else if(flag==3||flag==4)//状态3和状态4，南北比东西少2秒
  76   1              {
  77   2                      bit_0=0;bit_1=1;
  78   2              
  79   2                      P1=duanxuan[sec%10];
  80   2                      delay(100);P1=0x00;
  81   2                      if(sec>2)
  82   2                      {
  83   3                              P0=duanxuan[(sec-2)%10];
  84   3                              delay(200);P0=0x00;
  85   3                      }
  86   2                      else
  87   2                      {
  88   3                              P0=duanxuan[sec%10];
  89   3                              delay(200);P0=0x00;
  90   3                      }
  91   2              
  92   2                      bit_0=1;bit_1=0;
  93   2                      
  94   2                      P1=duanxuan[sec/10];
  95   2                      delay(100);P1=0x00;
  96   2                      if(sec>2)
  97   2                      {
  98   3                              P0=duanxuan[(sec-2)/10];
  99   3                          delay(200);P0=0x00;
 100   3                      }
 101   2                      else
 102   2                      {
 103   3                              P0=duanxuan[sec/10];
 104   3                              delay(200);P0=0x00;
 105   3                      }       
 106   2              }
 107   1              else if(flag==6||flag==7||flag==8)       //路口通行管理
 108   1              {
 109   2                      bit_0=0;bit_1=1;
 110   2      
 111   2                      P0=0x3f;
 112   2                      delay(100);P0=0x00;
 113   2                      P1=0x3f;
 114   2                      delay(100);P1=0x00;
 115   2      
 116   2                      bit_0=1;bit_1=0;
 117   2      
C51 COMPILER V9.01   MAIN                                                                  11/14/2020 17:18:57 PAGE 3   

 118   2                      P0=0x3f;
 119   2                      delay(100);P0=0x00;
 120   2                      P1=0x3f;
 121   2                      delay(100);P1=0x00;
 122   2              }
 123   1      }
 124          
 125          void timer_init()
 126          {
 127   1              TMOD=0x01;
 128   1              EA=1;ET0=1;TR0=1;
 129   1              TH0=TH_0;TL0=TL_0;
 130   1      }
 131          void led_display()
 132          {
 133   1              if(flag==1)     //s1
 134   1              {
 135   2                      ew_led_r=0;     
 136   2                      ew_led_g=1;
 137   2                      ew_led_y=1;
 138   2      
 139   2                      ns_led_r=1;
 140   2                      ns_led_g=0;
 141   2                      ns_led_y=1;
 142   2              }
 143   1              else if(flag==2) //s2
 144   1              {
 145   2                      ew_led_r=0;     
 146   2                      ew_led_g=1;
 147   2                      ew_led_y=1;
 148   2      
 149   2                      ns_led_r=1;
 150   2                      ns_led_g=1;
 151   2                      ns_led_y=0;
 152   2              }
 153   1              else if(flag==3) //s3
 154   1              {
 155   2                      ew_led_r=1;     
 156   2                      ew_led_g=0;
 157   2                      ew_led_y=1;
 158   2      
 159   2                      ns_led_r=0;
 160   2                      ns_led_g=1;
 161   2                      ns_led_y=1;
 162   2              }
 163   1              else if(flag==4)        //s4
 164   1              {
 165   2                      ew_led_r=1;     
 166   2                      ew_led_g=1;
 167   2                      ew_led_y=0;
 168   2      
 169   2                      ns_led_r=0;
 170   2                      ns_led_g=1;
 171   2                      ns_led_y=1;
 172   2              }
 173   1              else if(flag==5)         //回到s1
 174   1              {
 175   2                      flag=1;//一共四个状态
 176   2              }
 177   1              else if(flag==6)
 178   1              {
 179   2                      ew_led_r=1;     
C51 COMPILER V9.01   MAIN                                                                  11/14/2020 17:18:57 PAGE 4   

 180   2                      ew_led_g=1;
 181   2                      ew_led_y=0;
 182   2      
 183   2                      ns_led_r=1;
 184   2                      ns_led_g=1;
 185   2                      ns_led_y=0;
 186   2              }
 187   1              else if(flag==7)
 188   1              {
 189   2                      ew_led_r=1;     
 190   2                      ew_led_g=0;
 191   2                      ew_led_y=1;
 192   2      
 193   2                      ns_led_r=0;
 194   2                      ns_led_g=1;
 195   2                      ns_led_y=1;
 196   2              }
 197   1              else
 198   1              {
 199   2                      ew_led_r=0;     
 200   2                      ew_led_g=1;
 201   2                      ew_led_y=1;
 202   2      
 203   2                      ns_led_r=1;
 204   2                      ns_led_g=0;
 205   2                      ns_led_y=1;
 206   2              }
 207   1      }
 208          void key()
 209          {
 210   1              static bit k=0;
 211   1              static uchar i=0;
 212   1              if(k==0&&k1==0)
 213   1              {
 214   2                      delay(1000);
 215   2                      if(k1==0)
 216   2                      {
 217   3                              k=1;
 218   3                              i++;TR0=0;      
 219   3                      }
 220   2              }
 221   1              if(TR0==0&&k==0&&k2==0&&sec<=60&&(flag==1||flag==2||flag==3||flag==4))
 222   1              {
 223   2                      delay(1000);
 224   2                      if(k2==0)
 225   2                      {
 226   3                              sec=sec+2;
 227   3                              temp=sec;
 228   3                              k=1;
 229   3                      }
 230   2              }
 231   1              if(TR0==0&&k==0&&k3==0&&sec>=20&&(flag==1||flag==2||flag==3||flag==4))
 232   1              {
 233   2                      delay(1000);
 234   2                      if(k3==0)
 235   2                      {
 236   3                              sec=sec-2;
 237   3                              temp=sec;
 238   3                              k=1;    
 239   3                      }
 240   2              }
 241   1              if(k==0&&k4==0&&(flag==1||flag==2||flag==3||flag==4))
C51 COMPILER V9.01   MAIN                                                                  11/14/2020 17:18:57 PAGE 5   

 242   1              {
 243   2                      delay(1000);
 244   2                      if(k4==0)
 245   2                      {
 246   3                              TR0=~TR0;
 247   3                              k=1;    
 248   3                      }
 249   2              }
 250   1              if(k1==1&&k2==1&&k3==1&&k4==1)
 251   1              {
 252   2                      delay(1000);
 253   2                      if(k1==1&&k2==1&&k3==1&&k4==1)
 254   2                      {
 255   3                              k=0;
 256   3                      }
 257   2              }
 258   1              if(i==1)
 259   1              {
 260   2                      flag=6;
 261   2              }
 262   1              if(i==2)
 263   1              {
 264   2                      flag=7;
 265   2              }
 266   1              if(i==3)
 267   1              {
 268   2                      flag=8;
 269   2              }
 270   1              if(i==4)
 271   1              {
 272   2                      flag=1;
 273   2                      TR0=1; 
 274   2                      i=0;
 275   2              }
 276   1      }
 277          void main()
 278          {
 279   1              timer_init();
 280   1              while(1)
 281   1              {
 282   2                      display();
 283   2                      led_display();
 284   2                      key();
 285   2              }
 286   1      }
 287          
 288          void timer0() interrupt 1
 289          {
 290   1              static uchar jjj=0;
 291   1              TH0=TH_0;TL0=TL_0;
 292   1              if(++jjj==20)
 293   1              {
 294   2                      jjj=0;
 295   2                      sec--;
 296   2                      if(sec==0)
 297   2                      {
 298   3                              sec=temp;
 299   3                              flag++;//s3
 300   3                      
 301   3                      }               
 302   2                      if(sec-2==0)
 303   2                      {
C51 COMPILER V9.01   MAIN                                                                  11/14/2020 17:18:57 PAGE 6   

 304   3                              flag++;//s2        s4
 305   3                      }
 306   2              }
 307   1      }
 308          
 309          
 310          
 311          
 312          
 313          
 314          
 315          
 316          
 317          
 318          
 319          
 320          
 321          
 322          
 323          
 324          
 325          


MODULE INFORMATION:   STATIC OVERLAYABLE
   CODE SIZE        =    850    ----
   CONSTANT SIZE    =     10    ----
   XDATA SIZE       =   ----    ----
   PDATA SIZE       =   ----    ----
   DATA SIZE        =      5    ----
   IDATA SIZE       =   ----    ----
   BIT SIZE         =      1    ----
END OF MODULE INFORMATION.


C51 COMPILATION COMPLETE.  0 WARNING(S),  0 ERROR(S)
