C51 COMPILER V9.60.0.0   MAIN                                                              06/25/2019 18:53:46 PAGE 1   


C51 COMPILER V9.60.0.0, COMPILATION OF MODULE MAIN
OBJECT MODULE PLACED IN main.OBJ
COMPILER INVOKED BY: C:\Keil_v5\C51\BIN\C51.EXE main.c OPTIMIZE(8,SPEED) BROWSE DEBUG OBJECTEXTEND TABS(2)

line level    source

   1          #include <reg52.h>
   2          
   3          typedef unsigned char uchar;
   4          typedef unsigned int uint;
   5          
   6          sbit ON = P1^0;
   7          
   8          sbit k1 = P3^1;
   9          sbit k2 = P3^0;
  10          sbit k3 = P3^2;
  11          
  12          uchar speed = 20;
  13          
  14          
  15          void main()
  16          {
  17   1        TMOD = 0x02;
  18   1        EA=1;ET0=1;TR0=1;
  19   1        TH0=256-10;
  20   1        TL0=256-10;
  21   1        while(1)
  22   1        { 
  23   2          
  24   2          if( k1== 0 ){
  25   3            if( k1== 0 ){
  26   4              
  27   4              speed = 20;   
  28   4              
  29   4              while(k1 == 0);
  30   4            }
  31   3        }
  32   2        if( k2 == 0 ){
  33   3            if( k2== 0 ){
  34   4              
  35   4              speed = 50;   
  36   4              
  37   4              while(k2 == 0);
  38   4            }
  39   3        }
  40   2          
  41   2        if( k3== 0 ){
  42   3            if( k3== 0 ){
  43   4              
  44   4              speed = 90;   
  45   4              
  46   4              while(k3 == 0);
  47   4            }
  48   3        }
  49   2          
  50   2          
  51   2        }
  52   1      }
  53          void timer0() interrupt 1
  54          {
  55   1        static uchar i=0;
C51 COMPILER V9.60.0.0   MAIN                                                              06/25/2019 18:53:46 PAGE 2   

  56   1        i++;
  57   1        if(i>=100)
  58   1          i=0;
  59   1        if(i<speed)
  60   1          ON=1;
  61   1        else
  62   1          ON=0;
  63   1      }
  64          
  65          
  66          
  67          
  68          
  69          
  70          


MODULE INFORMATION:   STATIC OVERLAYABLE
   CODE SIZE        =     91    ----
   CONSTANT SIZE    =   ----    ----
   XDATA SIZE       =   ----    ----
   PDATA SIZE       =   ----    ----
   DATA SIZE        =      2    ----
   IDATA SIZE       =   ----    ----
   BIT SIZE         =   ----    ----
END OF MODULE INFORMATION.


C51 COMPILATION COMPLETE.  0 WARNING(S),  0 ERROR(S)
