C51 COMPILER V9.57.0.0   MAIN                                                              05/02/2019 16:25:15 PAGE 1   


C51 COMPILER V9.57.0.0, COMPILATION OF MODULE MAIN
OBJECT MODULE PLACED IN ..\Output\main.obj
COMPILER INVOKED BY: C:\Keil_v5\C51\BIN\C51.EXE ..\User\main.c OPTIMIZE(9,SPEED) BROWSE INCDIR(..\Library\inc;..\Library
                    -\src;..\Library\StartUp) DEBUG OBJECTEXTEND PRINT(..\Listing\main.lst) TABS(2) OBJECT(..\Output\main.obj)

line level    source

   1          #include "stc89c51.h"
   2          
   3          
   4          int main(void)
   5          {
   6   1          uchar value;
   7   1      
   8   1        IAP_Init();
   9   1        IAP_EraseSector(0x2000);
  10   1        IAP_WriteData(0x2000, 0x55);
  11   1        value = IAP_ReadData(0x2000);
  12   1        P1 = value;
  13   1      
  14   1        while (1);
  15   1      }


MODULE INFORMATION:   STATIC OVERLAYABLE
   CODE SIZE        =     30    ----
   CONSTANT SIZE    =   ----    ----
   XDATA SIZE       =   ----    ----
   PDATA SIZE       =   ----    ----
   DATA SIZE        =   ----    ----
   IDATA SIZE       =   ----    ----
   BIT SIZE         =   ----    ----
END OF MODULE INFORMATION.


C51 COMPILATION COMPLETE.  0 WARNING(S),  0 ERROR(S)
