C51 COMPILER V9.57.0.0   STC89C51_IT                                                       05/02/2019 16:25:15 PAGE 1   


C51 COMPILER V9.57.0.0, COMPILATION OF MODULE STC89C51_IT
OBJECT MODULE PLACED IN ..\Output\stc89c51_it.obj
COMPILER INVOKED BY: C:\Keil_v5\C51\BIN\C51.EXE ..\Library\src\stc89c51_it.c OPTIMIZE(9,SPEED) BROWSE INCDIR(..\Library\
                    -inc;..\Library\src;..\Library\StartUp) DEBUG OBJECTEXTEND PRINT(..\Listing\stc89c51_it.lst) TABS(2) OBJECT(..\Output\stc
                    -89c51_it.obj)

line level    source

   1          
   2          /*----------------- 中断服务函数 ------------------*/
   3          
   4          #include "stc89c51_it.h" 
   5          
   6          
   7          /*
   8           * bruef: 外部中断0的中断处理函数
   9           *        中断标志 IE0 执行中断服务程序后,硬件自动清除
  10           */
  11          void EXIT0_IRQHandler(void) interrupt 0
  12          {
  13   1      
  14   1      }
  15          
  16          
  17          /*
  18           * brief: 定时器0的中断处理函数
  19           *        TF1 开启中断，硬件自动清零
  20           */
  21          void TIM0_IRQHandler(void) interrupt 1
  22          {
  23   1          static uchar count = 0;
  24   1      
  25   1        TIM_SetReLoad(TIM0, Timing_50ms);
  26   1      
  27   1         if (count == 20)
  28   1         {
  29   2           P1 ^= 0xff;
  30   2           count = 0;
  31   2         }
  32   1      
  33   1         count++;
  34   1         
  35   1      }
  36          
  37          
  38          /*
  39           * brief: 外部中断1的中断处理函数 
  40           *        中断标志 IE1 执行中断服务程序后,硬件自动清除
  41           */
  42          void EXIT1_IRQHandler(void) interrupt 2
  43          {
  44   1      
  45   1      }
  46          
  47          
  48          /*
  49           * brief：定时器1的中断处理函数
  50           */
  51          void TIM1_IRQHandler(void) interrupt 3
  52          {
  53   1      
C51 COMPILER V9.57.0.0   STC89C51_IT                                                       05/02/2019 16:25:15 PAGE 2   

  54   1      }
  55          
  56          
  57          /*
  58           * brief：串口中断处理函数
  59           *        中断标志已在发送或接受函数中清除
  60           */
  61          void UART_IRQHandler(void) interrupt 4
  62          {
  63   1          if (RI != 0)  /* 当中断开启时，发送完成也会产生中断，所以需要判断 */
  64   1        {
  65   2      
  66   2        }
  67   1      } 
  68          
  69          
  70          /*
  71           * brief: 定时器2中断处理函数
  72           *        不需要重装载值，硬件自动重载
  73           */
  74          void TIM2_IRQHandler(void) interrupt 5
  75          {
  76   1      
  77   1      } 
  78          
  79          /*-------------------------------------- End Of File -----------------------------------------------------
             --*/


MODULE INFORMATION:   STATIC OVERLAYABLE
   CODE SIZE        =     83    ----
   CONSTANT SIZE    =   ----    ----
   XDATA SIZE       =   ----    ----
   PDATA SIZE       =   ----    ----
   DATA SIZE        =      1    ----
   IDATA SIZE       =   ----    ----
   BIT SIZE         =   ----    ----
END OF MODULE INFORMATION.


C51 COMPILATION COMPLETE.  0 WARNING(S),  0 ERROR(S)
