C51 COMPILER V9.57.0.0   LCD12864                                                          04/03/2019 19:57:57 PAGE 1   


C51 COMPILER V9.57.0.0, COMPILATION OF MODULE LCD12864
OBJECT MODULE PLACED IN .\Objects\LCD12864.obj
COMPILER INVOKED BY: C:\Keil_v5\C51\BIN\C51.EXE LCD12864.c OPTIMIZE(8,SPEED) BROWSE DEBUG OBJECTEXTEND PRINT(.\Listings\
                    -LCD12864.lst) TABS(2) OBJECT(.\Objects\LCD12864.obj)

line level    source

   1          #include"reg52.h"
   2          #include"lcd12864.h"
   3          #include"intrins.h"
   4          void delay(unsigned int i) {//延时
   5   1        while(i--);
   6   1      }
   7          unsigned char LCD_Read_Busy() {//读忙
   8   1        unsigned char Busy_count = 0;
   9   1        LCD_RS = 0;
  10   1        LCD_RW = 1;
  11   1        LCD_EN = 1;
  12   1        _nop_();
  13   1        Busy_count = (LCD_DATA&0X80)>>8;
  14   1        if(Busy_count == 0x01) {
  15   2          Busy_count = 1;
  16   2        }
  17   1        else {
  18   2          Busy_count = 0;
  19   2        }
  20   1        LCD_EN = 0;
  21   1        return Busy_count;
  22   1      }
  23          void LCD_WriteData(unsigned char dat) {//写指令
  24   1        while(LCD_Read_Busy == 1);
  25   1        LCD_RS = 1;
  26   1        LCD_RW = 0;
  27   1        _nop_();
  28   1        LCD_EN = 1;
  29   1        LCD_DATA = dat;
  30   1        _nop_();
  31   1        LCD_EN = 0;
  32   1        _nop_();
  33   1      }
  34          void LCD_WriteCmd(unsigned char dat) {//写数据 
  35   1        while(LCD_Read_Busy == 1);
  36   1        LCD_RS = 0;
  37   1        LCD_RW = 0;
  38   1        _nop_();
  39   1        LCD_EN = 1;
  40   1        LCD_DATA = dat;
  41   1        _nop_();
  42   1        LCD_EN = 0;
  43   1        _nop_();
  44   1      }
  45          void LCD_Pos(unsigned char X,unsigned char Y)
  46          {                          
  47   1         unsigned char pos;
  48   1         if (X==0)
  49   1           {X=0x80;}
  50   1         else if (X==1)
  51   1           {X=0x90;}
  52   1         else if (X==2)
  53   1           {X=0x88;}
  54   1         else if (X==3)
C51 COMPILER V9.57.0.0   LCD12864                                                          04/03/2019 19:57:57 PAGE 2   

  55   1           {X=0x98;}
  56   1         pos = X+Y ;  
  57   1         LCD_WriteCmd(pos);     //????
  58   1      }
  59          void LCD_Init()
  60          {
  61   1      
  62   1          LCD_PSB = 1;       
  63   1         
  64   1          LCD_WriteCmd(0x34);      
  65   1          delay(5);
  66   1          LCD_WriteCmd(0x30);    
  67   1          delay(5);
  68   1          LCD_WriteCmd(0x0C);     
  69   1          delay(5);
  70   1          LCD_WriteCmd(0x01);      
  71   1          delay(5);
  72   1      }
  73          
  74          
  75          
  76          
  77          
  78          


MODULE INFORMATION:   STATIC OVERLAYABLE
   CODE SIZE        =    145    ----
   CONSTANT SIZE    =   ----    ----
   XDATA SIZE       =   ----    ----
   PDATA SIZE       =   ----    ----
   DATA SIZE        =   ----    ----
   IDATA SIZE       =   ----    ----
   BIT SIZE         =   ----    ----
END OF MODULE INFORMATION.


C51 COMPILATION COMPLETE.  0 WARNING(S),  0 ERROR(S)
