C51 COMPILER V9.57.0.0   MAIN                                                              04/03/2019 19:55:19 PAGE 1   


C51 COMPILER V9.57.0.0, COMPILATION OF MODULE MAIN
OBJECT MODULE PLACED IN .\Objects\main.obj
COMPILER INVOKED BY: C:\Keil_v5\C51\BIN\C51.EXE main.c OPTIMIZE(8,SPEED) BROWSE DEBUG OBJECTEXTEND PRINT(.\Listings\main
                    -.lst) TABS(2) OBJECT(.\Objects\main.obj)

line level    source

   1          #include"reg52.h"
   2          #include"intrins.h"
   3          #include"lcd12864.h"
   4          
   5          
   6          
   7          
   8          void main(void){
   9   1        LCD_Init();
  10   1        LCD_Pos(0,0);
  11   1        LCD_WriteData("w");
*** WARNING C214 IN LINE 11 OF main.c: 'Argument': conversion: pointer to non-pointer
  12   1        
  13   1        delay(1);
  14   1        
  15   1        
  16   1        while(1) {
  17   2          
  18   2        }
  19   1      }
  20          
  21          
  22          
  23          
  24          
  25          
  26          
  27          
  28          
  29          
  30          
  31          
  32          


MODULE INFORMATION:   STATIC OVERLAYABLE
   CODE SIZE        =     23    ----
   CONSTANT SIZE    =      2    ----
   XDATA SIZE       =   ----    ----
   PDATA SIZE       =   ----    ----
   DATA SIZE        =   ----    ----
   IDATA SIZE       =   ----    ----
   BIT SIZE         =   ----    ----
END OF MODULE INFORMATION.


C51 COMPILATION COMPLETE.  1 WARNING(S),  0 ERROR(S)
