C51 COMPILER V9.57.0.0   MAIN                                                              03/21/2019 15:06:44 PAGE 1   


C51 COMPILER V9.57.0.0, COMPILATION OF MODULE MAIN
OBJECT MODULE PLACED IN .\Objects\main.obj
COMPILER INVOKED BY: C:\Keil_v5\C51\BIN\C51.EXE main.c OPTIMIZE(8,SPEED) BROWSE DEBUG OBJECTEXTEND PRINT(.\Listings\main
                    -.lst) TABS(2) OBJECT(.\Objects\main.obj)

line level    source

   1          #include<reg52.h>
   2          typedef unsigned char uchar;
   3          typedef unsigned int uint;
   4          
   5          #define led P2
   6          
   7          void delay(uint iii)
   8          {
   9   1        while(iii--);
  10   1      }
  11          
  12          //void led_ctrl()//Á÷Ë®µÆ
  13          //{
  14          //  for(led=0xfe;led!=0xff;led=(led<<1)|0x01)
  15          //  {
  16          //    delay(30000);
  17          //  }
  18          //  for(led=0xbf;led!=0xfe;led=(led>>1)|0x80)
  19          //  {
  20          //    delay(30000);
  21          //  }
  22          //}
  23          //void led_ctrl()//ÖðÁÁÖðÃð
  24          //{
  25          //  for(led=0xff;led!=0x00;led=led>>1|0x00)//0111 1111           0011 1111
  26          //  {
  27          //    delay(30000);
  28          //  }
  29          //  for(led=0x00;led!=0xff;led=led<<1|0x01)
  30          //  {
  31          //    delay(30000);
  32          //  }
  33          //  for(led=0xff;led!=0x00;led=led<<1|0x00)
  34          //  {
  35          //    delay(30000);
  36          //  }
  37          //  for(led=0x00;led!=0xff;led=led<<1|0x01)
  38          //  {
  39          //    delay(30000);
  40          //  }
  41          //}
  42          
  43          //void led_ctrl()
  44          //{
  45          //  uchar led1=0xe0,led2=0x07;
  46          //  for(led=(led1|led2);led!=0xff;led=(led1<<1|0x10)|(led2>>1|0x08))
  47          //  {
  48          //    delay(30000);
  49          //  }
  50          //}
  51          
  52          void led_ctrl()
  53          {
  54   1        for(led=0xe7;led!=0xff;led=((led/16)<<1|0x10)|((led%16)>>1|0x08))
C51 COMPILER V9.57.0.0   MAIN                                                              03/21/2019 15:06:44 PAGE 2   

  55   1        {
  56   2          delay(30000);
  57   2        }
  58   1      }
  59          
  60          
  61          void main()
  62          {
  63   1        while(1)
  64   1        {
  65   2          led_ctrl();
  66   2        }
  67   1      }
  68          


MODULE INFORMATION:   STATIC OVERLAYABLE
   CODE SIZE        =     55    ----
   CONSTANT SIZE    =   ----    ----
   XDATA SIZE       =   ----    ----
   PDATA SIZE       =   ----    ----
   DATA SIZE        =   ----    ----
   IDATA SIZE       =   ----    ----
   BIT SIZE         =   ----    ----
END OF MODULE INFORMATION.


C51 COMPILATION COMPLETE.  0 WARNING(S),  0 ERROR(S)
