C51 COMPILER V9.01   MAIN                                                                  11/14/2020 17:18:29 PAGE 1   


C51 COMPILER V9.01, COMPILATION OF MODULE MAIN
OBJECT MODULE PLACED IN .\Output\main.obj
COMPILER INVOKED BY: F:\00000000\000exe\keil\C51\BIN\C51.EXE main.c BROWSE DEBUG OBJECTEXTEND OBJECT(.\Output\main.obj)

line level    source

   1          /*************************
   2          s1:南北   红     东西   绿
   3          s2:南北   红     东西   黄    k1切换模式
   4          s3:南北   绿     东西   红
   5          s4:南北   黄     东西   红
   6          *************************/
   7          #include<reg52.h>
   8          typedef unsigned char uchar;
   9          typedef unsigned int uint;
  10          
  11          #define count 50000
  12          #define TH_0 (65536-count)/256
  13          #define TL_0 (65536-count)%256
  14          
  15          sbit ew_led_r=P3^0;
  16          sbit ew_led_y=P3^1;
  17          sbit ew_led_g=P3^2;
  18          
  19          sbit ns_led_r=P3^3;
  20          sbit ns_led_y=P3^4;
  21          sbit ns_led_g=P3^5;
  22          
  23          sbit bit_0=P2^0;
  24          sbit bit_1=P2^1;
  25          
  26          sbit k1=P2^2;
  27          
  28          uchar code duanxuan[]={0x3f,0x06,0x5b,0x4f,0x66,0x6d,0x7d,0x07,0x7f,0x6f};
  29          
  30          uchar sec=30;
  31          uchar flag=1;
  32          
  33          void delay(uint iii)
  34          {
  35   1              while(iii--);
  36   1      }
  37          void display()
  38          {
  39   1              if(flag==1||flag==2)    //状态1和状态2，东西比南北少2秒
  40   1              {
  41   2                      bit_0=0;bit_1=1;
  42   2              
  43   2                      P0=duanxuan[sec%10];
  44   2                      delay(100);P0=0x00;
  45   2                      if(sec>2)
  46   2                      {
  47   3                              P1=duanxuan[(sec-2)%10];
  48   3                              delay(200);P1=0x00;
  49   3                      }
  50   2                      else
  51   2                      {
  52   3                              P1=duanxuan[sec%10];
  53   3                              delay(200);P1=0x00;
  54   3                      }
  55   2              
C51 COMPILER V9.01   MAIN                                                                  11/14/2020 17:18:29 PAGE 2   

  56   2                      bit_0=1;bit_1=0;
  57   2                      
  58   2                      P0=duanxuan[sec/10];
  59   2                      delay(100);P0=0x00;
  60   2                      if(sec>2)
  61   2                      {
  62   3                              P1=duanxuan[(sec-2)/10];
  63   3                          delay(200);P1=0x00;
  64   3                      }
  65   2                      else
  66   2                      {
  67   3                              P1=duanxuan[sec/10];
  68   3                              delay(200);P1=0x00;
  69   3                      } 
  70   2              }
  71   1              else if(flag==3||flag==4)//状态3和状态4，南北比东西少2秒
  72   1              {
  73   2                      bit_0=0;bit_1=1;
  74   2              
  75   2                      P1=duanxuan[sec%10];
  76   2                      delay(100);P1=0x00;
  77   2                      if(sec>2)
  78   2                      {
  79   3                              P0=duanxuan[(sec-2)%10];
  80   3                              delay(200);P0=0x00;
  81   3                      }
  82   2                      else
  83   2                      {
  84   3                              P0=duanxuan[sec%10];
  85   3                              delay(200);P0=0x00;
  86   3                      }
  87   2              
  88   2                      bit_0=1;bit_1=0;
  89   2                      
  90   2                      P1=duanxuan[sec/10];
  91   2                      delay(100);P1=0x00;
  92   2                      if(sec>2)
  93   2                      {
  94   3                              P0=duanxuan[(sec-2)/10];
  95   3                          delay(200);P0=0x00;
  96   3                      }
  97   2                      else
  98   2                      {
  99   3                              P0=duanxuan[sec/10];
 100   3                              delay(200);P0=0x00;
 101   3                      }       
 102   2              }
 103   1              else if(flag==6||flag==7||flag==8)       //路口通行管理
 104   1              {
 105   2                      bit_0=0;bit_1=1;
 106   2      
 107   2                      P0=0x3f;
 108   2                      delay(100);P0=0x00;
 109   2                      P1=0x3f;
 110   2                      delay(100);P1=0x00;
 111   2      
 112   2                      bit_0=1;bit_1=0;
 113   2      
 114   2                      P0=0x3f;
 115   2                      delay(100);P0=0x00;
 116   2                      P1=0x3f;
 117   2                      delay(100);P1=0x00;
C51 COMPILER V9.01   MAIN                                                                  11/14/2020 17:18:29 PAGE 3   

 118   2              }
 119   1      }
 120          
 121          void timer_init()
 122          {
 123   1              TMOD=0x01;
 124   1              EA=1;ET0=1;TR0=1;
 125   1              TH0=TH_0;TL0=TL_0;
 126   1      }
 127          void led_display()
 128          {
 129   1              if(flag==1)     //s1
 130   1              {
 131   2                      ew_led_r=0;     
 132   2                      ew_led_g=1;
 133   2                      ew_led_y=1;
 134   2      
 135   2                      ns_led_r=1;
 136   2                      ns_led_g=0;
 137   2                      ns_led_y=1;
 138   2              }
 139   1              else if(flag==2) //s2
 140   1              {
 141   2                      ew_led_r=0;     
 142   2                      ew_led_g=1;
 143   2                      ew_led_y=1;
 144   2      
 145   2                      ns_led_r=1;
 146   2                      ns_led_g=1;
 147   2                      ns_led_y=0;
 148   2              }
 149   1              else if(flag==3) //s3
 150   1              {
 151   2                      ew_led_r=1;     
 152   2                      ew_led_g=0;
 153   2                      ew_led_y=1;
 154   2      
 155   2                      ns_led_r=0;
 156   2                      ns_led_g=1;
 157   2                      ns_led_y=1;
 158   2              }
 159   1              else if(flag==4)        //s4
 160   1              {
 161   2                      ew_led_r=1;     
 162   2                      ew_led_g=1;
 163   2                      ew_led_y=0;
 164   2      
 165   2                      ns_led_r=0;
 166   2                      ns_led_g=1;
 167   2                      ns_led_y=1;
 168   2              }
 169   1              else if(flag==5)         //回到s1
 170   1              {
 171   2                      flag=1;//一共四个状态
 172   2              }
 173   1              else if(flag==6)
 174   1              {
 175   2                      ew_led_r=1;     
 176   2                      ew_led_g=1;
 177   2                      ew_led_y=0;
 178   2      
 179   2                      ns_led_r=1;
C51 COMPILER V9.01   MAIN                                                                  11/14/2020 17:18:29 PAGE 4   

 180   2                      ns_led_g=1;
 181   2                      ns_led_y=0;
 182   2              }
 183   1              else if(flag==7)
 184   1              {
 185   2                      ew_led_r=1;     
 186   2                      ew_led_g=0;
 187   2                      ew_led_y=1;
 188   2      
 189   2                      ns_led_r=0;
 190   2                      ns_led_g=1;
 191   2                      ns_led_y=1;
 192   2              }
 193   1              else
 194   1              {
 195   2                      ew_led_r=0;     
 196   2                      ew_led_g=1;
 197   2                      ew_led_y=1;
 198   2      
 199   2                      ns_led_r=1;
 200   2                      ns_led_g=0;
 201   2                      ns_led_y=1;
 202   2              }
 203   1      }
 204          void key()
 205          {
 206   1              static bit k=0;
 207   1              static uchar i=0;
 208   1              if(k==0&&k1==0)
 209   1              {
 210   2                      delay(1000);
 211   2                      if(k1==0)
 212   2                      {
 213   3                              k=1;
 214   3                              i++;TR0=0;      
 215   3                      }
 216   2              }
 217   1              if(k1==1)
 218   1              {
 219   2                      delay(1000);
 220   2                      if(k1==1)
 221   2                      {
 222   3                              k=0;
 223   3                      }
 224   2              }
 225   1              if(i==1)
 226   1              {
 227   2                      flag=6;
 228   2              }
 229   1              if(i==2)
 230   1              {
 231   2                      flag=7;
 232   2              }
 233   1              if(i==3)
 234   1              {
 235   2                      flag=8;
 236   2              }
 237   1              if(i==4)
 238   1              {
 239   2                      flag=1;
 240   2                      TR0=1; 
 241   2                      i=0;
C51 COMPILER V9.01   MAIN                                                                  11/14/2020 17:18:29 PAGE 5   

 242   2              }
 243   1      }
 244          void main()
 245          {
 246   1              timer_init();
 247   1              while(1)
 248   1              {
 249   2                      display();
 250   2                      led_display();
 251   2                      key();
 252   2              }
 253   1      }
 254          
 255          void timer0() interrupt 1
 256          {
 257   1              static uchar jjj=0;
 258   1              TH0=TH_0;TL0=TL_0;
 259   1              if(++jjj==20)
 260   1              {
 261   2                      jjj=0;
 262   2                      sec--;
 263   2                      if(sec==0)
 264   2                      {
 265   3                              sec=30;
 266   3                              flag++;//s3
 267   3                      
 268   3                      }               
 269   2                      if(sec-2==0)
 270   2                      {
 271   3                              flag++;//s2        s4
 272   3                      }
 273   2              }
 274   1      }


MODULE INFORMATION:   STATIC OVERLAYABLE
   CODE SIZE        =    673    ----
   CONSTANT SIZE    =     10    ----
   XDATA SIZE       =   ----    ----
   PDATA SIZE       =   ----    ----
   DATA SIZE        =      4    ----
   IDATA SIZE       =   ----    ----
   BIT SIZE         =      1    ----
END OF MODULE INFORMATION.


C51 COMPILATION COMPLETE.  0 WARNING(S),  0 ERROR(S)
