C51 COMPILER V9.59.0.0   KEY                                                               05/19/2019 13:07:33 PAGE 1   


C51 COMPILER V9.59.0.0, COMPILATION OF MODULE KEY
OBJECT MODULE PLACED IN .\Objects\key.obj
COMPILER INVOKED BY: C:\Keil_v5\C51\BIN\C51.EXE key\key.c OPTIMIZE(8,SPEED) BROWSE INCDIR(.\DS1302;.\key) DEBUG OBJECTEX
                    -TEND PRINT(.\Listings\key.lst) TABS(2) OBJECT(.\Objects\key.obj)

line level    source

   1          #include "key.h"
   2          
   3          
   4          uchar read_key(){
   5   1        static uint key_time=0;//长短按时间判断
   6   1        static uchar key_state=0;//状态
   7   1        
   8   1        uchar key_count=0;//读键值 变量
   9   1        static uchar key_count2=0;//判断按键变量
  10   1        
  11   1        uchar key_return=0;//返回键值
  12   1        key_count=P3&0x0f;//读键值
  13   1        switch(key_state){
  14   2          case 0:
  15   2            if(key_count!=0x0f){
  16   3              key_time=0;
  17   3              key_count2=0;
  18   3              key_state=1;
  19   3            }break;
  20   2          case 1:
  21   2            if(key_count!=0x0f){
  22   3              key_time++;
  23   3              if(key_time>1){
  24   4                key_count2=key_count;
  25   4                key_state=2;
  26   4              }
  27   3            }
  28   2            else{
  29   3              key_state=0;
  30   3            }break;
  31   2          case 2:
  32   2            if(key_count==0x0f){
  33   3              switch(key_count2){
  34   4                case 0x0d:key_return=1;break;
  35   4                case 0x0e:key_return=2;break;
  36   4                case 0x0b:key_return=3;break;
  37   4                case 0x07:key_return=4;break;
  38   4              }
  39   3              key_state=0;
  40   3            }
  41   2            if(key_count!=0x0f){
  42   3              key_time++;
  43   3              if(key_time>90){
  44   4                switch(key_count){
  45   5                  case 0x0d:key_return=11;break;
  46   5                  case 0x0e:key_return=22;break;
  47   5                  case 0x0b:key_return=33;break;
  48   5                  case 0x07:key_return=44;break;
  49   5                }
  50   4                key_state=3;
  51   4              }
  52   3            }break;
  53   2            case 3:
  54   2              if(key_count==0x0f){
C51 COMPILER V9.59.0.0   KEY                                                               05/19/2019 13:07:33 PAGE 2   

  55   3                key_state=0;
  56   3              }break;
  57   2        }
  58   1        return key_return;
  59   1      }
  60          
  61          
  62          
  63          
  64          
  65          
  66          
  67          
  68          
  69          
  70          
  71          
  72          
  73          
  74          
  75          
  76          
  77          
  78          
  79          
  80          


MODULE INFORMATION:   STATIC OVERLAYABLE
   CODE SIZE        =    189    ----
   CONSTANT SIZE    =   ----    ----
   XDATA SIZE       =   ----    ----
   PDATA SIZE       =   ----    ----
   DATA SIZE        =      4    ----
   IDATA SIZE       =   ----    ----
   BIT SIZE         =   ----    ----
END OF MODULE INFORMATION.


C51 COMPILATION COMPLETE.  0 WARNING(S),  0 ERROR(S)
